Using pre-set license
Built from '6000.0/staging' branch; Version is '6000.0.38f1 (82314a941f2d) revision 8532298'; Using compiler version '193933523'; Build Type 'Release'
OS: 'Windows 10  (10.0.19045) 64bit Professional' Language: 'pt' Physical Memory: 7880 MB
BatchMode: 1, IsHumanControllingUs: 0, StartBugReporterOnCrash: 0, Is64bit: 1, IsPro: 1

COMMAND LINE ARGUMENTS:
C:\Program Files\Unity 6000.0.38f1\Editor\Unity.exe
-adb2
-batchMode
-noUpm
-name
AssetImportWorker15
-projectPath
C:/Users/25027188/Desktop/Projeto3-main/FunFairAdventures
-logFile
Logs/AssetImportWorker15.log
-srvPort
60076
-job-worker-count
9
-background-job-worker-count
8
-gc-helper-count
1
Successfully changed project path to: C:/Users/25027188/Desktop/Projeto3-main/FunFairAdventures
C:/Users/25027188/Desktop/Projeto3-main/FunFairAdventures
[UnityMemory] Configuration Parameters - Can be set up in boot.config
    "memorysetup-bucket-allocator-granularity=16"
    "memorysetup-bucket-allocator-bucket-count=8"
    "memorysetup-bucket-allocator-block-size=33554432"
    "memorysetup-bucket-allocator-block-count=8"
    "memorysetup-main-allocator-block-size=16777216"
    "memorysetup-thread-allocator-block-size=16777216"
    "memorysetup-gfx-main-allocator-block-size=16777216"
    "memorysetup-gfx-thread-allocator-block-size=16777216"
    "memorysetup-cache-allocator-block-size=4194304"
    "memorysetup-typetree-allocator-block-size=2097152"
    "memorysetup-profiler-bucket-allocator-granularity=16"
    "memorysetup-profiler-bucket-allocator-bucket-count=8"
    "memorysetup-profiler-bucket-allocator-block-size=33554432"
    "memorysetup-profiler-bucket-allocator-block-count=8"
    "memorysetup-profiler-allocator-block-size=16777216"
    "memorysetup-profiler-editor-allocator-block-size=1048576"
    "memorysetup-temp-allocator-size-main=16777216"
    "memorysetup-job-temp-allocator-block-size=2097152"
    "memorysetup-job-temp-allocator-block-size-background=1048576"
    "memorysetup-job-temp-allocator-reduction-small-platforms=262144"
    "memorysetup-allocator-temp-initial-block-size-main=262144"
    "memorysetup-allocator-temp-initial-block-size-worker=262144"
    "memorysetup-temp-allocator-size-background-worker=32768"
    "memorysetup-temp-allocator-size-job-worker=262144"
    "memorysetup-temp-allocator-size-preload-manager=33554432"
    "memorysetup-temp-allocator-size-nav-mesh-worker=65536"
    "memorysetup-temp-allocator-size-audio-worker=65536"
    "memorysetup-temp-allocator-size-cloud-worker=32768"
    "memorysetup-temp-allocator-size-gi-baking-worker=262144"
    "memorysetup-temp-allocator-size-gi-baking-worker=262144"
    "memorysetup-temp-allocator-size-gi-baking-worker=262144"
    "memorysetup-temp-allocator-size-gi-baking-worker=262144"
    "memorysetup-temp-allocator-size-gi-baking-worker=262144"
    "memorysetup-temp-allocator-size-gfx=262144"
Player connection [9212]  Target information:

Player connection [9212]  * "[IP] 10.1.34.82 [Port] 0 [Flags] 2 [Guid] 3101510969 [EditorId] 3101510969 [Version] 1048832 [Id] WindowsEditor(7,350-35) [Debug] 1 [PackageName] WindowsEditor [ProjectName] Editor" 

Player connection [9212]  * "[IP] 192.168.56.1 [Port] 0 [Flags] 2 [Guid] 3101510969 [EditorId] 3101510969 [Version] 1048832 [Id] WindowsEditor(7,350-35) [Debug] 1 [PackageName] WindowsEditor [ProjectName] Editor" 

Player connection [9212]  * "[IP] 172.26.208.1 [Port] 0 [Flags] 2 [Guid] 3101510969 [EditorId] 3101510969 [Version] 1048832 [Id] WindowsEditor(7,350-35) [Debug] 1 [PackageName] WindowsEditor [ProjectName] Editor" 

Player connection [9212] Host joined multi-casting on [225.0.0.222:54997]...
Player connection [9212] Host joined alternative multi-casting on [225.0.0.222:34997]...
JobSystem: Creating JobQueue using job-worker-count value 9
Input System module state changed to: Initialized.
[Physics::Module] Initialized fallback backend.
[Physics::Module] Id: 0xdecafbad
Library Redirect Path: Library/
[Physics::Module] Selected backend.
[Physics::Module] Name: PhysX
[Physics::Module] Id: 0xf2b8ea05
[Physics::Module] SDK Version: 4.1.2
[Physics::Module] Integration Version: 1.0.0
[Physics::Module] Threading Mode: Multi-Threaded
Refreshing native plugins compatible for Editor in 7.87 ms, found 3 plugins.
Preloading 0 native plugins for Editor in 0.00 ms.
Initialize engine version: 6000.0.38f1 (82314a941f2d)
[Subsystems] Discovering subsystems at path C:/Program Files/Unity 6000.0.38f1/Editor/Data/Resources/UnitySubsystems
[Subsystems] Discovering subsystems at path C:/Users/25027188/Desktop/Projeto3-main/FunFairAdventures/Assets
GfxDevice: creating device client; kGfxThreadingModeNonThreaded
Direct3D:
    Version:  Direct3D 11.0 [level 11.1]
    Renderer: Intel(R) UHD Graphics 770 (ID=0x4680)
    Vendor:   Intel
    VRAM:     3940 MB
    Driver:   32.0.101.6078
Initialize mono
Mono path[0] = 'C:/Program Files/Unity 6000.0.38f1/Editor/Data/Managed'
Mono path[1] = 'C:/Program Files/Unity 6000.0.38f1/Editor/Data/MonoBleedingEdge/lib/mono/unityjit-win32'
Mono config path = 'C:/Program Files/Unity 6000.0.38f1/Editor/Data/MonoBleedingEdge/etc'
Using monoOptions --debugger-agent=transport=dt_socket,embedding=1,server=y,suspend=n,address=127.0.0.1:56916
Begin MonoManager ReloadAssembly
Registering precompiled unity dll's ...
Register platform support module: C:/Program Files/Unity 6000.0.38f1/Editor/Data/PlaybackEngines/WebGLSupport/UnityEditor.WebGL.Extensions.dll
Register platform support module: C:/Program Files/Unity 6000.0.38f1/Editor/Data/PlaybackEngines/VisionOSPlayer/UnityEditor.VisionOS.Extensions.dll
Register platform support module: C:/Program Files/Unity 6000.0.38f1/Editor/Data/PlaybackEngines/WindowsStandaloneSupport/UnityEditor.WindowsStandalone.Extensions.dll
Register platform support module: C:/Program Files/Unity 6000.0.38f1/Editor/Data/PlaybackEngines/MetroSupport/UnityEditor.UWP.Extensions.dll
Register platform support module: C:/Program Files/Unity 6000.0.38f1/Editor/Data/PlaybackEngines/AndroidPlayer/UnityEditor.Android.Extensions.dll
Register platform support module: C:/Program Files/Unity 6000.0.38f1/Editor/Data/PlaybackEngines/iOSSupport/UnityEditor.iOS.Extensions.dll
Register platform support module: C:/Program Files/Unity 6000.0.38f1/Editor/Data/PlaybackEngines/LinuxStandaloneSupport/UnityEditor.LinuxStandalone.Extensions.dll
Registered in 0.073083 seconds.
- Loaded All Assemblies, in  1.019 seconds
Native extension for LinuxStandalone target not found
[usbmuxd] Start listen thread
[usbmuxd] Listen thread started
Native extension for iOS target not found
Native extension for Android target not found
Native extension for UWP target not found
Native extension for WindowsStandalone target not found
Failed to load: C:/Program Files/Unity 6000.0.38f1/Editor/Data/PlaybackEngines/VisionOSPlayer\x64\UnityEditor.VisionOS.Native.dll
Native extension for VisionOS target not found
Native extension for WebGL target not found
Mono: successfully reloaded assembly
- Finished resetting the current domain, in  0.607 seconds
Domain Reload Profiling: 1622ms
	BeginReloadAssembly (417ms)
		ExecutionOrderSort (0ms)
		DisableScriptedObjects (0ms)
		BackupInstance (0ms)
		ReleaseScriptingObjects (0ms)
		CreateAndSetChildDomain (2ms)
	RebuildCommonClasses (84ms)
	RebuildNativeTypeToScriptingClass (24ms)
	initialDomainReloadingComplete (184ms)
	LoadAllAssembliesAndSetupDomain (305ms)
		LoadAssemblies (410ms)
		RebuildTransferFunctionScriptingTraits (0ms)
		AnalyzeDomain (298ms)
			TypeCache.Refresh (295ms)
				TypeCache.ScanAssembly (274ms)
			BuildScriptInfoCaches (0ms)
			ResolveRequiredComponents (2ms)
	FinalizeReload (607ms)
		ReleaseScriptCaches (0ms)
		RebuildScriptCaches (0ms)
		SetupLoadedEditorAssemblies (545ms)
			LogAssemblyErrors (0ms)
			InitializePlatformSupportModulesInManaged (204ms)
			SetLoadedEditorAssemblies (6ms)
			BeforeProcessingInitializeOnLoad (76ms)
			ProcessInitializeOnLoadAttributes (181ms)
			ProcessInitializeOnLoadMethodAttributes (79ms)
			AfterProcessingInitializeOnLoad (0ms)
			EditorAssembliesLoaded (0ms)
		ExecutionOrderSort2 (0ms)
		AwakeInstancesAfterBackupRestoration (0ms)
========================================================================
Worker process is ready to serve import requests
Import Worker Mode flag is 0x00
Begin MonoManager ReloadAssembly
- Loaded All Assemblies, in  2.221 seconds
Refreshing native plugins compatible for Editor in 1.86 ms, found 3 plugins.
Native extension for LinuxStandalone target not found
Native extension for iOS target not found
Native extension for Android target not found
Native extension for UWP target not found
Native extension for WindowsStandalone target not found
Failed to load: C:/Program Files/Unity 6000.0.38f1/Editor/Data/PlaybackEngines/VisionOSPlayer\x64\UnityEditor.VisionOS.Native.dll
Native extension for VisionOS target not found
Native extension for WebGL target not found
Mono: successfully reloaded assembly
- Finished resetting the current domain, in  1.130 seconds
Domain Reload Profiling: 3342ms
	BeginReloadAssembly (298ms)
		ExecutionOrderSort (0ms)
		DisableScriptedObjects (10ms)
		BackupInstance (0ms)
		ReleaseScriptingObjects (0ms)
		CreateAndSetChildDomain (43ms)
	RebuildCommonClasses (49ms)
	RebuildNativeTypeToScriptingClass (17ms)
	initialDomainReloadingComplete (61ms)
	LoadAllAssembliesAndSetupDomain (1787ms)
		LoadAssemblies (1205ms)
		RebuildTransferFunctionScriptingTraits (0ms)
		AnalyzeDomain (766ms)
			TypeCache.Refresh (587ms)
				TypeCache.ScanAssembly (499ms)
			BuildScriptInfoCaches (153ms)
			ResolveRequiredComponents (20ms)
	FinalizeReload (1130ms)
		ReleaseScriptCaches (0ms)
		RebuildScriptCaches (0ms)
		SetupLoadedEditorAssemblies (897ms)
			LogAssemblyErrors (0ms)
			InitializePlatformSupportModulesInManaged (47ms)
			SetLoadedEditorAssemblies (6ms)
			BeforeProcessingInitializeOnLoad (153ms)
			ProcessInitializeOnLoadAttributes (564ms)
			ProcessInitializeOnLoadMethodAttributes (118ms)
			AfterProcessingInitializeOnLoad (9ms)
			EditorAssembliesLoaded (0ms)
		ExecutionOrderSort2 (0ms)
		AwakeInstancesAfterBackupRestoration (10ms)
Launched and connected shader compiler UnityShaderCompiler.exe after 0.01 seconds
Refreshing native plugins compatible for Editor in 1.39 ms, found 3 plugins.
Preloading 0 native plugins for Editor in 0.00 ms.
Unloading 213 Unused Serialized files (Serialized files now loaded: 0)
Unloading 5961 unused Assets / (3.1 MB). Loaded Objects now: 6683.
Memory consumption went from 171.5 MB to 168.5 MB.
Total: 10.739400 ms (FindLiveObjects: 1.087600 ms CreateObjectMapping: 0.737400 ms MarkObjects: 6.530500 ms  DeleteObjects: 2.380900 ms)

========================================================================
Received Import Request.
  Time since last request: 11915.598786 seconds.
  path: Assets/Assets Cidade/Models/OBJ format/building-type-a.obj
  artifactKey: Guid(175ac5231e3ece147a72692dc27ebb50) Importer(815301076,1909f56bfc062723c751e8b465ee728b)
Start importing Assets/Assets Cidade/Models/OBJ format/building-type-a.obj using Guid(175ac5231e3ece147a72692dc27ebb50) Importer(815301076,1909f56bfc062723c751e8b465ee728b) (PreviewImporter) -> (artifact id: '94b618948dccfdbc3a478589b94576f6') in 1.0612042 seconds
Number of updated asset objects reloaded before import = 0Number of asset objects unloaded after import = 11

========================================================================
Received Import Request.
  Time since last request: 1.330139 seconds.
  path: Assets/Assets Cidade/Models/OBJ format/building-type-p.obj
  artifactKey: Guid(bbc3076b279f30144b57353f7e9c391b) Importer(815301076,1909f56bfc062723c751e8b465ee728b)
Start importing Assets/Assets Cidade/Models/OBJ format/building-type-p.obj using Guid(bbc3076b279f30144b57353f7e9c391b) Importer(815301076,1909f56bfc062723c751e8b465ee728b) (PreviewImporter) -> (artifact id: '19af85773a34d0ed536d57f84a275e80') in 0.0704838 seconds
Number of updated asset objects reloaded before import = 0Number of asset objects unloaded after import = 11

========================================================================
Received Import Request.
  Time since last request: 1.040514 seconds.
  path: Assets/Assets Cidade/Models/OBJ format/building-type-u.obj
  artifactKey: Guid(2b56c1336ecb7ec45bc7836d21570df4) Importer(815301076,1909f56bfc062723c751e8b465ee728b)
Start importing Assets/Assets Cidade/Models/OBJ format/building-type-u.obj using Guid(2b56c1336ecb7ec45bc7836d21570df4) Importer(815301076,1909f56bfc062723c751e8b465ee728b) (PreviewImporter) -> (artifact id: '49d895cc5ca60befb5d185defe4cdde0') in 0.0596682 seconds
Number of updated asset objects reloaded before import = 0Number of asset objects unloaded after import = 11

========================================================================
Received Import Request.
  Time since last request: 0.549387 seconds.
  path: Assets/Assets Cidade/Models/OBJ format/fence-1x3.obj
  artifactKey: Guid(6b63e01ae67894a45b7c29eef3a5c721) Importer(815301076,1909f56bfc062723c751e8b465ee728b)
Start importing Assets/Assets Cidade/Models/OBJ format/fence-1x3.obj using Guid(6b63e01ae67894a45b7c29eef3a5c721) Importer(815301076,1909f56bfc062723c751e8b465ee728b) (PreviewImporter) -> (artifact id: 'b2f15d28e1c0d7f3e1e9a28e43079fc8') in 0.0558135 seconds
Number of updated asset objects reloaded before import = 0Number of asset objects unloaded after import = 11

========================================================================
Received Import Request.
  Time since last request: 0.575073 seconds.
  path: Assets/Assets Cidade/Models/OBJ format/fence-3x3.obj
  artifactKey: Guid(f46eb862d3551884498f867c815d938d) Importer(815301076,1909f56bfc062723c751e8b465ee728b)
Start importing Assets/Assets Cidade/Models/OBJ format/fence-3x3.obj using Guid(f46eb862d3551884498f867c815d938d) Importer(815301076,1909f56bfc062723c751e8b465ee728b) (PreviewImporter) -> (artifact id: 'a6f84cead252ca1854c2d2dbfc77559b') in 0.0572599 seconds
Number of updated asset objects reloaded before import = 0Number of asset objects unloaded after import = 11

========================================================================
Received Import Request.
  Time since last request: 0.340990 seconds.
  path: Assets/Assets Cidade/Models/OBJ format/path-stones-messy.obj
  artifactKey: Guid(4ddce50f96eb90540b15a2231ca97466) Importer(815301076,1909f56bfc062723c751e8b465ee728b)
Start importing Assets/Assets Cidade/Models/OBJ format/path-stones-messy.obj using Guid(4ddce50f96eb90540b15a2231ca97466) Importer(815301076,1909f56bfc062723c751e8b465ee728b) (PreviewImporter) -> (artifact id: 'e1ed14198da0312f572b4d07037605fa') in 0.0542761 seconds
Number of updated asset objects reloaded before import = 0Number of asset objects unloaded after import = 11

========================================================================
Received Import Request.
  Time since last request: 3048.773750 seconds.
  path: Assets/LowPolyBoy/AmusementPark
  artifactKey: Guid(710c373696f0ba14ca37a65475667d40) Importer(815301076,1909f56bfc062723c751e8b465ee728b)
Start importing Assets/LowPolyBoy/AmusementPark using Guid(710c373696f0ba14ca37a65475667d40) Importer(815301076,1909f56bfc062723c751e8b465ee728b) (PreviewImporter) -> (artifact id: '91974794bcad2cb83974e9a9bf46b614') in 0.0015979 seconds
Number of updated asset objects reloaded before import = 0Number of asset objects unloaded after import = 0

========================================================================
Received Import Request.
  Time since last request: 5.015201 seconds.
  path: Assets/LowPolyBoy/AmusementPark/Models
  artifactKey: Guid(ecb9e0f11b83eb141a8d2d304e72b533) Importer(815301076,1909f56bfc062723c751e8b465ee728b)
Start importing Assets/LowPolyBoy/AmusementPark/Models using Guid(ecb9e0f11b83eb141a8d2d304e72b533) Importer(815301076,1909f56bfc062723c751e8b465ee728b) (PreviewImporter) -> (artifact id: 'bd66a6e123d7b28d18314c1a2163d25e') in 0.0045874 seconds
Number of updated asset objects reloaded before import = 0Number of asset objects unloaded after import = 0

========================================================================
Received Import Request.
  Time since last request: 0.027643 seconds.
  path: Assets/LowPolyBoy/AmusementPark/Models/lpb_entrance.fbx
  artifactKey: Guid(00d2c76efb70a6d44add0aa7ab3e6e3d) Importer(815301076,1909f56bfc062723c751e8b465ee728b)
Start importing Assets/LowPolyBoy/AmusementPark/Models/lpb_entrance.fbx using Guid(00d2c76efb70a6d44add0aa7ab3e6e3d) Importer(815301076,1909f56bfc062723c751e8b465ee728b) (PreviewImporter) -> (artifact id: 'af2519ad44e870a5b2b9b8712cf0a0e7') in 0.0397578 seconds
Number of updated asset objects reloaded before import = 0Number of asset objects unloaded after import = 9

========================================================================
Received Import Request.
  Time since last request: 0.000047 seconds.
  path: Assets/LowPolyBoy/AmusementPark/Models/lpb_fence_8.fbx
  artifactKey: Guid(0a8b6866e15f47d42afc1f796d2b7a3e) Importer(815301076,1909f56bfc062723c751e8b465ee728b)
Start importing Assets/LowPolyBoy/AmusementPark/Models/lpb_fence_8.fbx using Guid(0a8b6866e15f47d42afc1f796d2b7a3e) Importer(815301076,1909f56bfc062723c751e8b465ee728b) (PreviewImporter) -> (artifact id: 'aec61719fd924374ca1ac612d24d9fd2') in 0.0239232 seconds
Number of updated asset objects reloaded before import = 0Number of asset objects unloaded after import = 9

========================================================================
Received Import Request.
  Time since last request: 0.000066 seconds.
  path: Assets/LowPolyBoy/AmusementPark/Models/lpb_food_hakdog.fbx
  artifactKey: Guid(83e0c8404cc18834dacd1bc443f8a2e4) Importer(815301076,1909f56bfc062723c751e8b465ee728b)
Start importing Assets/LowPolyBoy/AmusementPark/Models/lpb_food_hakdog.fbx using Guid(83e0c8404cc18834dacd1bc443f8a2e4) Importer(815301076,1909f56bfc062723c751e8b465ee728b) (PreviewImporter) -> (artifact id: '3d038a9b1fa2dfda2900a5e06659abf3') in 0.0250226 seconds
Number of updated asset objects reloaded before import = 0Number of asset objects unloaded after import = 9

========================================================================
Received Import Request.
  Time since last request: 0.000061 seconds.
  path: Assets/LowPolyBoy/AmusementPark/Models/lpb_food_kwekkwek.fbx
  artifactKey: Guid(666f0e3328b058e47a53963a83d719fd) Importer(815301076,1909f56bfc062723c751e8b465ee728b)
Start importing Assets/LowPolyBoy/AmusementPark/Models/lpb_food_kwekkwek.fbx using Guid(666f0e3328b058e47a53963a83d719fd) Importer(815301076,1909f56bfc062723c751e8b465ee728b) (PreviewImporter) -> (artifact id: 'aceab458054a9bb7f03bb3a9ae04d5d7') in 0.0278075 seconds
Number of updated asset objects reloaded before import = 0Number of asset objects unloaded after import = 9

========================================================================
Received Import Request.
  Time since last request: 0.000089 seconds.
  path: Assets/LowPolyBoy/AmusementPark/Models/lpb_fence_16.fbx
  artifactKey: Guid(d4422c1cb53c9784c9532aa9dba68a14) Importer(815301076,1909f56bfc062723c751e8b465ee728b)
Start importing Assets/LowPolyBoy/AmusementPark/Models/lpb_fence_16.fbx using Guid(d4422c1cb53c9784c9532aa9dba68a14) Importer(815301076,1909f56bfc062723c751e8b465ee728b) (PreviewImporter) -> (artifact id: '7262472ac3c22f290e1597876f1dca61') in 0.0238906 seconds
Number of updated asset objects reloaded before import = 0Number of asset objects unloaded after import = 9

========================================================================
Received Import Request.
  Time since last request: 0.000048 seconds.
  path: Assets/LowPolyBoy/AmusementPark/Models/lpb_fence_13.fbx
  artifactKey: Guid(becb747f419d80544bc5f2a77ee5efd9) Importer(815301076,1909f56bfc062723c751e8b465ee728b)
Start importing Assets/LowPolyBoy/AmusementPark/Models/lpb_fence_13.fbx using Guid(becb747f419d80544bc5f2a77ee5efd9) Importer(815301076,1909f56bfc062723c751e8b465ee728b) (PreviewImporter) -> (artifact id: '950b103f376f4230af94ab16d4e02f4f') in 0.0234826 seconds
Number of updated asset objects reloaded before import = 0Number of asset objects unloaded after import = 9

========================================================================
Received Import Request.
  Time since last request: 0.000066 seconds.
  path: Assets/LowPolyBoy/AmusementPark/Models/lpb_fence_2.fbx
  artifactKey: Guid(ad46b1ed4323f644d932034ef2ce3db8) Importer(815301076,1909f56bfc062723c751e8b465ee728b)
Start importing Assets/LowPolyBoy/AmusementPark/Models/lpb_fence_2.fbx using Guid(ad46b1ed4323f644d932034ef2ce3db8) Importer(815301076,1909f56bfc062723c751e8b465ee728b) (PreviewImporter) -> (artifact id: '5a3df657a352b5858a8a1f3122ee9c82') in 0.0281369 seconds
Number of updated asset objects reloaded before import = 0Number of asset objects unloaded after import = 9

========================================================================
Received Import Request.
  Time since last request: 0.000050 seconds.
  path: Assets/LowPolyBoy/AmusementPark/Models/lpb_fence_6.fbx
  artifactKey: Guid(1067b523e2928a048bc1505a8b948da6) Importer(815301076,1909f56bfc062723c751e8b465ee728b)
Start importing Assets/LowPolyBoy/AmusementPark/Models/lpb_fence_6.fbx using Guid(1067b523e2928a048bc1505a8b948da6) Importer(815301076,1909f56bfc062723c751e8b465ee728b) (PreviewImporter) -> (artifact id: '04f7e8f403c7ee812eb926c2b5c291eb') in 0.0233648 seconds
Number of updated asset objects reloaded before import = 0Number of asset objects unloaded after import = 9

========================================================================
Received Import Request.
  Time since last request: 0.000099 seconds.
  path: Assets/LowPolyBoy/AmusementPark/Models/lpb_fence_7.fbx
  artifactKey: Guid(d29eabe1dc8219b40b98ec83a7bdbd0b) Importer(815301076,1909f56bfc062723c751e8b465ee728b)
Start importing Assets/LowPolyBoy/AmusementPark/Models/lpb_fence_7.fbx using Guid(d29eabe1dc8219b40b98ec83a7bdbd0b) Importer(815301076,1909f56bfc062723c751e8b465ee728b) (PreviewImporter) -> (artifact id: '1a277b542efdb03b9966c8c99ee44e7e') in 0.0265079 seconds
Number of updated asset objects reloaded before import = 0Number of asset objects unloaded after import = 9

========================================================================
Received Import Request.
  Time since last request: 0.000091 seconds.
  path: Assets/LowPolyBoy/AmusementPark/Models/lpb_fence_14.fbx
  artifactKey: Guid(5ab07e37b21e3a040987b75e888dd35b) Importer(815301076,1909f56bfc062723c751e8b465ee728b)
Start importing Assets/LowPolyBoy/AmusementPark/Models/lpb_fence_14.fbx using Guid(5ab07e37b21e3a040987b75e888dd35b) Importer(815301076,1909f56bfc062723c751e8b465ee728b) (PreviewImporter) -> (artifact id: 'babe6abc301517bc82ee7db09e60c069') in 0.0256864 seconds
Number of updated asset objects reloaded before import = 0Number of asset objects unloaded after import = 9

========================================================================
Received Import Request.
  Time since last request: 0.000084 seconds.
  path: Assets/LowPolyBoy/AmusementPark/Models/lpb_food_hotdog.fbx
  artifactKey: Guid(ac0eb5d563c86a64486d70ebcc82bbbb) Importer(815301076,1909f56bfc062723c751e8b465ee728b)
Start importing Assets/LowPolyBoy/AmusementPark/Models/lpb_food_hotdog.fbx using Guid(ac0eb5d563c86a64486d70ebcc82bbbb) Importer(815301076,1909f56bfc062723c751e8b465ee728b) (PreviewImporter) -> (artifact id: 'ee4232914782fa2f78479d07b8a68597') in 0.0278107 seconds
Number of updated asset objects reloaded before import = 0Number of asset objects unloaded after import = 9

========================================================================
Received Import Request.
  Time since last request: 0.000043 seconds.
  path: Assets/LowPolyBoy/AmusementPark/Models/lpb_fence_5.fbx
  artifactKey: Guid(0bc25f2128603f34cb77977d2029b1fc) Importer(815301076,1909f56bfc062723c751e8b465ee728b)
Start importing Assets/LowPolyBoy/AmusementPark/Models/lpb_fence_5.fbx using Guid(0bc25f2128603f34cb77977d2029b1fc) Importer(815301076,1909f56bfc062723c751e8b465ee728b) (PreviewImporter) -> (artifact id: '20b47f3128e87652aabadea72194be78') in 0.029788 seconds
Number of updated asset objects reloaded before import = 0Number of asset objects unloaded after import = 9

========================================================================
Received Import Request.
  Time since last request: 0.000057 seconds.
  path: Assets/LowPolyBoy/AmusementPark/Models/lpb_fence_15.fbx
  artifactKey: Guid(508d1df7282bec64aa1a8eb3e2279ec2) Importer(815301076,1909f56bfc062723c751e8b465ee728b)
Start importing Assets/LowPolyBoy/AmusementPark/Models/lpb_fence_15.fbx using Guid(508d1df7282bec64aa1a8eb3e2279ec2) Importer(815301076,1909f56bfc062723c751e8b465ee728b) (PreviewImporter) -> (artifact id: 'afaa9c9ba3e84f9556bd3a28d25e07c9') in 0.031037 seconds
Number of updated asset objects reloaded before import = 0Number of asset objects unloaded after import = 9

========================================================================
Received Import Request.
  Time since last request: 0.000086 seconds.
  path: Assets/LowPolyBoy/AmusementPark/Models/lpb_food_fishball.fbx
  artifactKey: Guid(4c36e8982072da246ae4f48598a2e645) Importer(815301076,1909f56bfc062723c751e8b465ee728b)
Start importing Assets/LowPolyBoy/AmusementPark/Models/lpb_food_fishball.fbx using Guid(4c36e8982072da246ae4f48598a2e645) Importer(815301076,1909f56bfc062723c751e8b465ee728b) (PreviewImporter) -> (artifact id: '3d69ef50376353fe7cefd3a2fcbd6f30') in 0.0317763 seconds
Number of updated asset objects reloaded before import = 0Number of asset objects unloaded after import = 9

========================================================================
Received Import Request.
  Time since last request: 0.000098 seconds.
  path: Assets/LowPolyBoy/AmusementPark/Models/lpb_food_pancake.fbx
  artifactKey: Guid(53b36a3907b9feb4cb51653a29daf21b) Importer(815301076,1909f56bfc062723c751e8b465ee728b)
Start importing Assets/LowPolyBoy/AmusementPark/Models/lpb_food_pancake.fbx using Guid(53b36a3907b9feb4cb51653a29daf21b) Importer(815301076,1909f56bfc062723c751e8b465ee728b) (PreviewImporter) -> (artifact id: '77419c611174e5696e91894c99c1938c') in 0.0339402 seconds
Number of updated asset objects reloaded before import = 0Number of asset objects unloaded after import = 9

========================================================================
Received Import Request.
  Time since last request: 0.000043 seconds.
  path: Assets/LowPolyBoy/AmusementPark/Models/lpb_food_adidas.fbx
  artifactKey: Guid(96bfd54b41b2988449785f1effc0b6e1) Importer(815301076,1909f56bfc062723c751e8b465ee728b)
Start importing Assets/LowPolyBoy/AmusementPark/Models/lpb_food_adidas.fbx using Guid(96bfd54b41b2988449785f1effc0b6e1) Importer(815301076,1909f56bfc062723c751e8b465ee728b) (PreviewImporter) -> (artifact id: '15cde460ec58a788d8fe25ccba7e3fbe') in 0.0370804 seconds
Number of updated asset objects reloaded before import = 0Number of asset objects unloaded after import = 9

========================================================================
Received Import Request.
  Time since last request: 0.283870 seconds.
  path: Assets/LowPolyBoy/AmusementPark/Models/lpb_food_sisig.fbx
  artifactKey: Guid(834b27ed66fdbdf4ab763b74e4c2b344) Importer(815301076,1909f56bfc062723c751e8b465ee728b)
Start importing Assets/LowPolyBoy/AmusementPark/Models/lpb_food_sisig.fbx using Guid(834b27ed66fdbdf4ab763b74e4c2b344) Importer(815301076,1909f56bfc062723c751e8b465ee728b) (PreviewImporter) -> (artifact id: '8e7a2f8d9ee4bad19f4d132140fa690b') in 0.0338495 seconds
Number of updated asset objects reloaded before import = 0Number of asset objects unloaded after import = 9

========================================================================
Received Import Request.
  Time since last request: 0.000050 seconds.
  path: Assets/LowPolyBoy/AmusementPark/Models/lpb_ride_marygoround.fbx
  artifactKey: Guid(b9d2405a7d704c34c85030f608239732) Importer(815301076,1909f56bfc062723c751e8b465ee728b)
Start importing Assets/LowPolyBoy/AmusementPark/Models/lpb_ride_marygoround.fbx using Guid(b9d2405a7d704c34c85030f608239732) Importer(815301076,1909f56bfc062723c751e8b465ee728b) (PreviewImporter) -> (artifact id: 'a84f23b57396e3490ad98ce8dfdce65d') in 0.2993279 seconds
Number of updated asset objects reloaded before import = 0Number of asset objects unloaded after import = 74

========================================================================
Received Import Request.
  Time since last request: 0.000109 seconds.
  path: Assets/LowPolyBoy/AmusementPark/Models/lpb_ride_feriswheel.fbx
  artifactKey: Guid(e5de5e9cd0ef93b4ba6186b03bcb5474) Importer(815301076,1909f56bfc062723c751e8b465ee728b)
Start importing Assets/LowPolyBoy/AmusementPark/Models/lpb_ride_feriswheel.fbx using Guid(e5de5e9cd0ef93b4ba6186b03bcb5474) Importer(815301076,1909f56bfc062723c751e8b465ee728b) (PreviewImporter) -> (artifact id: '08cada4c0b32d0d4c6ea58043ef14d3d') in 0.5208792 seconds
Number of updated asset objects reloaded before import = 0Number of asset objects unloaded after import = 134

========================================================================
Received Import Request.
  Time since last request: 0.000088 seconds.
  path: Assets/LowPolyBoy/AmusementPark/Models/lpb_ride_droptower.fbx
  artifactKey: Guid(cc1a98cbc8b33fa4598f81fb45daf62b) Importer(815301076,1909f56bfc062723c751e8b465ee728b)
Start importing Assets/LowPolyBoy/AmusementPark/Models/lpb_ride_droptower.fbx using Guid(cc1a98cbc8b33fa4598f81fb45daf62b) Importer(815301076,1909f56bfc062723c751e8b465ee728b) (PreviewImporter) -> (artifact id: '899219daf859dac0df2564509d5df42c') in 0.3179273 seconds
Number of updated asset objects reloaded before import = 0Number of asset objects unloaded after import = 74

========================================================================
Received Import Request.
  Time since last request: 0.148832 seconds.
  path: Assets/LowPolyBoy/AmusementPark/Models/lpb_ride_viking.fbx
  artifactKey: Guid(5f80f6c33e769d84a90a36992521b009) Importer(815301076,1909f56bfc062723c751e8b465ee728b)
Start importing Assets/LowPolyBoy/AmusementPark/Models/lpb_ride_viking.fbx using Guid(5f80f6c33e769d84a90a36992521b009) Importer(815301076,1909f56bfc062723c751e8b465ee728b) (PreviewImporter) -> (artifact id: 'c06df4ff92210075a14233be881865fd') in 0.0513422 seconds
Number of updated asset objects reloaded before import = 0Number of asset objects unloaded after import = 14

========================================================================
Received Import Request.
  Time since last request: 0.000044 seconds.
  path: Assets/LowPolyBoy/AmusementPark/Models/lpb_store_kwekkwek.fbx
  artifactKey: Guid(f93af38b2673a5f418d2d512688e34cc) Importer(815301076,1909f56bfc062723c751e8b465ee728b)
Start importing Assets/LowPolyBoy/AmusementPark/Models/lpb_store_kwekkwek.fbx using Guid(f93af38b2673a5f418d2d512688e34cc) Importer(815301076,1909f56bfc062723c751e8b465ee728b) (PreviewImporter) -> (artifact id: '76ae1fad0007c7de59f7bc18c6c6f926') in 0.03046 seconds
Number of updated asset objects reloaded before import = 0Number of asset objects unloaded after import = 9

========================================================================
Received Import Request.
  Time since last request: 0.000062 seconds.
  path: Assets/LowPolyBoy/AmusementPark/Models/lpb_store_corn.fbx
  artifactKey: Guid(181982c7a8a96754ba789f2adbe1088c) Importer(815301076,1909f56bfc062723c751e8b465ee728b)
Start importing Assets/LowPolyBoy/AmusementPark/Models/lpb_store_corn.fbx using Guid(181982c7a8a96754ba789f2adbe1088c) Importer(815301076,1909f56bfc062723c751e8b465ee728b) (PreviewImporter) -> (artifact id: '608cfb1270f3ffbfaae9e24390c03417') in 0.0338419 seconds
Number of updated asset objects reloaded before import = 0Number of asset objects unloaded after import = 9

========================================================================
Received Import Request.
  Time since last request: 0.000034 seconds.
  path: Assets/LowPolyBoy/AmusementPark/Models/lpb_store_fishball.fbx
  artifactKey: Guid(947cf11c6fb1df147b4235eb10768727) Importer(815301076,1909f56bfc062723c751e8b465ee728b)
Start importing Assets/LowPolyBoy/AmusementPark/Models/lpb_store_fishball.fbx using Guid(947cf11c6fb1df147b4235eb10768727) Importer(815301076,1909f56bfc062723c751e8b465ee728b) (PreviewImporter) -> (artifact id: '6e6673611fe51b7b35f2563d34ff876a') in 0.0289936 seconds
Number of updated asset objects reloaded before import = 0Number of asset objects unloaded after import = 9

========================================================================
Received Import Request.
  Time since last request: 0.000075 seconds.
  path: Assets/LowPolyBoy/AmusementPark/Models/lpb_store_isaw.fbx
  artifactKey: Guid(1c9186ed5f4aa514a91c49a49007d15a) Importer(815301076,1909f56bfc062723c751e8b465ee728b)
Start importing Assets/LowPolyBoy/AmusementPark/Models/lpb_store_isaw.fbx using Guid(1c9186ed5f4aa514a91c49a49007d15a) Importer(815301076,1909f56bfc062723c751e8b465ee728b) (PreviewImporter) -> (artifact id: 'a3df5073cc4f20ae4d333770332c80c3') in 0.0303113 seconds
Number of updated asset objects reloaded before import = 0Number of asset objects unloaded after import = 9

========================================================================
Received Import Request.
  Time since last request: 0.643986 seconds.
  path: Assets/LowPolyBoy/AmusementPark/Models/lpb_store_mochi.fbx
  artifactKey: Guid(9c27e6f656f25244695006c5a80ad686) Importer(815301076,1909f56bfc062723c751e8b465ee728b)
Start importing Assets/LowPolyBoy/AmusementPark/Models/lpb_store_mochi.fbx using Guid(9c27e6f656f25244695006c5a80ad686) Importer(815301076,1909f56bfc062723c751e8b465ee728b) (PreviewImporter) -> (artifact id: 'f3349e156f03d5c12bdce38dc1ed4b65') in 0.0328972 seconds
Number of updated asset objects reloaded before import = 0Number of asset objects unloaded after import = 9

========================================================================
Received Import Request.
  Time since last request: 0.000051 seconds.
  path: Assets/LowPolyBoy/AmusementPark/Models/lpb_store_soda.fbx
  artifactKey: Guid(4a794b2aa20b17b4cbefa95d49c9fc27) Importer(815301076,1909f56bfc062723c751e8b465ee728b)
Start importing Assets/LowPolyBoy/AmusementPark/Models/lpb_store_soda.fbx using Guid(4a794b2aa20b17b4cbefa95d49c9fc27) Importer(815301076,1909f56bfc062723c751e8b465ee728b) (PreviewImporter) -> (artifact id: 'e04905bda45ea3b1382656e39740dd57') in 0.0714884 seconds
Number of updated asset objects reloaded before import = 0Number of asset objects unloaded after import = 16

========================================================================
Received Import Request.
  Time since last request: 0.000066 seconds.
  path: Assets/LowPolyBoy/AmusementPark/Models/lpb_store_ramen.fbx
  artifactKey: Guid(de7262f736b55a243bc64c24a976bebc) Importer(815301076,1909f56bfc062723c751e8b465ee728b)
Start importing Assets/LowPolyBoy/AmusementPark/Models/lpb_store_ramen.fbx using Guid(de7262f736b55a243bc64c24a976bebc) Importer(815301076,1909f56bfc062723c751e8b465ee728b) (PreviewImporter) -> (artifact id: 'c24cd7d0ccb574193a5ba56b38b9136c') in 0.0399198 seconds
Number of updated asset objects reloaded before import = 0Number of asset objects unloaded after import = 9

========================================================================
Received Import Request.
  Time since last request: 0.000051 seconds.
  path: Assets/LowPolyBoy/AmusementPark/Models/lpb_store_riceball.fbx
  artifactKey: Guid(6b5d78c1cc23c2345be09e1ea9bc2593) Importer(815301076,1909f56bfc062723c751e8b465ee728b)
Start importing Assets/LowPolyBoy/AmusementPark/Models/lpb_store_riceball.fbx using Guid(6b5d78c1cc23c2345be09e1ea9bc2593) Importer(815301076,1909f56bfc062723c751e8b465ee728b) (PreviewImporter) -> (artifact id: '22da7012e05bc7e5a032463f353d15e4') in 0.0322808 seconds
Number of updated asset objects reloaded before import = 0Number of asset objects unloaded after import = 9

========================================================================
Received Import Request.
  Time since last request: 0.000046 seconds.
  path: Assets/LowPolyBoy/AmusementPark/Models/lpb_store_piza.fbx
  artifactKey: Guid(efa7b55c0b89fab44a9914372d8588f9) Importer(815301076,1909f56bfc062723c751e8b465ee728b)
Start importing Assets/LowPolyBoy/AmusementPark/Models/lpb_store_piza.fbx using Guid(efa7b55c0b89fab44a9914372d8588f9) Importer(815301076,1909f56bfc062723c751e8b465ee728b) (PreviewImporter) -> (artifact id: '75e1ae8cfd1278cdffbbd4f21350ca65') in 0.0350264 seconds
Number of updated asset objects reloaded before import = 0Number of asset objects unloaded after import = 9

========================================================================
Received Import Request.
  Time since last request: 63.681530 seconds.
  path: Assets/LowPolyBoy/AmusementPark/Models/lpb_tree_1_b.fbx
  artifactKey: Guid(959371147f22e694a82d3c820f5bcf24) Importer(815301076,1909f56bfc062723c751e8b465ee728b)
Start importing Assets/LowPolyBoy/AmusementPark/Models/lpb_tree_1_b.fbx using Guid(959371147f22e694a82d3c820f5bcf24) Importer(815301076,1909f56bfc062723c751e8b465ee728b) (PreviewImporter) -> (artifact id: '64d507d14321befa07d1d53d5df840f6') in 0.0381909 seconds
Number of updated asset objects reloaded before import = 0Number of asset objects unloaded after import = 9

========================================================================
Received Import Request.
  Time since last request: 0.000065 seconds.
  path: Assets/LowPolyBoy/AmusementPark/Models/lpb_tree_3_a.fbx
  artifactKey: Guid(cf2856b01d0464645b22c596cbfd70a5) Importer(815301076,1909f56bfc062723c751e8b465ee728b)
Start importing Assets/LowPolyBoy/AmusementPark/Models/lpb_tree_3_a.fbx using Guid(cf2856b01d0464645b22c596cbfd70a5) Importer(815301076,1909f56bfc062723c751e8b465ee728b) (PreviewImporter) -> (artifact id: 'fed32223b9775856fc623bdb1a678862') in 0.0281441 seconds
Number of updated asset objects reloaded before import = 0Number of asset objects unloaded after import = 9

========================================================================
Received Import Request.
  Time since last request: 0.000057 seconds.
  path: Assets/LowPolyBoy/AmusementPark/Models/lpb_tree_2_d.fbx
  artifactKey: Guid(6a2471deac1360b40b2655a540e116ee) Importer(815301076,1909f56bfc062723c751e8b465ee728b)
Start importing Assets/LowPolyBoy/AmusementPark/Models/lpb_tree_2_d.fbx using Guid(6a2471deac1360b40b2655a540e116ee) Importer(815301076,1909f56bfc062723c751e8b465ee728b) (PreviewImporter) -> (artifact id: '130393875a15a5fc9799395667ed6ed4') in 0.0323762 seconds
Number of updated asset objects reloaded before import = 0Number of asset objects unloaded after import = 9

========================================================================
Received Import Request.
  Time since last request: 0.000064 seconds.
  path: Assets/LowPolyBoy/AmusementPark/Models/lpb_tree_2_b.fbx
  artifactKey: Guid(272a9438ed10b4e4ea9224665d441205) Importer(815301076,1909f56bfc062723c751e8b465ee728b)
Start importing Assets/LowPolyBoy/AmusementPark/Models/lpb_tree_2_b.fbx using Guid(272a9438ed10b4e4ea9224665d441205) Importer(815301076,1909f56bfc062723c751e8b465ee728b) (PreviewImporter) -> (artifact id: 'f0adebdc73adb3b1b9251dfc0bfa688f') in 0.0277896 seconds
Number of updated asset objects reloaded before import = 0Number of asset objects unloaded after import = 9

========================================================================
Received Import Request.
  Time since last request: 0.814979 seconds.
  path: Assets/LowPolyBoy/AmusementPark/Models/lpb_tree_3_d.fbx
  artifactKey: Guid(91765a96c5ed3a44397c6a304f4176a4) Importer(815301076,1909f56bfc062723c751e8b465ee728b)
Start importing Assets/LowPolyBoy/AmusementPark/Models/lpb_tree_3_d.fbx using Guid(91765a96c5ed3a44397c6a304f4176a4) Importer(815301076,1909f56bfc062723c751e8b465ee728b) (PreviewImporter) -> (artifact id: '2660d15994252146d2d846615df3366e') in 0.0422933 seconds
Number of updated asset objects reloaded before import = 0Number of asset objects unloaded after import = 9

========================================================================
Received Import Request.
  Time since last request: 0.000044 seconds.
  path: Assets/LowPolyBoy/AmusementPark/Models/lpb_tree_5_c.fbx
  artifactKey: Guid(4bc34d00a6ec0d849a69a3fe2a592c19) Importer(815301076,1909f56bfc062723c751e8b465ee728b)
Start importing Assets/LowPolyBoy/AmusementPark/Models/lpb_tree_5_c.fbx using Guid(4bc34d00a6ec0d849a69a3fe2a592c19) Importer(815301076,1909f56bfc062723c751e8b465ee728b) (PreviewImporter) -> (artifact id: 'c2438c77bf0e96e7da6c2dc326410872') in 0.0341424 seconds
Number of updated asset objects reloaded before import = 0Number of asset objects unloaded after import = 9

========================================================================
Received Import Request.
  Time since last request: 0.000048 seconds.
  path: Assets/LowPolyBoy/AmusementPark/Models/lpb_tree_6_a.fbx
  artifactKey: Guid(c7fe2e4ddd6ab4e4eb82de1c3723cc04) Importer(815301076,1909f56bfc062723c751e8b465ee728b)
Start importing Assets/LowPolyBoy/AmusementPark/Models/lpb_tree_6_a.fbx using Guid(c7fe2e4ddd6ab4e4eb82de1c3723cc04) Importer(815301076,1909f56bfc062723c751e8b465ee728b) (PreviewImporter) -> (artifact id: '92dc042671894c5320d4ebdac48b9ff0') in 0.0255318 seconds
Number of updated asset objects reloaded before import = 0Number of asset objects unloaded after import = 9

========================================================================
Received Import Request.
  Time since last request: 0.432751 seconds.
  path: Assets/LowPolyBoy/AmusementPark/Models/lpb_tree_6_b.fbx
  artifactKey: Guid(b592c281800bb234783110c719955244) Importer(815301076,1909f56bfc062723c751e8b465ee728b)
Start importing Assets/LowPolyBoy/AmusementPark/Models/lpb_tree_6_b.fbx using Guid(b592c281800bb234783110c719955244) Importer(815301076,1909f56bfc062723c751e8b465ee728b) (PreviewImporter) -> (artifact id: '5186552e0fd7d15c8fce115666a927e8') in 0.0323139 seconds
Number of updated asset objects reloaded before import = 0Number of asset objects unloaded after import = 9

========================================================================
Received Import Request.
  Time since last request: 0.000041 seconds.
  path: Assets/LowPolyBoy/AmusementPark/Models/lpb_tree_7_b.fbx
  artifactKey: Guid(1546bbb9c4b6ed6448c0133b85bd7b39) Importer(815301076,1909f56bfc062723c751e8b465ee728b)
Start importing Assets/LowPolyBoy/AmusementPark/Models/lpb_tree_7_b.fbx using Guid(1546bbb9c4b6ed6448c0133b85bd7b39) Importer(815301076,1909f56bfc062723c751e8b465ee728b) (PreviewImporter) -> (artifact id: 'c91baaf4b13cea10ddac9d8ffb4fd789') in 0.0304775 seconds
Number of updated asset objects reloaded before import = 0Number of asset objects unloaded after import = 9

Editor requested this worker to shutdown with reason: Scaling down because of idle timeout
AssetImportWorker is now disconnected from the server
Process exiting
Exiting without the bug reporter. Application will terminate with return code 0