Using pre-set license
Built from '6000.0/staging' branch; Version is '6000.0.38f1 (82314a941f2d) revision 8532298'; Using compiler version '193933523'; Build Type 'Release'
OS: 'Windows 10  (10.0.19045) 64bit Professional' Language: 'pt' Physical Memory: 7880 MB
BatchMode: 1, IsHumanControllingUs: 0, StartBugReporterOnCrash: 0, Is64bit: 1, IsPro: 1

COMMAND LINE ARGUMENTS:
C:\Program Files\Unity 6000.0.38f1\Editor\Unity.exe
-adb2
-batchMode
-noUpm
-name
AssetImportWorker17
-projectPath
C:/Users/25027482/Documents/GitHub/Projeto3/FunFairAdventures
-logFile
Logs/AssetImportWorker17.log
-srvPort
58007
-job-worker-count
9
-background-job-worker-count
8
-gc-helper-count
1
Successfully changed project path to: C:/Users/25027482/Documents/GitHub/Projeto3/FunFairAdventures
C:/Users/25027482/Documents/GitHub/Projeto3/FunFairAdventures
[UnityMemory] Configuration Parameters - Can be set up in boot.config
    "memorysetup-bucket-allocator-granularity=16"
    "memorysetup-bucket-allocator-bucket-count=8"
    "memorysetup-bucket-allocator-block-size=33554432"
    "memorysetup-bucket-allocator-block-count=8"
    "memorysetup-main-allocator-block-size=16777216"
    "memorysetup-thread-allocator-block-size=16777216"
    "memorysetup-gfx-main-allocator-block-size=16777216"
    "memorysetup-gfx-thread-allocator-block-size=16777216"
    "memorysetup-cache-allocator-block-size=4194304"
    "memorysetup-typetree-allocator-block-size=2097152"
    "memorysetup-profiler-bucket-allocator-granularity=16"
    "memorysetup-profiler-bucket-allocator-bucket-count=8"
    "memorysetup-profiler-bucket-allocator-block-size=33554432"
    "memorysetup-profiler-bucket-allocator-block-count=8"
    "memorysetup-profiler-allocator-block-size=16777216"
    "memorysetup-profiler-editor-allocator-block-size=1048576"
    "memorysetup-temp-allocator-size-main=16777216"
    "memorysetup-job-temp-allocator-block-size=2097152"
    "memorysetup-job-temp-allocator-block-size-background=1048576"
    "memorysetup-job-temp-allocator-reduction-small-platforms=262144"
    "memorysetup-allocator-temp-initial-block-size-main=262144"
    "memorysetup-allocator-temp-initial-block-size-worker=262144"
    "memorysetup-temp-allocator-size-background-worker=32768"
    "memorysetup-temp-allocator-size-job-worker=262144"
    "memorysetup-temp-allocator-size-preload-manager=33554432"
    "memorysetup-temp-allocator-size-nav-mesh-worker=65536"
    "memorysetup-temp-allocator-size-audio-worker=65536"
    "memorysetup-temp-allocator-size-cloud-worker=32768"
    "memorysetup-temp-allocator-size-gi-baking-worker=262144"
    "memorysetup-temp-allocator-size-gi-baking-worker=262144"
    "memorysetup-temp-allocator-size-gi-baking-worker=262144"
    "memorysetup-temp-allocator-size-gi-baking-worker=262144"
    "memorysetup-temp-allocator-size-gi-baking-worker=262144"
    "memorysetup-temp-allocator-size-gfx=262144"
Player connection [15240]  Target information:

Player connection [15240]  * "[IP] 10.1.34.70 [Port] 0 [Flags] 2 [Guid] 1046844977 [EditorId] 1046844977 [Version] 1048832 [Id] WindowsEditor(7,350-16) [Debug] 1 [PackageName] WindowsEditor [ProjectName] Editor" 

Player connection [15240]  * "[IP] 192.168.56.1 [Port] 0 [Flags] 2 [Guid] 1046844977 [EditorId] 1046844977 [Version] 1048832 [Id] WindowsEditor(7,350-16) [Debug] 1 [PackageName] WindowsEditor [ProjectName] Editor" 

Player connection [15240]  * "[IP] 172.28.64.1 [Port] 0 [Flags] 2 [Guid] 1046844977 [EditorId] 1046844977 [Version] 1048832 [Id] WindowsEditor(7,350-16) [Debug] 1 [PackageName] WindowsEditor [ProjectName] Editor" 

Player connection [15240] Host joined multi-casting on [225.0.0.222:54997]...
Player connection [15240] Host joined alternative multi-casting on [225.0.0.222:34997]...
JobSystem: Creating JobQueue using job-worker-count value 9
Input System module state changed to: Initialized.
[Physics::Module] Initialized fallback backend.
[Physics::Module] Id: 0xdecafbad
Library Redirect Path: Library/
[Physics::Module] Selected backend.
[Physics::Module] Name: PhysX
[Physics::Module] Id: 0xf2b8ea05
[Physics::Module] SDK Version: 4.1.2
[Physics::Module] Integration Version: 1.0.0
[Physics::Module] Threading Mode: Multi-Threaded
Refreshing native plugins compatible for Editor in 6.34 ms, found 3 plugins.
Preloading 0 native plugins for Editor in 0.00 ms.
Initialize engine version: 6000.0.38f1 (82314a941f2d)
[Subsystems] Discovering subsystems at path C:/Program Files/Unity 6000.0.38f1/Editor/Data/Resources/UnitySubsystems
[Subsystems] Discovering subsystems at path C:/Users/25027482/Documents/GitHub/Projeto3/FunFairAdventures/Assets
GfxDevice: creating device client; kGfxThreadingModeNonThreaded
Direct3D:
    Version:  Direct3D 11.0 [level 11.1]
    Renderer: Intel(R) UHD Graphics 770 (ID=0x4680)
    Vendor:   Intel
    VRAM:     3940 MB
    Driver:   32.0.101.6078
Initialize mono
Mono path[0] = 'C:/Program Files/Unity 6000.0.38f1/Editor/Data/Managed'
Mono path[1] = 'C:/Program Files/Unity 6000.0.38f1/Editor/Data/MonoBleedingEdge/lib/mono/unityjit-win32'
Mono config path = 'C:/Program Files/Unity 6000.0.38f1/Editor/Data/MonoBleedingEdge/etc'
Using monoOptions --debugger-agent=transport=dt_socket,embedding=1,server=y,suspend=n,address=127.0.0.1:56204
Begin MonoManager ReloadAssembly
Registering precompiled unity dll's ...
Register platform support module: C:/Program Files/Unity 6000.0.38f1/Editor/Data/PlaybackEngines/WebGLSupport/UnityEditor.WebGL.Extensions.dll
Register platform support module: C:/Program Files/Unity 6000.0.38f1/Editor/Data/PlaybackEngines/VisionOSPlayer/UnityEditor.VisionOS.Extensions.dll
Register platform support module: C:/Program Files/Unity 6000.0.38f1/Editor/Data/PlaybackEngines/WindowsStandaloneSupport/UnityEditor.WindowsStandalone.Extensions.dll
Register platform support module: C:/Program Files/Unity 6000.0.38f1/Editor/Data/PlaybackEngines/MetroSupport/UnityEditor.UWP.Extensions.dll
Register platform support module: C:/Program Files/Unity 6000.0.38f1/Editor/Data/PlaybackEngines/AndroidPlayer/UnityEditor.Android.Extensions.dll
Register platform support module: C:/Program Files/Unity 6000.0.38f1/Editor/Data/PlaybackEngines/iOSSupport/UnityEditor.iOS.Extensions.dll
Register platform support module: C:/Program Files/Unity 6000.0.38f1/Editor/Data/PlaybackEngines/LinuxStandaloneSupport/UnityEditor.LinuxStandalone.Extensions.dll
Registered in 0.014308 seconds.
- Loaded All Assemblies, in  0.630 seconds
Native extension for LinuxStandalone target not found
[usbmuxd] Start listen thread
[usbmuxd] Listen thread started
Native extension for iOS target not found
Native extension for Android target not found
Native extension for UWP target not found
Native extension for WindowsStandalone target not found
Failed to load: C:/Program Files/Unity 6000.0.38f1/Editor/Data/PlaybackEngines/VisionOSPlayer\x64\UnityEditor.VisionOS.Native.dll
Native extension for VisionOS target not found
Native extension for WebGL target not found
Mono: successfully reloaded assembly
- Finished resetting the current domain, in  0.647 seconds
Domain Reload Profiling: 1273ms
	BeginReloadAssembly (201ms)
		ExecutionOrderSort (0ms)
		DisableScriptedObjects (0ms)
		BackupInstance (0ms)
		ReleaseScriptingObjects (0ms)
		CreateAndSetChildDomain (1ms)
	RebuildCommonClasses (49ms)
	RebuildNativeTypeToScriptingClass (17ms)
	initialDomainReloadingComplete (84ms)
	LoadAllAssembliesAndSetupDomain (272ms)
		LoadAssemblies (199ms)
		RebuildTransferFunctionScriptingTraits (0ms)
		AnalyzeDomain (265ms)
			TypeCache.Refresh (262ms)
				TypeCache.ScanAssembly (244ms)
			BuildScriptInfoCaches (0ms)
			ResolveRequiredComponents (1ms)
	FinalizeReload (648ms)
		ReleaseScriptCaches (0ms)
		RebuildScriptCaches (0ms)
		SetupLoadedEditorAssemblies (585ms)
			LogAssemblyErrors (0ms)
			InitializePlatformSupportModulesInManaged (244ms)
			SetLoadedEditorAssemblies (6ms)
			BeforeProcessingInitializeOnLoad (79ms)
			ProcessInitializeOnLoadAttributes (171ms)
			ProcessInitializeOnLoadMethodAttributes (84ms)
			AfterProcessingInitializeOnLoad (0ms)
			EditorAssembliesLoaded (0ms)
		ExecutionOrderSort2 (0ms)
		AwakeInstancesAfterBackupRestoration (0ms)
========================================================================
Worker process is ready to serve import requests
Import Worker Mode flag is 0x00
Begin MonoManager ReloadAssembly
- Loaded All Assemblies, in  1.501 seconds
Refreshing native plugins compatible for Editor in 2.18 ms, found 3 plugins.
Native extension for LinuxStandalone target not found
Native extension for iOS target not found
Native extension for Android target not found
Native extension for UWP target not found
Native extension for WindowsStandalone target not found
Failed to load: C:/Program Files/Unity 6000.0.38f1/Editor/Data/PlaybackEngines/VisionOSPlayer\x64\UnityEditor.VisionOS.Native.dll
Native extension for VisionOS target not found
Native extension for WebGL target not found
Mono: successfully reloaded assembly
- Finished resetting the current domain, in  1.226 seconds
Domain Reload Profiling: 2718ms
	BeginReloadAssembly (269ms)
		ExecutionOrderSort (0ms)
		DisableScriptedObjects (9ms)
		BackupInstance (0ms)
		ReleaseScriptingObjects (0ms)
		CreateAndSetChildDomain (56ms)
	RebuildCommonClasses (51ms)
	RebuildNativeTypeToScriptingClass (17ms)
	initialDomainReloadingComplete (60ms)
	LoadAllAssembliesAndSetupDomain (1095ms)
		LoadAssemblies (829ms)
		RebuildTransferFunctionScriptingTraits (0ms)
		AnalyzeDomain (421ms)
			TypeCache.Refresh (324ms)
				TypeCache.ScanAssembly (292ms)
			BuildScriptInfoCaches (77ms)
			ResolveRequiredComponents (16ms)
	FinalizeReload (1227ms)
		ReleaseScriptCaches (0ms)
		RebuildScriptCaches (0ms)
		SetupLoadedEditorAssemblies (951ms)
			LogAssemblyErrors (0ms)
			InitializePlatformSupportModulesInManaged (52ms)
			SetLoadedEditorAssemblies (7ms)
			BeforeProcessingInitializeOnLoad (156ms)
			ProcessInitializeOnLoadAttributes (564ms)
			ProcessInitializeOnLoadMethodAttributes (160ms)
			AfterProcessingInitializeOnLoad (13ms)
			EditorAssembliesLoaded (0ms)
		ExecutionOrderSort2 (0ms)
		AwakeInstancesAfterBackupRestoration (10ms)
Launched and connected shader compiler UnityShaderCompiler.exe after 0.01 seconds
Refreshing native plugins compatible for Editor in 1.79 ms, found 3 plugins.
Preloading 0 native plugins for Editor in 0.00 ms.
Unloading 214 Unused Serialized files (Serialized files now loaded: 0)
Unloading 5993 unused Assets / (6.2 MB). Loaded Objects now: 6671.
Memory consumption went from 176.8 MB to 170.6 MB.
Total: 15.639500 ms (FindLiveObjects: 1.684500 ms CreateObjectMapping: 0.536200 ms MarkObjects: 8.041800 ms  DeleteObjects: 5.370500 ms)

========================================================================
Received Prepare
Begin MonoManager ReloadAssembly
- Loaded All Assemblies, in  1.203 seconds
Refreshing native plugins compatible for Editor in 2.31 ms, found 3 plugins.
Native extension for LinuxStandalone target not found
Native extension for iOS target not found
Native extension for Android target not found
Native extension for UWP target not found
Native extension for WindowsStandalone target not found
Failed to load: C:/Program Files/Unity 6000.0.38f1/Editor/Data/PlaybackEngines/VisionOSPlayer\x64\UnityEditor.VisionOS.Native.dll
Native extension for VisionOS target not found
Native extension for WebGL target not found
Mono: successfully reloaded assembly
- Finished resetting the current domain, in  2.125 seconds
Domain Reload Profiling: 3329ms
	BeginReloadAssembly (274ms)
		ExecutionOrderSort (0ms)
		DisableScriptedObjects (8ms)
		BackupInstance (0ms)
		ReleaseScriptingObjects (1ms)
		CreateAndSetChildDomain (64ms)
	RebuildCommonClasses (48ms)
	RebuildNativeTypeToScriptingClass (18ms)
	initialDomainReloadingComplete (46ms)
	LoadAllAssembliesAndSetupDomain (816ms)
		LoadAssemblies (560ms)
		RebuildTransferFunctionScriptingTraits (0ms)
		AnalyzeDomain (392ms)
			TypeCache.Refresh (10ms)
				TypeCache.ScanAssembly (0ms)
			BuildScriptInfoCaches (345ms)
			ResolveRequiredComponents (30ms)
	FinalizeReload (2127ms)
		ReleaseScriptCaches (0ms)
		RebuildScriptCaches (0ms)
		SetupLoadedEditorAssemblies (1548ms)
			LogAssemblyErrors (0ms)
			InitializePlatformSupportModulesInManaged (93ms)
			SetLoadedEditorAssemblies (12ms)
			BeforeProcessingInitializeOnLoad (277ms)
			ProcessInitializeOnLoadAttributes (989ms)
			ProcessInitializeOnLoadMethodAttributes (154ms)
			AfterProcessingInitializeOnLoad (22ms)
			EditorAssembliesLoaded (1ms)
		ExecutionOrderSort2 (0ms)
		AwakeInstancesAfterBackupRestoration (42ms)
Refreshing native plugins compatible for Editor in 3.78 ms, found 3 plugins.
Preloading 0 native plugins for Editor in 0.00 ms.
Unloading 47 Unused Serialized files (Serialized files now loaded: 0)
Unloading 5989 unused Assets / (6.8 MB). Loaded Objects now: 6686.
Memory consumption went from 160.9 MB to 154.2 MB.
Total: 23.691400 ms (FindLiveObjects: 1.650500 ms CreateObjectMapping: 1.167600 ms MarkObjects: 12.027000 ms  DeleteObjects: 8.842600 ms)

Prepare: number of updated asset objects reloaded= 0
========================================================================
Received Import Request.
  Time since last request: 110271.994337 seconds.
  path: Assets/Pasta carros/Previews/ambulance.png
  artifactKey: Guid(f9c3d4b5de6c4f746a27ee014afa03db) Importer(815301076,1909f56bfc062723c751e8b465ee728b)
Start importing Assets/Pasta carros/Previews/ambulance.png using Guid(f9c3d4b5de6c4f746a27ee014afa03db) Importer(815301076,1909f56bfc062723c751e8b465ee728b) (PreviewImporter) -> (artifact id: '89e522bb601c8fbe9bc712da381bc267') in 0.1069459 seconds
Number of updated asset objects reloaded before import = 0Number of asset objects unloaded after import = 2

========================================================================
Received Import Request.
  Time since last request: 0.000023 seconds.
  path: Assets/TextMesh Pro/Examples & Extras/Textures/Brushed Metal 3.jpg
  artifactKey: Guid(f88677df267a41d6be1e7a6133e7d227) Importer(815301076,1909f56bfc062723c751e8b465ee728b)
Start importing Assets/TextMesh Pro/Examples & Extras/Textures/Brushed Metal 3.jpg using Guid(f88677df267a41d6be1e7a6133e7d227) Importer(815301076,1909f56bfc062723c751e8b465ee728b) (PreviewImporter) -> (artifact id: 'c10256a203c905c912ac58b833947e9f') in 0.0157746 seconds
Number of updated asset objects reloaded before import = 0Number of asset objects unloaded after import = 2

========================================================================
Received Import Request.
  Time since last request: 1.150680 seconds.
  path: Assets/Assets Cidade/Previews/building-type-b.png
  artifactKey: Guid(8eaa498d96b0af342b04c5f0e4ff2d7f) Importer(815301076,1909f56bfc062723c751e8b465ee728b)
Start importing Assets/Assets Cidade/Previews/building-type-b.png using Guid(8eaa498d96b0af342b04c5f0e4ff2d7f) Importer(815301076,1909f56bfc062723c751e8b465ee728b) (PreviewImporter) -> (artifact id: '60dce4bd719ab83b01f4c89aebe2b6c7') in 0.0120307 seconds
Number of updated asset objects reloaded before import = 0Number of asset objects unloaded after import = 2

========================================================================
Received Import Request.
  Time since last request: 48.541771 seconds.
  path: Assets/Assets Cidade/Previews/building-type-d.png
  artifactKey: Guid(f67133ee06df1c148aa911ab3f98d406) Importer(815301076,1909f56bfc062723c751e8b465ee728b)
Start importing Assets/Assets Cidade/Previews/building-type-d.png using Guid(f67133ee06df1c148aa911ab3f98d406) Importer(815301076,1909f56bfc062723c751e8b465ee728b) (PreviewImporter) -> (artifact id: '51d9bfc6f9b66dbb60fdcff7d4dc4d74') in 0.0119661 seconds
Number of updated asset objects reloaded before import = 0Number of asset objects unloaded after import = 2

========================================================================
Received Import Request.
  Time since last request: 0.000024 seconds.
  path: Assets/Assets Cidade/Previews/building-type-f.png
  artifactKey: Guid(2dd17bc64d951124ca0d868f8b5da2ab) Importer(815301076,1909f56bfc062723c751e8b465ee728b)
Start importing Assets/Assets Cidade/Previews/building-type-f.png using Guid(2dd17bc64d951124ca0d868f8b5da2ab) Importer(815301076,1909f56bfc062723c751e8b465ee728b) (PreviewImporter) -> (artifact id: 'a3b53f8aeb5616f4b0cdf0ed02430121') in 0.0112027 seconds
Number of updated asset objects reloaded before import = 0Number of asset objects unloaded after import = 2

========================================================================
Received Import Request.
  Time since last request: 0.285851 seconds.
  path: Assets/Assets Cidade/Previews/building-type-h.png
  artifactKey: Guid(3852b9c09b1c600449b0192ec68486c0) Importer(815301076,1909f56bfc062723c751e8b465ee728b)
Start importing Assets/Assets Cidade/Previews/building-type-h.png using Guid(3852b9c09b1c600449b0192ec68486c0) Importer(815301076,1909f56bfc062723c751e8b465ee728b) (PreviewImporter) -> (artifact id: '24886d31d451165674e14240a98ab92d') in 0.0098148 seconds
Number of updated asset objects reloaded before import = 0Number of asset objects unloaded after import = 2

========================================================================
Received Import Request.
  Time since last request: 0.323181 seconds.
  path: Assets/Assets Cidade/Previews/building-type-j.png
  artifactKey: Guid(9c11917904a90674eb531868b29e74c7) Importer(815301076,1909f56bfc062723c751e8b465ee728b)
Start importing Assets/Assets Cidade/Previews/building-type-j.png using Guid(9c11917904a90674eb531868b29e74c7) Importer(815301076,1909f56bfc062723c751e8b465ee728b) (PreviewImporter) -> (artifact id: '04bbb3b3dd3687e5d7c726fd6bca97f4') in 0.0101795 seconds
Number of updated asset objects reloaded before import = 0Number of asset objects unloaded after import = 2

========================================================================
Received Import Request.
  Time since last request: 0.000023 seconds.
  path: Assets/Assets Cidade/Previews/building-type-l.png
  artifactKey: Guid(a353ba7a560785c4289a3523ece39566) Importer(815301076,1909f56bfc062723c751e8b465ee728b)
Start importing Assets/Assets Cidade/Previews/building-type-l.png using Guid(a353ba7a560785c4289a3523ece39566) Importer(815301076,1909f56bfc062723c751e8b465ee728b) (PreviewImporter) -> (artifact id: 'cb6b686d3d5d261597ad12598ca03086') in 0.0117952 seconds
Number of updated asset objects reloaded before import = 0Number of asset objects unloaded after import = 2

========================================================================
Received Import Request.
  Time since last request: 0.294356 seconds.
  path: Assets/Assets Cidade/Previews/building-type-n.png
  artifactKey: Guid(019bbb6e5b965ff4fa09a8dc5eecee04) Importer(815301076,1909f56bfc062723c751e8b465ee728b)
Start importing Assets/Assets Cidade/Previews/building-type-n.png using Guid(019bbb6e5b965ff4fa09a8dc5eecee04) Importer(815301076,1909f56bfc062723c751e8b465ee728b) (PreviewImporter) -> (artifact id: '58dbde6d12368189a8bc5d3bf88727f0') in 0.011248 seconds
Number of updated asset objects reloaded before import = 0Number of asset objects unloaded after import = 2

========================================================================
Received Import Request.
  Time since last request: 0.009890 seconds.
  path: Assets/Assets Cidade/Previews/building-type-p.png
  artifactKey: Guid(46497acbfefd47e499e6ef9e7b9ccf79) Importer(815301076,1909f56bfc062723c751e8b465ee728b)
Start importing Assets/Assets Cidade/Previews/building-type-p.png using Guid(46497acbfefd47e499e6ef9e7b9ccf79) Importer(815301076,1909f56bfc062723c751e8b465ee728b) (PreviewImporter) -> (artifact id: '05105cb0523adb243f41f448ff93b7a5') in 0.0120389 seconds
Number of updated asset objects reloaded before import = 0Number of asset objects unloaded after import = 2

========================================================================
Received Import Request.
  Time since last request: 0.000051 seconds.
  path: Assets/Assets Cidade/Previews/building-type-r.png
  artifactKey: Guid(858c6c202b10c404db68554970ae84f5) Importer(815301076,1909f56bfc062723c751e8b465ee728b)
Start importing Assets/Assets Cidade/Previews/building-type-r.png using Guid(858c6c202b10c404db68554970ae84f5) Importer(815301076,1909f56bfc062723c751e8b465ee728b) (PreviewImporter) -> (artifact id: '0506ae5e9a003335f1ce8fb6528e02e3') in 0.011122 seconds
Number of updated asset objects reloaded before import = 0Number of asset objects unloaded after import = 2

========================================================================
Received Import Request.
  Time since last request: 0.229861 seconds.
  path: Assets/Assets Cidade/Previews/building-type-t.png
  artifactKey: Guid(8eb10ad2415dd2c49b381ab2f07c4f5e) Importer(815301076,1909f56bfc062723c751e8b465ee728b)
Start importing Assets/Assets Cidade/Previews/building-type-t.png using Guid(8eb10ad2415dd2c49b381ab2f07c4f5e) Importer(815301076,1909f56bfc062723c751e8b465ee728b) (PreviewImporter) -> (artifact id: '4146f706ea7bd93d31dd2ae847514ea7') in 0.0113786 seconds
Number of updated asset objects reloaded before import = 0Number of asset objects unloaded after import = 2

========================================================================
Received Import Request.
  Time since last request: 0.303214 seconds.
  path: Assets/Assets Cidade/Models/OBJ format/Textures/colormap.png
  artifactKey: Guid(7c24df8d95dee994f9d859acca744c0d) Importer(815301076,1909f56bfc062723c751e8b465ee728b)
Start importing Assets/Assets Cidade/Models/OBJ format/Textures/colormap.png using Guid(7c24df8d95dee994f9d859acca744c0d) Importer(815301076,1909f56bfc062723c751e8b465ee728b) (PreviewImporter) -> (artifact id: 'f63f559d5ccc67b562e2f59d22b7d3c2') in 0.0133265 seconds
Number of updated asset objects reloaded before import = 0Number of asset objects unloaded after import = 2

========================================================================
Received Import Request.
  Time since last request: 0.143072 seconds.
  path: Assets/Pasta carros/GLB format/Textures/colormap.png
  artifactKey: Guid(aec7524493215404f99ec707b4dfaf63) Importer(815301076,1909f56bfc062723c751e8b465ee728b)
Start importing Assets/Pasta carros/GLB format/Textures/colormap.png using Guid(aec7524493215404f99ec707b4dfaf63) Importer(815301076,1909f56bfc062723c751e8b465ee728b) (PreviewImporter) -> (artifact id: '99f3b5c2418292b57ff124c71b0f0f56') in 0.0110955 seconds
Number of updated asset objects reloaded before import = 0Number of asset objects unloaded after import = 2

========================================================================
Received Import Request.
  Time since last request: 0.000029 seconds.
  path: Assets/Scenes/Previews/cone.png
  artifactKey: Guid(41fd5f4d089e72748861b825e606efcd) Importer(815301076,1909f56bfc062723c751e8b465ee728b)
Start importing Assets/Scenes/Previews/cone.png using Guid(41fd5f4d089e72748861b825e606efcd) Importer(815301076,1909f56bfc062723c751e8b465ee728b) (PreviewImporter) -> (artifact id: '84395fb0e0873117a91b13422785dbd9') in 0.0105297 seconds
Number of updated asset objects reloaded before import = 0Number of asset objects unloaded after import = 2

========================================================================
Received Import Request.
  Time since last request: 0.000036 seconds.
  path: Assets/Scenes/Previews/cone-flat.png
  artifactKey: Guid(8fc8193394ec7ae4ab1ea895b22d1532) Importer(815301076,1909f56bfc062723c751e8b465ee728b)
Start importing Assets/Scenes/Previews/cone-flat.png using Guid(8fc8193394ec7ae4ab1ea895b22d1532) Importer(815301076,1909f56bfc062723c751e8b465ee728b) (PreviewImporter) -> (artifact id: '0102ec081ec2ea983353c95b8aa081c7') in 0.0099543 seconds
Number of updated asset objects reloaded before import = 0Number of asset objects unloaded after import = 2

========================================================================
Received Import Request.
  Time since last request: 0.044168 seconds.
  path: Assets/Pasta carros/Previews/debris-bolt.png
  artifactKey: Guid(390fabc1832719347bc0f020cce75ee6) Importer(815301076,1909f56bfc062723c751e8b465ee728b)
Start importing Assets/Pasta carros/Previews/debris-bolt.png using Guid(390fabc1832719347bc0f020cce75ee6) Importer(815301076,1909f56bfc062723c751e8b465ee728b) (PreviewImporter) -> (artifact id: '4ea9b8efedbdc3adbbf2046bc1b67d5a') in 0.0131399 seconds
Number of updated asset objects reloaded before import = 0Number of asset objects unloaded after import = 2

========================================================================
Received Import Request.
  Time since last request: 0.000057 seconds.
  path: Assets/Scenes/Previews/debris-door.png
  artifactKey: Guid(a7239b172a02a164bb6cd1b211944932) Importer(815301076,1909f56bfc062723c751e8b465ee728b)
Start importing Assets/Scenes/Previews/debris-door.png using Guid(a7239b172a02a164bb6cd1b211944932) Importer(815301076,1909f56bfc062723c751e8b465ee728b) (PreviewImporter) -> (artifact id: '103fb9af0af0dd596e0c6b298c8fcbea') in 0.0113095 seconds
Number of updated asset objects reloaded before import = 0Number of asset objects unloaded after import = 2

========================================================================
Received Import Request.
  Time since last request: 0.000031 seconds.
  path: Assets/Pasta carros/Previews/debris-door-window.png
  artifactKey: Guid(299a39e39c4ece04da9158b1dd9f30da) Importer(815301076,1909f56bfc062723c751e8b465ee728b)
Start importing Assets/Pasta carros/Previews/debris-door-window.png using Guid(299a39e39c4ece04da9158b1dd9f30da) Importer(815301076,1909f56bfc062723c751e8b465ee728b) (PreviewImporter) -> (artifact id: '185bf86702dbb991248194a6f21ad76e') in 0.0088876 seconds
Number of updated asset objects reloaded before import = 0Number of asset objects unloaded after import = 2

========================================================================
Received Import Request.
  Time since last request: 0.218306 seconds.
  path: Assets/Scenes/Previews/debris-drivetrain.png
  artifactKey: Guid(430972bc043abcd49a25cdcec4917616) Importer(815301076,1909f56bfc062723c751e8b465ee728b)
Start importing Assets/Scenes/Previews/debris-drivetrain.png using Guid(430972bc043abcd49a25cdcec4917616) Importer(815301076,1909f56bfc062723c751e8b465ee728b) (PreviewImporter) -> (artifact id: 'd40aa448b997809e67dd07bda33e0dae') in 0.0109538 seconds
Number of updated asset objects reloaded before import = 0Number of asset objects unloaded after import = 2

========================================================================
Received Import Request.
  Time since last request: 0.013865 seconds.
  path: Assets/Scenes/Previews/debris-nut.png
  artifactKey: Guid(22a4ddb94b15f864c9cf4428efb59472) Importer(815301076,1909f56bfc062723c751e8b465ee728b)
Start importing Assets/Scenes/Previews/debris-nut.png using Guid(22a4ddb94b15f864c9cf4428efb59472) Importer(815301076,1909f56bfc062723c751e8b465ee728b) (PreviewImporter) -> (artifact id: '2d472cae79177b351554c4ac0601ed8f') in 0.0163418 seconds
Number of updated asset objects reloaded before import = 0Number of asset objects unloaded after import = 2

========================================================================
Received Import Request.
  Time since last request: 0.161494 seconds.
  path: Assets/Pasta carros/Previews/debris-plate-a.png
  artifactKey: Guid(5c4ca5c0e0a6ab74f891a135d11faf27) Importer(815301076,1909f56bfc062723c751e8b465ee728b)
Start importing Assets/Pasta carros/Previews/debris-plate-a.png using Guid(5c4ca5c0e0a6ab74f891a135d11faf27) Importer(815301076,1909f56bfc062723c751e8b465ee728b) (PreviewImporter) -> (artifact id: '0c16b6f8098204662a34aba1d0167431') in 0.0110325 seconds
Number of updated asset objects reloaded before import = 0Number of asset objects unloaded after import = 2

========================================================================
Received Import Request.
  Time since last request: 0.000034 seconds.
  path: Assets/Pasta carros/Previews/debris-plate-b.png
  artifactKey: Guid(965a2dd34b510604890ce5825730c866) Importer(815301076,1909f56bfc062723c751e8b465ee728b)
Start importing Assets/Pasta carros/Previews/debris-plate-b.png using Guid(965a2dd34b510604890ce5825730c866) Importer(815301076,1909f56bfc062723c751e8b465ee728b) (PreviewImporter) -> (artifact id: '53d8f5585e1c9f1a43bbd980ecd471c6') in 0.009482 seconds
Number of updated asset objects reloaded before import = 0Number of asset objects unloaded after import = 2

========================================================================
Received Import Request.
  Time since last request: 0.157187 seconds.
  path: Assets/Pasta carros/Previews/debris-plate-small-b.png
  artifactKey: Guid(675e96f5af392614ba3deaa89c499364) Importer(815301076,1909f56bfc062723c751e8b465ee728b)
Start importing Assets/Pasta carros/Previews/debris-plate-small-b.png using Guid(675e96f5af392614ba3deaa89c499364) Importer(815301076,1909f56bfc062723c751e8b465ee728b) (PreviewImporter) -> (artifact id: '81196e6d978bd28604bbe00d867a33a1') in 0.0108973 seconds
Number of updated asset objects reloaded before import = 0Number of asset objects unloaded after import = 2

========================================================================
Received Import Request.
  Time since last request: 0.000021 seconds.
  path: Assets/Pasta carros/Previews/debris-spoiler-b.png
  artifactKey: Guid(10cd6c2ccd46b5543b18e751ebf16631) Importer(815301076,1909f56bfc062723c751e8b465ee728b)
Start importing Assets/Pasta carros/Previews/debris-spoiler-b.png using Guid(10cd6c2ccd46b5543b18e751ebf16631) Importer(815301076,1909f56bfc062723c751e8b465ee728b) (PreviewImporter) -> (artifact id: '2e535a93945447ad7327a4b08ae9df45') in 0.0121536 seconds
Number of updated asset objects reloaded before import = 0Number of asset objects unloaded after import = 2

========================================================================
Received Import Request.
  Time since last request: 0.000036 seconds.
  path: Assets/Scenes/Previews/debris-tire.png
  artifactKey: Guid(fecb864804decc94ba143b7a00c24db9) Importer(815301076,1909f56bfc062723c751e8b465ee728b)
Start importing Assets/Scenes/Previews/debris-tire.png using Guid(fecb864804decc94ba143b7a00c24db9) Importer(815301076,1909f56bfc062723c751e8b465ee728b) (PreviewImporter) -> (artifact id: 'a71145db2567f064d1577fa9d33e4805') in 0.0110051 seconds
Number of updated asset objects reloaded before import = 0Number of asset objects unloaded after import = 2

========================================================================
Received Import Request.
  Time since last request: 0.065193 seconds.
  path: Assets/Scenes/Previews/delivery.png
  artifactKey: Guid(d4cf5e4ddba3cc1458c1a676d4006b28) Importer(815301076,1909f56bfc062723c751e8b465ee728b)
Start importing Assets/Scenes/Previews/delivery.png using Guid(d4cf5e4ddba3cc1458c1a676d4006b28) Importer(815301076,1909f56bfc062723c751e8b465ee728b) (PreviewImporter) -> (artifact id: '83df2243110811a6cab926b685f9e4c7') in 0.010755 seconds
Number of updated asset objects reloaded before import = 0Number of asset objects unloaded after import = 2

========================================================================
Received Import Request.
  Time since last request: 0.000034 seconds.
  path: Assets/Pasta carros/Previews/delivery-flat.png
  artifactKey: Guid(95dd1b92d6159744595dd97c014cd502) Importer(815301076,1909f56bfc062723c751e8b465ee728b)
Start importing Assets/Pasta carros/Previews/delivery-flat.png using Guid(95dd1b92d6159744595dd97c014cd502) Importer(815301076,1909f56bfc062723c751e8b465ee728b) (PreviewImporter) -> (artifact id: 'fe42f7ffc297d22898c09a00e759c562') in 0.0117391 seconds
Number of updated asset objects reloaded before import = 0Number of asset objects unloaded after import = 2

========================================================================
Received Import Request.
  Time since last request: 0.000029 seconds.
  path: Assets/TextMesh Pro/Examples & Extras/Sprites/DropCap Numbers.psd
  artifactKey: Guid(fd09957580ac4326916010f1f260975b) Importer(815301076,1909f56bfc062723c751e8b465ee728b)
Start importing Assets/TextMesh Pro/Examples & Extras/Sprites/DropCap Numbers.psd using Guid(fd09957580ac4326916010f1f260975b) Importer(815301076,1909f56bfc062723c751e8b465ee728b) (PreviewImporter) -> (artifact id: 'a83eb7f165aa126ad109d57a7b36a517') in 0.0136418 seconds
Number of updated asset objects reloaded before import = 0Number of asset objects unloaded after import = 2

========================================================================
Received Import Request.
  Time since last request: 0.070692 seconds.
  path: Assets/Assets Cidade/Previews/fence.png
  artifactKey: Guid(1700761c10b633a4fb0971d93306a760) Importer(815301076,1909f56bfc062723c751e8b465ee728b)
Start importing Assets/Assets Cidade/Previews/fence.png using Guid(1700761c10b633a4fb0971d93306a760) Importer(815301076,1909f56bfc062723c751e8b465ee728b) (PreviewImporter) -> (artifact id: '8f2ad96b3ccdd3b063248a5b1d1f1a93') in 0.019743 seconds
Number of updated asset objects reloaded before import = 0Number of asset objects unloaded after import = 2

========================================================================
Received Import Request.
  Time since last request: 0.000024 seconds.
  path: Assets/Assets Cidade/Previews/fence-1x3.png
  artifactKey: Guid(fa2db14a959ee73418783a16f811f156) Importer(815301076,1909f56bfc062723c751e8b465ee728b)
Start importing Assets/Assets Cidade/Previews/fence-1x3.png using Guid(fa2db14a959ee73418783a16f811f156) Importer(815301076,1909f56bfc062723c751e8b465ee728b) (PreviewImporter) -> (artifact id: '7a3e614b3bc200c2e7cac9b64342e4ce') in 0.0120033 seconds
Number of updated asset objects reloaded before import = 0Number of asset objects unloaded after import = 2

========================================================================
Received Import Request.
  Time since last request: 0.088897 seconds.
  path: Assets/Assets Cidade/Previews/fence-2x2.png
  artifactKey: Guid(7d257ab44dda7c7488bf6248ae4116fe) Importer(815301076,1909f56bfc062723c751e8b465ee728b)
Start importing Assets/Assets Cidade/Previews/fence-2x2.png using Guid(7d257ab44dda7c7488bf6248ae4116fe) Importer(815301076,1909f56bfc062723c751e8b465ee728b) (PreviewImporter) -> (artifact id: '73e31c51e4b32af9fbe769cba4258cca') in 0.0099389 seconds
Number of updated asset objects reloaded before import = 0Number of asset objects unloaded after import = 2

========================================================================
Received Import Request.
  Time since last request: 0.000024 seconds.
  path: Assets/Assets Cidade/Previews/fence-3x3.png
  artifactKey: Guid(a9ebfcef38fbcb641a1258531acda2d5) Importer(815301076,1909f56bfc062723c751e8b465ee728b)
Start importing Assets/Assets Cidade/Previews/fence-3x3.png using Guid(a9ebfcef38fbcb641a1258531acda2d5) Importer(815301076,1909f56bfc062723c751e8b465ee728b) (PreviewImporter) -> (artifact id: '9f396877dfc999be8feb1a75b102897d') in 0.0099871 seconds
Number of updated asset objects reloaded before import = 0Number of asset objects unloaded after import = 2

========================================================================
Received Import Request.
  Time since last request: 0.000030 seconds.
  path: Assets/Pasta carros/Previews/firetruck.png
  artifactKey: Guid(4ef8c126248695a4180acfd861307bb0) Importer(815301076,1909f56bfc062723c751e8b465ee728b)
Start importing Assets/Pasta carros/Previews/firetruck.png using Guid(4ef8c126248695a4180acfd861307bb0) Importer(815301076,1909f56bfc062723c751e8b465ee728b) (PreviewImporter) -> (artifact id: 'd36cda87cf2cb1f3d00a291a01dd51a4') in 0.0093519 seconds
Number of updated asset objects reloaded before import = 0Number of asset objects unloaded after import = 2

========================================================================
Received Import Request.
  Time since last request: 0.091361 seconds.
  path: Assets/TextMesh Pro/Examples & Extras/Textures/Floor Tiles 1 - diffuse.jpg
  artifactKey: Guid(85ac55597b97403c82fc6601a93cf241) Importer(815301076,1909f56bfc062723c751e8b465ee728b)
Start importing Assets/TextMesh Pro/Examples & Extras/Textures/Floor Tiles 1 - diffuse.jpg using Guid(85ac55597b97403c82fc6601a93cf241) Importer(815301076,1909f56bfc062723c751e8b465ee728b) (PreviewImporter) -> (artifact id: '226d70179f5fe13d674772446c01d3a3') in 0.0151857 seconds
Number of updated asset objects reloaded before import = 0Number of asset objects unloaded after import = 2

========================================================================
Received Import Request.
  Time since last request: 0.240528 seconds.
  path: Assets/Pasta carros/Previews/garbage-truck.png
  artifactKey: Guid(d07b26f03e098b34faf11d152cb7dab2) Importer(815301076,1909f56bfc062723c751e8b465ee728b)
Start importing Assets/Pasta carros/Previews/garbage-truck.png using Guid(d07b26f03e098b34faf11d152cb7dab2) Importer(815301076,1909f56bfc062723c751e8b465ee728b) (PreviewImporter) -> (artifact id: 'd92ba3d711fccd59bf4caaa39033831f') in 0.0201126 seconds
Number of updated asset objects reloaded before import = 0Number of asset objects unloaded after import = 2

========================================================================
Received Import Request.
  Time since last request: 0.252736 seconds.
  path: Assets/TextMesh Pro/Examples & Extras/Textures/Gradient Horizontal (Color).jpg
  artifactKey: Guid(6eb184de103d4b3f812b38561065192f) Importer(815301076,1909f56bfc062723c751e8b465ee728b)
Start importing Assets/TextMesh Pro/Examples & Extras/Textures/Gradient Horizontal (Color).jpg using Guid(6eb184de103d4b3f812b38561065192f) Importer(815301076,1909f56bfc062723c751e8b465ee728b) (PreviewImporter) -> (artifact id: '89832d72064d95274d66f01056e70f42') in 0.0110321 seconds
Number of updated asset objects reloaded before import = 0Number of asset objects unloaded after import = 2

========================================================================
Received Import Request.
  Time since last request: 0.000027 seconds.
  path: Assets/Scenes/Previews/hatchback-sports.png
  artifactKey: Guid(5ae011af5b5bca943b332e07cbcdca4d) Importer(815301076,1909f56bfc062723c751e8b465ee728b)
Start importing Assets/Scenes/Previews/hatchback-sports.png using Guid(5ae011af5b5bca943b332e07cbcdca4d) Importer(815301076,1909f56bfc062723c751e8b465ee728b) (PreviewImporter) -> (artifact id: '13fe9a7c68c425545bad2ced105e31b5') in 0.0101382 seconds
Number of updated asset objects reloaded before import = 0Number of asset objects unloaded after import = 2

========================================================================
Received Import Request.
  Time since last request: 0.335591 seconds.
  path: Assets/Assets Cidade/Previews/path-long.png
  artifactKey: Guid(7c4d8a37bb61da54ab095343ac78d114) Importer(815301076,1909f56bfc062723c751e8b465ee728b)
Start importing Assets/Assets Cidade/Previews/path-long.png using Guid(7c4d8a37bb61da54ab095343ac78d114) Importer(815301076,1909f56bfc062723c751e8b465ee728b) (PreviewImporter) -> (artifact id: '77a0e80ab05262bff0754589b58b03a0') in 0.0125846 seconds
Number of updated asset objects reloaded before import = 0Number of asset objects unloaded after import = 2

========================================================================
Received Import Request.
  Time since last request: 0.000024 seconds.
  path: Assets/Assets Cidade/Previews/path-stones-long.png
  artifactKey: Guid(abfdaff8214c03b438c1e63c0918c4d9) Importer(815301076,1909f56bfc062723c751e8b465ee728b)
Start importing Assets/Assets Cidade/Previews/path-stones-long.png using Guid(abfdaff8214c03b438c1e63c0918c4d9) Importer(815301076,1909f56bfc062723c751e8b465ee728b) (PreviewImporter) -> (artifact id: 'fc678cdf2d4ff4ba08ff6ee9d52d4bce') in 0.0127734 seconds
Number of updated asset objects reloaded before import = 0Number of asset objects unloaded after import = 2

========================================================================
Received Import Request.
  Time since last request: 0.181662 seconds.
  path: Assets/Assets Cidade/Previews/path-stones-short.png
  artifactKey: Guid(01d8d588856b1844fa032cd130e87f90) Importer(815301076,1909f56bfc062723c751e8b465ee728b)
Start importing Assets/Assets Cidade/Previews/path-stones-short.png using Guid(01d8d588856b1844fa032cd130e87f90) Importer(815301076,1909f56bfc062723c751e8b465ee728b) (PreviewImporter) -> (artifact id: '9aa733f53d510c92cc952657f03af165') in 0.011171 seconds
Number of updated asset objects reloaded before import = 0Number of asset objects unloaded after import = 2

========================================================================
Received Import Request.
  Time since last request: 0.000026 seconds.
  path: Assets/Pasta carros/Previews/police.png
  artifactKey: Guid(fec565f36286b5949a6a68e9a266750d) Importer(815301076,1909f56bfc062723c751e8b465ee728b)
Start importing Assets/Pasta carros/Previews/police.png using Guid(fec565f36286b5949a6a68e9a266750d) Importer(815301076,1909f56bfc062723c751e8b465ee728b) (PreviewImporter) -> (artifact id: '63a003489e568324dda4b8dd34d63a15') in 0.0127249 seconds
Number of updated asset objects reloaded before import = 0Number of asset objects unloaded after import = 2

========================================================================
Received Import Request.
  Time since last request: 0.000035 seconds.
  path: Assets/Scenes/Previews/race.png
  artifactKey: Guid(9b2a02a52f212aa448ed52e0a968a46c) Importer(815301076,1909f56bfc062723c751e8b465ee728b)
Start importing Assets/Scenes/Previews/race.png using Guid(9b2a02a52f212aa448ed52e0a968a46c) Importer(815301076,1909f56bfc062723c751e8b465ee728b) (PreviewImporter) -> (artifact id: '7d044a19f658ead33a34ee370bc2f130') in 0.009634 seconds
Number of updated asset objects reloaded before import = 0Number of asset objects unloaded after import = 2

========================================================================
Received Import Request.
  Time since last request: 0.176359 seconds.
  path: Assets/Scenes/Previews/race-future.png
  artifactKey: Guid(8a33b0089496c274c8d46316e9eabe8b) Importer(815301076,1909f56bfc062723c751e8b465ee728b)
Start importing Assets/Scenes/Previews/race-future.png using Guid(8a33b0089496c274c8d46316e9eabe8b) Importer(815301076,1909f56bfc062723c751e8b465ee728b) (PreviewImporter) -> (artifact id: '76e70368981370478146d993dc6f8656') in 0.009821 seconds
Number of updated asset objects reloaded before import = 0Number of asset objects unloaded after import = 2

========================================================================
Received Import Request.
  Time since last request: 0.001698 seconds.
  path: Assets/Scenes/Previews/sedan.png
  artifactKey: Guid(14662f96dd27fbb40959f108e25cc0ea) Importer(815301076,1909f56bfc062723c751e8b465ee728b)
Start importing Assets/Scenes/Previews/sedan.png using Guid(14662f96dd27fbb40959f108e25cc0ea) Importer(815301076,1909f56bfc062723c751e8b465ee728b) (PreviewImporter) -> (artifact id: 'ac84efa038ad75ff9257072a1eb09dd3') in 0.0143012 seconds
Number of updated asset objects reloaded before import = 0Number of asset objects unloaded after import = 2

========================================================================
Received Import Request.
  Time since last request: 0.193504 seconds.
  path: Assets/Pasta carros/Previews/sedan-sports.png
  artifactKey: Guid(6a0afba629836f646a0b3bc6f4d222ef) Importer(815301076,1909f56bfc062723c751e8b465ee728b)
Start importing Assets/Pasta carros/Previews/sedan-sports.png using Guid(6a0afba629836f646a0b3bc6f4d222ef) Importer(815301076,1909f56bfc062723c751e8b465ee728b) (PreviewImporter) -> (artifact id: '6649b782aa4a4ab9526f5873df2f140a') in 0.0100337 seconds
Number of updated asset objects reloaded before import = 0Number of asset objects unloaded after import = 2

========================================================================
Received Import Request.
  Time since last request: 0.010399 seconds.
  path: Assets/TextMesh Pro/Examples & Extras/Textures/Sunny Days - Seamless.jpg
  artifactKey: Guid(17c350171f7a3ca479f830547c66d187) Importer(815301076,1909f56bfc062723c751e8b465ee728b)
Start importing Assets/TextMesh Pro/Examples & Extras/Textures/Sunny Days - Seamless.jpg using Guid(17c350171f7a3ca479f830547c66d187) Importer(815301076,1909f56bfc062723c751e8b465ee728b) (PreviewImporter) -> (artifact id: '21f8a95bf88b75b0ac32fa10e5170578') in 0.0109709 seconds
Number of updated asset objects reloaded before import = 0Number of asset objects unloaded after import = 2

========================================================================
Received Import Request.
  Time since last request: 0.126981 seconds.
  path: Assets/Pasta carros/Previews/suv.png
  artifactKey: Guid(2055e55098ab9164d949c31a346e1267) Importer(815301076,1909f56bfc062723c751e8b465ee728b)
Start importing Assets/Pasta carros/Previews/suv.png using Guid(2055e55098ab9164d949c31a346e1267) Importer(815301076,1909f56bfc062723c751e8b465ee728b) (PreviewImporter) -> (artifact id: 'c9d965e665fc3b53c1adf3f247bbce9d') in 0.0103999 seconds
Number of updated asset objects reloaded before import = 0Number of asset objects unloaded after import = 2

========================================================================
Received Import Request.
  Time since last request: 0.011229 seconds.
  path: Assets/Scenes/Previews/suv-luxury.png
  artifactKey: Guid(77f67786633859b4bbc8555919b5ef27) Importer(815301076,1909f56bfc062723c751e8b465ee728b)
Start importing Assets/Scenes/Previews/suv-luxury.png using Guid(77f67786633859b4bbc8555919b5ef27) Importer(815301076,1909f56bfc062723c751e8b465ee728b) (PreviewImporter) -> (artifact id: '2753b4cb6e4861340088e6ac20c9a6a8') in 0.0090507 seconds
Number of updated asset objects reloaded before import = 0Number of asset objects unloaded after import = 2

========================================================================
Received Import Request.
  Time since last request: 0.189047 seconds.
  path: Assets/TextMesh Pro/Examples & Extras/Textures/Text Overflow - Linked Text UI Screenshot.png
  artifactKey: Guid(c76d18757a194d618355f05f815cb0a1) Importer(815301076,1909f56bfc062723c751e8b465ee728b)
Start importing Assets/TextMesh Pro/Examples & Extras/Textures/Text Overflow - Linked Text UI Screenshot.png using Guid(c76d18757a194d618355f05f815cb0a1) Importer(815301076,1909f56bfc062723c751e8b465ee728b) (PreviewImporter) -> (artifact id: 'c671a0af69d5f67f38537d26260244b0') in 0.0133221 seconds
Number of updated asset objects reloaded before import = 0Number of asset objects unloaded after import = 2

========================================================================
Received Import Request.
  Time since last request: 0.000023 seconds.
  path: Assets/Scenes/Previews/tractor-police.png
  artifactKey: Guid(1d6dfe2d6b92f664999d6d900b8c071e) Importer(815301076,1909f56bfc062723c751e8b465ee728b)
Start importing Assets/Scenes/Previews/tractor-police.png using Guid(1d6dfe2d6b92f664999d6d900b8c071e) Importer(815301076,1909f56bfc062723c751e8b465ee728b) (PreviewImporter) -> (artifact id: '4c240a230522ea231285e8f5002c60cd') in 0.009453 seconds
Number of updated asset objects reloaded before import = 0Number of asset objects unloaded after import = 2

========================================================================
Received Import Request.
  Time since last request: 0.216387 seconds.
  path: Assets/Pasta carros/Previews/tractor-shovel.png
  artifactKey: Guid(3e9c193da7b33f9468df542129cfd804) Importer(815301076,1909f56bfc062723c751e8b465ee728b)
Start importing Assets/Pasta carros/Previews/tractor-shovel.png using Guid(3e9c193da7b33f9468df542129cfd804) Importer(815301076,1909f56bfc062723c751e8b465ee728b) (PreviewImporter) -> (artifact id: '4931b7f492080fd37a274f05d67ffcee') in 0.0107293 seconds
Number of updated asset objects reloaded before import = 0Number of asset objects unloaded after import = 2

========================================================================
Received Import Request.
  Time since last request: 0.000041 seconds.
  path: Assets/Assets Cidade/Previews/tree-small.png
  artifactKey: Guid(6bb2bfe9bacb4c24c87ee53cf885739f) Importer(815301076,1909f56bfc062723c751e8b465ee728b)
Start importing Assets/Assets Cidade/Previews/tree-small.png using Guid(6bb2bfe9bacb4c24c87ee53cf885739f) Importer(815301076,1909f56bfc062723c751e8b465ee728b) (PreviewImporter) -> (artifact id: '10de04cb55bbb99726703458c524b7c6') in 0.0105174 seconds
Number of updated asset objects reloaded before import = 0Number of asset objects unloaded after import = 2

========================================================================
Received Import Request.
  Time since last request: 0.000025 seconds.
  path: Assets/Scenes/Previews/truck-flat.png
  artifactKey: Guid(01e0232a0b9af4f4c91afe8ec35746af) Importer(815301076,1909f56bfc062723c751e8b465ee728b)
Start importing Assets/Scenes/Previews/truck-flat.png using Guid(01e0232a0b9af4f4c91afe8ec35746af) Importer(815301076,1909f56bfc062723c751e8b465ee728b) (PreviewImporter) -> (artifact id: '9ef574bd88296185cc85d0724a59a69b') in 0.0092969 seconds
Number of updated asset objects reloaded before import = 0Number of asset objects unloaded after import = 2

========================================================================
Received Import Request.
  Time since last request: 0.329484 seconds.
  path: Assets/Pasta carros/Previews/van.png
  artifactKey: Guid(d426901631fc5ad4c824a8436dfff715) Importer(815301076,1909f56bfc062723c751e8b465ee728b)
Start importing Assets/Pasta carros/Previews/van.png using Guid(d426901631fc5ad4c824a8436dfff715) Importer(815301076,1909f56bfc062723c751e8b465ee728b) (PreviewImporter) -> (artifact id: 'e10a74ec552a15854790f5f75fb26c8f') in 0.0107549 seconds
Number of updated asset objects reloaded before import = 0Number of asset objects unloaded after import = 2

========================================================================
Received Import Request.
  Time since last request: 0.003960 seconds.
  path: Assets/Assets Cidade/Models/Textures/variation-b.png
  artifactKey: Guid(32b2a1c6e1ae96f4585ad7141ad7bcac) Importer(815301076,1909f56bfc062723c751e8b465ee728b)
Start importing Assets/Assets Cidade/Models/Textures/variation-b.png using Guid(32b2a1c6e1ae96f4585ad7141ad7bcac) Importer(815301076,1909f56bfc062723c751e8b465ee728b) (PreviewImporter) -> (artifact id: 'b610f446797f12d57868cac790d3a475') in 0.0100386 seconds
Number of updated asset objects reloaded before import = 0Number of asset objects unloaded after import = 2

========================================================================
Received Import Request.
  Time since last request: 0.218477 seconds.
  path: Assets/Scenes/Previews/wheel-dark.png
  artifactKey: Guid(32a6a64f05b061f49b9f2bb9b529c4c4) Importer(815301076,1909f56bfc062723c751e8b465ee728b)
Start importing Assets/Scenes/Previews/wheel-dark.png using Guid(32a6a64f05b061f49b9f2bb9b529c4c4) Importer(815301076,1909f56bfc062723c751e8b465ee728b) (PreviewImporter) -> (artifact id: 'cc86cd5f8e1c39699a29771b2f37007c') in 0.0102775 seconds
Number of updated asset objects reloaded before import = 0Number of asset objects unloaded after import = 2

========================================================================
Received Import Request.
  Time since last request: 0.014750 seconds.
  path: Assets/Pasta carros/Previews/wheel-default.png
  artifactKey: Guid(be76bf4fdbd99fd4096f0bbfff59791f) Importer(815301076,1909f56bfc062723c751e8b465ee728b)
Start importing Assets/Pasta carros/Previews/wheel-default.png using Guid(be76bf4fdbd99fd4096f0bbfff59791f) Importer(815301076,1909f56bfc062723c751e8b465ee728b) (PreviewImporter) -> (artifact id: 'ee615e1cce567983bb751b8828bdc594') in 0.0116126 seconds
Number of updated asset objects reloaded before import = 0Number of asset objects unloaded after import = 2

========================================================================
Received Import Request.
  Time since last request: 0.000021 seconds.
  path: Assets/Scenes/Previews/wheel-racing.png
  artifactKey: Guid(884578a4b7658984baeb634a501376ec) Importer(815301076,1909f56bfc062723c751e8b465ee728b)
Start importing Assets/Scenes/Previews/wheel-racing.png using Guid(884578a4b7658984baeb634a501376ec) Importer(815301076,1909f56bfc062723c751e8b465ee728b) (PreviewImporter) -> (artifact id: '3dc91a15613aa379509f0037d5c19886') in 0.009226 seconds
Number of updated asset objects reloaded before import = 0Number of asset objects unloaded after import = 2

========================================================================
Received Import Request.
  Time since last request: 0.248025 seconds.
  path: Assets/Pasta carros/Previews/wheel-tractor-dark-back.png
  artifactKey: Guid(64614745b0674a0459401f21d6468651) Importer(815301076,1909f56bfc062723c751e8b465ee728b)
Start importing Assets/Pasta carros/Previews/wheel-tractor-dark-back.png using Guid(64614745b0674a0459401f21d6468651) Importer(815301076,1909f56bfc062723c751e8b465ee728b) (PreviewImporter) -> (artifact id: '45a80765a868d0e87725c3930f3931d8') in 0.0094798 seconds
Number of updated asset objects reloaded before import = 0Number of asset objects unloaded after import = 2

========================================================================
Received Import Request.
  Time since last request: 0.000022 seconds.
  path: Assets/Scenes/Previews/wheel-tractor-dark-front.png
  artifactKey: Guid(79724eb9992a4aa40b126a238d80b821) Importer(815301076,1909f56bfc062723c751e8b465ee728b)
Start importing Assets/Scenes/Previews/wheel-tractor-dark-front.png using Guid(79724eb9992a4aa40b126a238d80b821) Importer(815301076,1909f56bfc062723c751e8b465ee728b) (PreviewImporter) -> (artifact id: 'c7697320763ce3565e402c59e103dcd0') in 0.0101196 seconds
Number of updated asset objects reloaded before import = 0Number of asset objects unloaded after import = 2

========================================================================
Received Import Request.
  Time since last request: 0.000023 seconds.
  path: Assets/Pasta carros/Previews/wheel-truck.png
  artifactKey: Guid(519deddc4fafc7f4eaf1a2be488d7b93) Importer(815301076,1909f56bfc062723c751e8b465ee728b)
Start importing Assets/Pasta carros/Previews/wheel-truck.png using Guid(519deddc4fafc7f4eaf1a2be488d7b93) Importer(815301076,1909f56bfc062723c751e8b465ee728b) (PreviewImporter) -> (artifact id: '869c0a7667e5377b3238ee2a88423fd1') in 0.0105856 seconds
Number of updated asset objects reloaded before import = 0Number of asset objects unloaded after import = 2

========================================================================
Received Import Request.
  Time since last request: 0.265567 seconds.
  path: Assets/TextMesh Pro/Examples & Extras/Textures/Wipe Pattern - Circle.psd
  artifactKey: Guid(10c49fcd9c64421db7c0133e61e55f97) Importer(815301076,1909f56bfc062723c751e8b465ee728b)
Start importing Assets/TextMesh Pro/Examples & Extras/Textures/Wipe Pattern - Circle.psd using Guid(10c49fcd9c64421db7c0133e61e55f97) Importer(815301076,1909f56bfc062723c751e8b465ee728b) (PreviewImporter) -> (artifact id: '067b86f56b66cea071a71f8b7b811258') in 0.0195304 seconds
Number of updated asset objects reloaded before import = 0Number of asset objects unloaded after import = 2

========================================================================
Received Import Request.
  Time since last request: 0.005462 seconds.
  path: Assets/TextMesh Pro/Examples & Extras/Textures/Wipe Pattern - Radial Quad.psd
  artifactKey: Guid(2b5e9ae96c5644d8bae932f8b4ca68a2) Importer(815301076,1909f56bfc062723c751e8b465ee728b)
Start importing Assets/TextMesh Pro/Examples & Extras/Textures/Wipe Pattern - Radial Quad.psd using Guid(2b5e9ae96c5644d8bae932f8b4ca68a2) Importer(815301076,1909f56bfc062723c751e8b465ee728b) (PreviewImporter) -> (artifact id: 'cbe7a629e111971491a368aba847cab5') in 0.0136991 seconds
Number of updated asset objects reloaded before import = 0Number of asset objects unloaded after import = 2

========================================================================
Received Prepare
Begin MonoManager ReloadAssembly
- Loaded All Assemblies, in  1.022 seconds
Refreshing native plugins compatible for Editor in 2.97 ms, found 3 plugins.
Native extension for LinuxStandalone target not found
Native extension for iOS target not found
Native extension for Android target not found
Native extension for UWP target not found
Native extension for WindowsStandalone target not found
Failed to load: C:/Program Files/Unity 6000.0.38f1/Editor/Data/PlaybackEngines/VisionOSPlayer\x64\UnityEditor.VisionOS.Native.dll
Native extension for VisionOS target not found
Native extension for WebGL target not found
Mono: successfully reloaded assembly
- Finished resetting the current domain, in  2.066 seconds
Domain Reload Profiling: 3083ms
	BeginReloadAssembly (269ms)
		ExecutionOrderSort (0ms)
		DisableScriptedObjects (8ms)
		BackupInstance (0ms)
		ReleaseScriptingObjects (0ms)
		CreateAndSetChildDomain (62ms)
	RebuildCommonClasses (46ms)
	RebuildNativeTypeToScriptingClass (18ms)
	initialDomainReloadingComplete (42ms)
	LoadAllAssembliesAndSetupDomain (642ms)
		LoadAssemblies (537ms)
		RebuildTransferFunctionScriptingTraits (0ms)
		AnalyzeDomain (246ms)
			TypeCache.Refresh (9ms)
				TypeCache.ScanAssembly (0ms)
			BuildScriptInfoCaches (216ms)
			ResolveRequiredComponents (16ms)
	FinalizeReload (2067ms)
		ReleaseScriptCaches (0ms)
		RebuildScriptCaches (0ms)
		SetupLoadedEditorAssemblies (1527ms)
			LogAssemblyErrors (0ms)
			InitializePlatformSupportModulesInManaged (91ms)
			SetLoadedEditorAssemblies (14ms)
			BeforeProcessingInitializeOnLoad (283ms)
			ProcessInitializeOnLoadAttributes (969ms)
			ProcessInitializeOnLoadMethodAttributes (150ms)
			AfterProcessingInitializeOnLoad (18ms)
			EditorAssembliesLoaded (0ms)
		ExecutionOrderSort2 (0ms)
		AwakeInstancesAfterBackupRestoration (38ms)
Refreshing native plugins compatible for Editor in 2.92 ms, found 3 plugins.
Preloading 0 native plugins for Editor in 0.00 ms.
Unloading 37 Unused Serialized files (Serialized files now loaded: 0)
Unloading 5989 unused Assets / (7.4 MB). Loaded Objects now: 6699.
Memory consumption went from 159.8 MB to 152.4 MB.
Total: 29.821300 ms (FindLiveObjects: 3.601400 ms CreateObjectMapping: 1.206600 ms MarkObjects: 12.756400 ms  DeleteObjects: 12.252100 ms)

Prepare: number of updated asset objects reloaded= 0
========================================================================
Received Import Request.
  Time since last request: 948.866112 seconds.
  path: Assets/Imagens/Materials/NewLayer 1.terrainlayer
  artifactKey: Guid(cadd3d9cd04b81d418ebdd4e00e7e1e4) Importer(815301076,1909f56bfc062723c751e8b465ee728b)
Start importing Assets/Imagens/Materials/NewLayer 1.terrainlayer using Guid(cadd3d9cd04b81d418ebdd4e00e7e1e4) Importer(815301076,1909f56bfc062723c751e8b465ee728b) (PreviewImporter) -> (artifact id: 'c18af2a96c97680299a9185822472229') in 0.0967031 seconds
Number of updated asset objects reloaded before import = 0Number of asset objects unloaded after import = 2

========================================================================
Received Import Request.
  Time since last request: 0.000051 seconds.
  path: Assets/Imagens/Materials/NewLayer 5.terrainlayer
  artifactKey: Guid(4e9776ee1337c63429f67fd318514fea) Importer(815301076,1909f56bfc062723c751e8b465ee728b)
Start importing Assets/Imagens/Materials/NewLayer 5.terrainlayer using Guid(4e9776ee1337c63429f67fd318514fea) Importer(815301076,1909f56bfc062723c751e8b465ee728b) (PreviewImporter) -> (artifact id: 'e9d6db666af94d15c42b94a7ed3c9eee') in 0.0132746 seconds
Number of updated asset objects reloaded before import = 0Number of asset objects unloaded after import = 2

========================================================================
Received Import Request.
  Time since last request: 0.000045 seconds.
  path: Assets/Imagens/Materials/NewLayer 6.terrainlayer
  artifactKey: Guid(42469ce1bf9ee074583b83d2bd0f215b) Importer(815301076,1909f56bfc062723c751e8b465ee728b)
Start importing Assets/Imagens/Materials/NewLayer 6.terrainlayer using Guid(42469ce1bf9ee074583b83d2bd0f215b) Importer(815301076,1909f56bfc062723c751e8b465ee728b) (PreviewImporter) -> (artifact id: '79f588620bca042db38284219cf01fdb') in 0.0120904 seconds
Number of updated asset objects reloaded before import = 0Number of asset objects unloaded after import = 2

