Using pre-set license
Built from '6000.0/staging' branch; Version is '6000.0.38f1 (82314a941f2d) revision 8532298'; Using compiler version '193933523'; Build Type 'Release'
OS: 'Windows 11  (10.0.26100) 64bit CoreSingleLanguage' Language: 'pt' Physical Memory: 7876 MB
BatchMode: 1, IsHumanControllingUs: 0, StartBugReporterOnCrash: 0, Is64bit: 1, IsPro: 1

COMMAND LINE ARGUMENTS:
C:\Program Files\Unity\Hub\Editor\6000.0.38f1\Editor\Unity.exe
-adb2
-batchMode
-noUpm
-name
AssetImportWorker5
-projectPath
C:/Users/padil/OneDrive/Documentos/GitHub/Projeto3/FunFairAdventures
-logFile
Logs/AssetImportWorker5.log
-srvPort
59295
-job-worker-count
5
-background-job-worker-count
8
-gc-helper-count
1
Successfully changed project path to: C:/Users/padil/OneDrive/Documentos/GitHub/Projeto3/FunFairAdventures
C:/Users/padil/OneDrive/Documentos/GitHub/Projeto3/FunFairAdventures
[UnityMemory] Configuration Parameters - Can be set up in boot.config
    "memorysetup-bucket-allocator-granularity=16"
    "memorysetup-bucket-allocator-bucket-count=8"
    "memorysetup-bucket-allocator-block-size=33554432"
    "memorysetup-bucket-allocator-block-count=8"
    "memorysetup-main-allocator-block-size=16777216"
    "memorysetup-thread-allocator-block-size=16777216"
    "memorysetup-gfx-main-allocator-block-size=16777216"
    "memorysetup-gfx-thread-allocator-block-size=16777216"
    "memorysetup-cache-allocator-block-size=4194304"
    "memorysetup-typetree-allocator-block-size=2097152"
    "memorysetup-profiler-bucket-allocator-granularity=16"
    "memorysetup-profiler-bucket-allocator-bucket-count=8"
    "memorysetup-profiler-bucket-allocator-block-size=33554432"
    "memorysetup-profiler-bucket-allocator-block-count=8"
    "memorysetup-profiler-allocator-block-size=16777216"
    "memorysetup-profiler-editor-allocator-block-size=1048576"
    "memorysetup-temp-allocator-size-main=16777216"
    "memorysetup-job-temp-allocator-block-size=2097152"
    "memorysetup-job-temp-allocator-block-size-background=1048576"
    "memorysetup-job-temp-allocator-reduction-small-platforms=262144"
    "memorysetup-allocator-temp-initial-block-size-main=262144"
    "memorysetup-allocator-temp-initial-block-size-worker=262144"
    "memorysetup-temp-allocator-size-background-worker=32768"
    "memorysetup-temp-allocator-size-job-worker=262144"
    "memorysetup-temp-allocator-size-preload-manager=33554432"
    "memorysetup-temp-allocator-size-nav-mesh-worker=65536"
    "memorysetup-temp-allocator-size-audio-worker=65536"
    "memorysetup-temp-allocator-size-cloud-worker=32768"
    "memorysetup-temp-allocator-size-gi-baking-worker=262144"
    "memorysetup-temp-allocator-size-gi-baking-worker=262144"
    "memorysetup-temp-allocator-size-gi-baking-worker=262144"
    "memorysetup-temp-allocator-size-gi-baking-worker=262144"
    "memorysetup-temp-allocator-size-gi-baking-worker=262144"
    "memorysetup-temp-allocator-size-gfx=262144"
Player connection [28304]  Target information:

Player connection [28304]  * "[IP] 192.168.15.7 [Port] 0 [Flags] 2 [Guid] 3983654499 [EditorId] 3983654499 [Version] 1048832 [Id] WindowsEditor(7,Padilla) [Debug] 1 [PackageName] WindowsEditor [ProjectName] Editor" 

Player connection [28304] Host joined multi-casting on [225.0.0.222:54997]...
Player connection [28304] Host joined alternative multi-casting on [225.0.0.222:34997]...
JobSystem: Creating JobQueue using job-worker-count value 5
Input System module state changed to: Initialized.
[Physics::Module] Initialized fallback backend.
[Physics::Module] Id: 0xdecafbad
Library Redirect Path: Library/
[Physics::Module] Selected backend.
[Physics::Module] Name: PhysX
[Physics::Module] Id: 0xf2b8ea05
[Physics::Module] SDK Version: 4.1.2
[Physics::Module] Integration Version: 1.0.0
[Physics::Module] Threading Mode: Multi-Threaded
Refreshing native plugins compatible for Editor in 32.80 ms, found 3 plugins.
Preloading 0 native plugins for Editor in 0.00 ms.
Initialize engine version: 6000.0.38f1 (82314a941f2d)
[Subsystems] Discovering subsystems at path C:/Program Files/Unity/Hub/Editor/6000.0.38f1/Editor/Data/Resources/UnitySubsystems
[Subsystems] Discovering subsystems at path C:/Users/padil/OneDrive/Documentos/GitHub/Projeto3/FunFairAdventures/Assets
GfxDevice: creating device client; kGfxThreadingModeNonThreaded
Direct3D:
    Version:  Direct3D 11.0 [level 11.1]
    Renderer: Intel(R) UHD Graphics (ID=0x4628)
    Vendor:   Intel
    VRAM:     3938 MB
    Driver:   32.0.101.6078
Initialize mono
Mono path[0] = 'C:/Program Files/Unity/Hub/Editor/6000.0.38f1/Editor/Data/Managed'
Mono path[1] = 'C:/Program Files/Unity/Hub/Editor/6000.0.38f1/Editor/Data/MonoBleedingEdge/lib/mono/unityjit-win32'
Mono config path = 'C:/Program Files/Unity/Hub/Editor/6000.0.38f1/Editor/Data/MonoBleedingEdge/etc'
Using monoOptions --debugger-agent=transport=dt_socket,embedding=1,server=y,suspend=n,address=127.0.0.1:56628
Begin MonoManager ReloadAssembly
Registering precompiled unity dll's ...
Register platform support module: C:/Program Files/Unity/Hub/Editor/6000.0.38f1/Editor/Data/PlaybackEngines/WebGLSupport/UnityEditor.WebGL.Extensions.dll
Register platform support module: C:/Program Files/Unity/Hub/Editor/6000.0.38f1/Editor/Data/PlaybackEngines/WindowsStandaloneSupport/UnityEditor.WindowsStandalone.Extensions.dll
Registered in 0.010778 seconds.
- Loaded All Assemblies, in  1.031 seconds
Native extension for WindowsStandalone target not found
Native extension for WebGL target not found
Mono: successfully reloaded assembly
- Finished resetting the current domain, in  0.744 seconds
Domain Reload Profiling: 1777ms
	BeginReloadAssembly (528ms)
		ExecutionOrderSort (0ms)
		DisableScriptedObjects (0ms)
		BackupInstance (0ms)
		ReleaseScriptingObjects (0ms)
		CreateAndSetChildDomain (8ms)
	RebuildCommonClasses (79ms)
	RebuildNativeTypeToScriptingClass (15ms)
	initialDomainReloadingComplete (103ms)
	LoadAllAssembliesAndSetupDomain (302ms)
		LoadAssemblies (512ms)
		RebuildTransferFunctionScriptingTraits (0ms)
		AnalyzeDomain (293ms)
			TypeCache.Refresh (289ms)
				TypeCache.ScanAssembly (261ms)
			BuildScriptInfoCaches (1ms)
			ResolveRequiredComponents (2ms)
	FinalizeReload (750ms)
		ReleaseScriptCaches (0ms)
		RebuildScriptCaches (0ms)
		SetupLoadedEditorAssemblies (626ms)
			LogAssemblyErrors (0ms)
			InitializePlatformSupportModulesInManaged (44ms)
			SetLoadedEditorAssemblies (6ms)
			BeforeProcessingInitializeOnLoad (105ms)
			ProcessInitializeOnLoadAttributes (355ms)
			ProcessInitializeOnLoadMethodAttributes (116ms)
			AfterProcessingInitializeOnLoad (0ms)
			EditorAssembliesLoaded (0ms)
		ExecutionOrderSort2 (0ms)
		AwakeInstancesAfterBackupRestoration (0ms)
========================================================================
Worker process is ready to serve import requests
Import Worker Mode flag is 0x00
Begin MonoManager ReloadAssembly
- Loaded All Assemblies, in  1.856 seconds
Refreshing native plugins compatible for Editor in 9.90 ms, found 3 plugins.
Native extension for WindowsStandalone target not found
Native extension for WebGL target not found
Mono: successfully reloaded assembly
- Finished resetting the current domain, in  1.378 seconds
Domain Reload Profiling: 3203ms
	BeginReloadAssembly (264ms)
		ExecutionOrderSort (0ms)
		DisableScriptedObjects (12ms)
		BackupInstance (0ms)
		ReleaseScriptingObjects (0ms)
		CreateAndSetChildDomain (40ms)
	RebuildCommonClasses (56ms)
	RebuildNativeTypeToScriptingClass (12ms)
	initialDomainReloadingComplete (53ms)
	LoadAllAssembliesAndSetupDomain (1440ms)
		LoadAssemblies (800ms)
		RebuildTransferFunctionScriptingTraits (0ms)
		AnalyzeDomain (801ms)
			TypeCache.Refresh (622ms)
				TypeCache.ScanAssembly (577ms)
			BuildScriptInfoCaches (159ms)
			ResolveRequiredComponents (16ms)
	FinalizeReload (1378ms)
		ReleaseScriptCaches (0ms)
		RebuildScriptCaches (0ms)
		SetupLoadedEditorAssemblies (1040ms)
			LogAssemblyErrors (0ms)
			InitializePlatformSupportModulesInManaged (3ms)
			SetLoadedEditorAssemblies (8ms)
			BeforeProcessingInitializeOnLoad (133ms)
			ProcessInitializeOnLoadAttributes (725ms)
			ProcessInitializeOnLoadMethodAttributes (156ms)
			AfterProcessingInitializeOnLoad (14ms)
			EditorAssembliesLoaded (0ms)
		ExecutionOrderSort2 (0ms)
		AwakeInstancesAfterBackupRestoration (9ms)
Launched and connected shader compiler UnityShaderCompiler.exe after 0.07 seconds
Refreshing native plugins compatible for Editor in 2.90 ms, found 3 plugins.
Preloading 0 native plugins for Editor in 0.00 ms.
Unloading 212 Unused Serialized files (Serialized files now loaded: 0)
Unloading 5994 unused Assets / (4.7 MB). Loaded Objects now: 6699.
Memory consumption went from 163.4 MB to 158.7 MB.
Total: 40.868500 ms (FindLiveObjects: 3.421300 ms CreateObjectMapping: 2.098600 ms MarkObjects: 21.448500 ms  DeleteObjects: 13.891900 ms)

========================================================================
Received Import Request.
  Time since last request: 435043.683664 seconds.
  path: Assets/Pasta carros/OBJ format/debris-bumper.obj
  artifactKey: Guid(c62b642c0b82f6b46ab1442853c56157) Importer(815301076,1909f56bfc062723c751e8b465ee728b)
Start importing Assets/Pasta carros/OBJ format/debris-bumper.obj using Guid(c62b642c0b82f6b46ab1442853c56157) Importer(815301076,1909f56bfc062723c751e8b465ee728b) (PreviewImporter) -> (artifact id: '66fa0fdb4f4d0e34c440f23fe17100f3') in 2.506 seconds
Number of updated asset objects reloaded before import = 0Number of asset objects unloaded after import = 11

========================================================================
Received Import Request.
  Time since last request: 0.000141 seconds.
  path: Assets/Pasta carros/FBX format/tractor.fbx
  artifactKey: Guid(8a0430b963da4a34a9ca3251ce8321d4) Importer(815301076,1909f56bfc062723c751e8b465ee728b)
Start importing Assets/Pasta carros/FBX format/tractor.fbx using Guid(8a0430b963da4a34a9ca3251ce8321d4) Importer(815301076,1909f56bfc062723c751e8b465ee728b) (PreviewImporter) -> (artifact id: 'f2372a114eab49f70773d3a6660bf774') in 0.2789722 seconds
Number of updated asset objects reloaded before import = 0Number of asset objects unloaded after import = 31

========================================================================
Received Import Request.
  Time since last request: 0.000135 seconds.
  path: Assets/Pasta carros/FBX format/debris-bumper.fbx
  artifactKey: Guid(004b4657615de8448a265dac355bbb71) Importer(815301076,1909f56bfc062723c751e8b465ee728b)
Start importing Assets/Pasta carros/FBX format/debris-bumper.fbx using Guid(004b4657615de8448a265dac355bbb71) Importer(815301076,1909f56bfc062723c751e8b465ee728b) (PreviewImporter) -> (artifact id: 'e2018935b3ba29eb5a7be1e0305aedbf') in 0.0758648 seconds
Number of updated asset objects reloaded before import = 0Number of asset objects unloaded after import = 9

========================================================================
Received Import Request.
  Time since last request: 0.000096 seconds.
  path: Packages/com.unity.searcher/Editor/Resources/FlatSkin/Font/Roboto-Black.ttf
  artifactKey: Guid(1062c701058745940ae5dca6219c64c8) Importer(815301076,1909f56bfc062723c751e8b465ee728b)
Start importing Packages/com.unity.searcher/Editor/Resources/FlatSkin/Font/Roboto-Black.ttf using Guid(1062c701058745940ae5dca6219c64c8) Importer(815301076,1909f56bfc062723c751e8b465ee728b) (PreviewImporter) -> (artifact id: '88be9e00bae548ceb7f5df3f48e603bf') in 0.0929247 seconds
Number of updated asset objects reloaded before import = 0Number of asset objects unloaded after import = 4

========================================================================
Received Import Request.
  Time since last request: 0.000162 seconds.
  path: Packages/com.unity.searcher/Editor/Resources/FlatSkin/Font/Roboto-Regular.ttf
  artifactKey: Guid(30dc370b164eefc43b95744fc796dad0) Importer(815301076,1909f56bfc062723c751e8b465ee728b)
Start importing Packages/com.unity.searcher/Editor/Resources/FlatSkin/Font/Roboto-Regular.ttf using Guid(30dc370b164eefc43b95744fc796dad0) Importer(815301076,1909f56bfc062723c751e8b465ee728b) (PreviewImporter) -> (artifact id: 'ccceda932a3c33f21971b8f486052229') in 0.0440092 seconds
Number of updated asset objects reloaded before import = 0Number of asset objects unloaded after import = 4

========================================================================
Received Import Request.
  Time since last request: 0.000067 seconds.
  path: Assets/Pasta carros/FBX format/tractor-police.fbx
  artifactKey: Guid(533a95302a412a24b97eae2e54da7c4f) Importer(815301076,1909f56bfc062723c751e8b465ee728b)
Start importing Assets/Pasta carros/FBX format/tractor-police.fbx using Guid(533a95302a412a24b97eae2e54da7c4f) Importer(815301076,1909f56bfc062723c751e8b465ee728b) (PreviewImporter) -> (artifact id: '9b5f97f359911ae64e3c72271802a0af') in 0.2743741 seconds
Number of updated asset objects reloaded before import = 0Number of asset objects unloaded after import = 36

========================================================================
Received Import Request.
  Time since last request: 0.000126 seconds.
  path: Packages/com.unity.searcher/Editor/Resources/FlatSkin/Font/Roboto-Italic.ttf
  artifactKey: Guid(c839255fc8f6b4b4d90bf8c1af9f9bd1) Importer(815301076,1909f56bfc062723c751e8b465ee728b)
Start importing Packages/com.unity.searcher/Editor/Resources/FlatSkin/Font/Roboto-Italic.ttf using Guid(c839255fc8f6b4b4d90bf8c1af9f9bd1) Importer(815301076,1909f56bfc062723c751e8b465ee728b) (PreviewImporter) -> (artifact id: 'b4cbfb2c31baf0031a16c9b129ced601') in 0.0471735 seconds
Number of updated asset objects reloaded before import = 0Number of asset objects unloaded after import = 4

========================================================================
Received Import Request.
  Time since last request: 0.000129 seconds.
  path: Assets/Pasta carros/OBJ format/taxi.obj
  artifactKey: Guid(85fef84bc6d71bb42b68db953b96c1b1) Importer(815301076,1909f56bfc062723c751e8b465ee728b)
Start importing Assets/Pasta carros/OBJ format/taxi.obj using Guid(85fef84bc6d71bb42b68db953b96c1b1) Importer(815301076,1909f56bfc062723c751e8b465ee728b) (PreviewImporter) -> (artifact id: '5becba6db92319111e9042111b0754d4') in 0.2667512 seconds
Number of updated asset objects reloaded before import = 0Number of asset objects unloaded after import = 31

========================================================================
Received Import Request.
  Time since last request: 0.000096 seconds.
  path: Assets/Pasta carros/OBJ format/tractor.obj
  artifactKey: Guid(107fb054d158b324c8c74c40fd93a133) Importer(815301076,1909f56bfc062723c751e8b465ee728b)
Start importing Assets/Pasta carros/OBJ format/tractor.obj using Guid(107fb054d158b324c8c74c40fd93a133) Importer(815301076,1909f56bfc062723c751e8b465ee728b) (PreviewImporter) -> (artifact id: 'bc6f12b26162ca3a684217413aa21663') in 0.2458504 seconds
Number of updated asset objects reloaded before import = 0Number of asset objects unloaded after import = 31

========================================================================
Received Import Request.
  Time since last request: 0.000120 seconds.
  path: Packages/com.unity.render-pipelines.universal/Shaders/FullscreenInvertColors.shadergraph
  artifactKey: Guid(fb6390f650ca44a5ba3246d8dda47927) Importer(815301076,1909f56bfc062723c751e8b465ee728b)
Start importing Packages/com.unity.render-pipelines.universal/Shaders/FullscreenInvertColors.shadergraph using Guid(fb6390f650ca44a5ba3246d8dda47927) Importer(815301076,1909f56bfc062723c751e8b465ee728b) (PreviewImporter) -> (artifact id: '7f9ec7eed7f7acb51b5c6bdb752c1a3c') in 1.0368912 seconds
Number of updated asset objects reloaded before import = 0Number of asset objects unloaded after import = 2

========================================================================
Received Import Request.
  Time since last request: 0.000107 seconds.
  path: Assets/Materials/Rust/Cup_Rust 1.mat
  artifactKey: Guid(e4674d8c6d9dd0744957a3bbfc140cb2) Importer(815301076,1909f56bfc062723c751e8b465ee728b)
Start importing Assets/Materials/Rust/Cup_Rust 1.mat using Guid(e4674d8c6d9dd0744957a3bbfc140cb2) Importer(815301076,1909f56bfc062723c751e8b465ee728b) (PreviewImporter) -> (artifact id: 'ae0c0c107eacd268b12796c96d6d622c') in 0.081697 seconds
Number of updated asset objects reloaded before import = 0Number of asset objects unloaded after import = 4

========================================================================
Received Import Request.
  Time since last request: 0.000284 seconds.
  path: Assets/Pasta carros/OBJ format/wheel-truck.obj
  artifactKey: Guid(a7b95e58b34e14d4fa59707593be9cf9) Importer(815301076,1909f56bfc062723c751e8b465ee728b)
Start importing Assets/Pasta carros/OBJ format/wheel-truck.obj using Guid(a7b95e58b34e14d4fa59707593be9cf9) Importer(815301076,1909f56bfc062723c751e8b465ee728b) (PreviewImporter) -> (artifact id: 'e32614973d0170838567a11ecd0c717f') in 0.3201686 seconds
Number of updated asset objects reloaded before import = 0Number of asset objects unloaded after import = 11

========================================================================
Received Import Request.
  Time since last request: 0.000091 seconds.
  path: Assets/Pasta carros/FBX format/sedan-sports.fbx
  artifactKey: Guid(5e0705d88daffc948acf490cac18e462) Importer(815301076,1909f56bfc062723c751e8b465ee728b)
Start importing Assets/Pasta carros/FBX format/sedan-sports.fbx using Guid(5e0705d88daffc948acf490cac18e462) Importer(815301076,1909f56bfc062723c751e8b465ee728b) (PreviewImporter) -> (artifact id: '5f96e0e654eb8360cfd0482c95e94127') in 0.4243412 seconds
Number of updated asset objects reloaded before import = 0Number of asset objects unloaded after import = 36

========================================================================
Received Import Request.
  Time since last request: 0.000159 seconds.
  path: Assets/Pasta carros/OBJ format/sedan.obj
  artifactKey: Guid(8ee38421058b2f049a4512bc960ba888) Importer(815301076,1909f56bfc062723c751e8b465ee728b)
Start importing Assets/Pasta carros/OBJ format/sedan.obj using Guid(8ee38421058b2f049a4512bc960ba888) Importer(815301076,1909f56bfc062723c751e8b465ee728b) (PreviewImporter) -> (artifact id: '9fb7bd03db4191262462eb001d793b4d') in 0.3414319 seconds
Number of updated asset objects reloaded before import = 0Number of asset objects unloaded after import = 31

========================================================================
Received Import Request.
  Time since last request: 0.000098 seconds.
  path: Assets/Pasta carros/OBJ format/debris-drivetrain-axle.obj
  artifactKey: Guid(1d4fab351eb96054baf8353b2200bc60) Importer(815301076,1909f56bfc062723c751e8b465ee728b)
Start importing Assets/Pasta carros/OBJ format/debris-drivetrain-axle.obj using Guid(1d4fab351eb96054baf8353b2200bc60) Importer(815301076,1909f56bfc062723c751e8b465ee728b) (PreviewImporter) -> (artifact id: '922c3ac67de5626c44a3af9da2083e46') in 0.19678 seconds
Number of updated asset objects reloaded before import = 0Number of asset objects unloaded after import = 11

========================================================================
Received Import Request.
  Time since last request: 0.000131 seconds.
  path: Assets/Pasta carros/OBJ format/truck.obj
  artifactKey: Guid(1918f79d14c2ddf468c29b64ff5b8277) Importer(815301076,1909f56bfc062723c751e8b465ee728b)
Start importing Assets/Pasta carros/OBJ format/truck.obj using Guid(1918f79d14c2ddf468c29b64ff5b8277) Importer(815301076,1909f56bfc062723c751e8b465ee728b) (PreviewImporter) -> (artifact id: '9cc42de47973089a264d43a6eb8e6d3a') in 0.383305 seconds
Number of updated asset objects reloaded before import = 0Number of asset objects unloaded after import = 31

========================================================================
Received Import Request.
  Time since last request: 0.000097 seconds.
  path: Assets/Pasta carros/FBX format/debris-plate-small-b.fbx
  artifactKey: Guid(2b8abbe55525f0744b837be0ee992101) Importer(815301076,1909f56bfc062723c751e8b465ee728b)
Start importing Assets/Pasta carros/FBX format/debris-plate-small-b.fbx using Guid(2b8abbe55525f0744b837be0ee992101) Importer(815301076,1909f56bfc062723c751e8b465ee728b) (PreviewImporter) -> (artifact id: '0a1b08ad19af1c84716778f93a9f221d') in 0.0925195 seconds
Number of updated asset objects reloaded before import = 0Number of asset objects unloaded after import = 9

========================================================================
Received Import Request.
  Time since last request: 0.000153 seconds.
  path: Assets/Pasta carros/OBJ format/debris-spoiler-a.obj
  artifactKey: Guid(5156fba151e8afd46afbc7fed60a1289) Importer(815301076,1909f56bfc062723c751e8b465ee728b)
Start importing Assets/Pasta carros/OBJ format/debris-spoiler-a.obj using Guid(5156fba151e8afd46afbc7fed60a1289) Importer(815301076,1909f56bfc062723c751e8b465ee728b) (PreviewImporter) -> (artifact id: 'cbf60ab088be350cf6fc7908ab13d537') in 0.1248483 seconds
Number of updated asset objects reloaded before import = 0Number of asset objects unloaded after import = 11

========================================================================
Received Import Request.
  Time since last request: 0.000181 seconds.
  path: Packages/com.unity.render-pipelines.universal/Runtime/Materials/FullscreenInvertColors.mat
  artifactKey: Guid(78a08787ca30045abb69f6f7dd878e09) Importer(815301076,1909f56bfc062723c751e8b465ee728b)
Start importing Packages/com.unity.render-pipelines.universal/Runtime/Materials/FullscreenInvertColors.mat using Guid(78a08787ca30045abb69f6f7dd878e09) Importer(815301076,1909f56bfc062723c751e8b465ee728b) (PreviewImporter) -> (artifact id: '0efd257517d5441bf18fdd37737dbff1') in 0.0563162 seconds
Number of updated asset objects reloaded before import = 0Number of asset objects unloaded after import = 2

========================================================================
Received Import Request.
  Time since last request: 0.000278 seconds.
  path: Assets/kenney_mini-characters/Models/FBX format/character-male-b.fbx
  artifactKey: Guid(9e874b2e393ce794bae2bc8aff0dd0be) Importer(815301076,1909f56bfc062723c751e8b465ee728b)
Start importing Assets/kenney_mini-characters/Models/FBX format/character-male-b.fbx using Guid(9e874b2e393ce794bae2bc8aff0dd0be) Importer(815301076,1909f56bfc062723c751e8b465ee728b) (PreviewImporter) -> (artifact id: '249ea9ddb34e19597e8b502a71422897') in 0.3361608 seconds
Number of updated asset objects reloaded before import = 0Number of asset objects unloaded after import = 60

========================================================================
Received Import Request.
  Time since last request: 0.000176 seconds.
  path: Assets/Pasta carros/OBJ format/wheel-tractor-dark-front.obj
  artifactKey: Guid(8c8befc20c6febc40bbcc0be459553d2) Importer(815301076,1909f56bfc062723c751e8b465ee728b)
Start importing Assets/Pasta carros/OBJ format/wheel-tractor-dark-front.obj using Guid(8c8befc20c6febc40bbcc0be459553d2) Importer(815301076,1909f56bfc062723c751e8b465ee728b) (PreviewImporter) -> (artifact id: 'da8c484def30b189cfb71038608237fe') in 0.1528706 seconds
Number of updated asset objects reloaded before import = 0Number of asset objects unloaded after import = 11

========================================================================
Received Import Request.
  Time since last request: 0.000144 seconds.
  path: Assets/Pasta carros/FBX format/debris-plate-small-a.fbx
  artifactKey: Guid(2332b749b460424458fd091aab4fd513) Importer(815301076,1909f56bfc062723c751e8b465ee728b)
Start importing Assets/Pasta carros/FBX format/debris-plate-small-a.fbx using Guid(2332b749b460424458fd091aab4fd513) Importer(815301076,1909f56bfc062723c751e8b465ee728b) (PreviewImporter) -> (artifact id: 'd803faf76f9a245fdf2c0faede290aa5') in 0.1107412 seconds
Number of updated asset objects reloaded before import = 0Number of asset objects unloaded after import = 9

Editor requested this worker to shutdown with reason: Scaling down because of idle timeout
AssetImportWorker is now disconnected from the server
Process exiting
Exiting without the bug reporter. Application will terminate with return code 0