Using pre-set license
Built from '6000.0/staging' branch; Version is '6000.0.38f1 (82314a941f2d) revision 8532298'; Using compiler version '193933523'; Build Type 'Release'
OS: 'Windows 10  (10.0.19045) 64bit Professional' Language: 'pt' Physical Memory: 7880 MB
BatchMode: 1, IsHumanControllingUs: 0, StartBugReporterOnCrash: 0, Is64bit: 1, IsPro: 1

COMMAND LINE ARGUMENTS:
C:\Program Files\Unity 6000.0.38f1\Editor\Unity.exe
-adb2
-batchMode
-noUpm
-name
AssetImportWorker10
-projectPath
C:/Users/25027188/Desktop/Projeto3-main/FunFairAdventures
-logFile
Logs/AssetImportWorker10.log
-srvPort
60076
-job-worker-count
9
-background-job-worker-count
8
-gc-helper-count
1
Successfully changed project path to: C:/Users/25027188/Desktop/Projeto3-main/FunFairAdventures
C:/Users/25027188/Desktop/Projeto3-main/FunFairAdventures
[UnityMemory] Configuration Parameters - Can be set up in boot.config
    "memorysetup-bucket-allocator-granularity=16"
    "memorysetup-bucket-allocator-bucket-count=8"
    "memorysetup-bucket-allocator-block-size=33554432"
    "memorysetup-bucket-allocator-block-count=8"
    "memorysetup-main-allocator-block-size=16777216"
    "memorysetup-thread-allocator-block-size=16777216"
    "memorysetup-gfx-main-allocator-block-size=16777216"
    "memorysetup-gfx-thread-allocator-block-size=16777216"
    "memorysetup-cache-allocator-block-size=4194304"
    "memorysetup-typetree-allocator-block-size=2097152"
    "memorysetup-profiler-bucket-allocator-granularity=16"
    "memorysetup-profiler-bucket-allocator-bucket-count=8"
    "memorysetup-profiler-bucket-allocator-block-size=33554432"
    "memorysetup-profiler-bucket-allocator-block-count=8"
    "memorysetup-profiler-allocator-block-size=16777216"
    "memorysetup-profiler-editor-allocator-block-size=1048576"
    "memorysetup-temp-allocator-size-main=16777216"
    "memorysetup-job-temp-allocator-block-size=2097152"
    "memorysetup-job-temp-allocator-block-size-background=1048576"
    "memorysetup-job-temp-allocator-reduction-small-platforms=262144"
    "memorysetup-allocator-temp-initial-block-size-main=262144"
    "memorysetup-allocator-temp-initial-block-size-worker=262144"
    "memorysetup-temp-allocator-size-background-worker=32768"
    "memorysetup-temp-allocator-size-job-worker=262144"
    "memorysetup-temp-allocator-size-preload-manager=33554432"
    "memorysetup-temp-allocator-size-nav-mesh-worker=65536"
    "memorysetup-temp-allocator-size-audio-worker=65536"
    "memorysetup-temp-allocator-size-cloud-worker=32768"
    "memorysetup-temp-allocator-size-gi-baking-worker=262144"
    "memorysetup-temp-allocator-size-gi-baking-worker=262144"
    "memorysetup-temp-allocator-size-gi-baking-worker=262144"
    "memorysetup-temp-allocator-size-gi-baking-worker=262144"
    "memorysetup-temp-allocator-size-gi-baking-worker=262144"
    "memorysetup-temp-allocator-size-gfx=262144"
Player connection [20284]  Target information:

Player connection [20284]  * "[IP] 10.1.34.82 [Port] 0 [Flags] 2 [Guid] 4193191716 [EditorId] 4193191716 [Version] 1048832 [Id] WindowsEditor(7,350-35) [Debug] 1 [PackageName] WindowsEditor [ProjectName] Editor" 

Player connection [20284]  * "[IP] 192.168.56.1 [Port] 0 [Flags] 2 [Guid] 4193191716 [EditorId] 4193191716 [Version] 1048832 [Id] WindowsEditor(7,350-35) [Debug] 1 [PackageName] WindowsEditor [ProjectName] Editor" 

Player connection [20284]  * "[IP] 172.26.208.1 [Port] 0 [Flags] 2 [Guid] 4193191716 [EditorId] 4193191716 [Version] 1048832 [Id] WindowsEditor(7,350-35) [Debug] 1 [PackageName] WindowsEditor [ProjectName] Editor" 

Player connection [20284] Host joined multi-casting on [225.0.0.222:54997]...
Player connection [20284] Host joined alternative multi-casting on [225.0.0.222:34997]...
JobSystem: Creating JobQueue using job-worker-count value 9
Input System module state changed to: Initialized.
[Physics::Module] Initialized fallback backend.
[Physics::Module] Id: 0xdecafbad
Library Redirect Path: Library/
[Physics::Module] Selected backend.
[Physics::Module] Name: PhysX
[Physics::Module] Id: 0xf2b8ea05
[Physics::Module] SDK Version: 4.1.2
[Physics::Module] Integration Version: 1.0.0
[Physics::Module] Threading Mode: Multi-Threaded
Refreshing native plugins compatible for Editor in 7.99 ms, found 3 plugins.
Preloading 0 native plugins for Editor in 0.00 ms.
Initialize engine version: 6000.0.38f1 (82314a941f2d)
[Subsystems] Discovering subsystems at path C:/Program Files/Unity 6000.0.38f1/Editor/Data/Resources/UnitySubsystems
[Subsystems] Discovering subsystems at path C:/Users/25027188/Desktop/Projeto3-main/FunFairAdventures/Assets
GfxDevice: creating device client; kGfxThreadingModeNonThreaded
Direct3D:
    Version:  Direct3D 11.0 [level 11.1]
    Renderer: Intel(R) UHD Graphics 770 (ID=0x4680)
    Vendor:   Intel
    VRAM:     3940 MB
    Driver:   32.0.101.6078
Initialize mono
Mono path[0] = 'C:/Program Files/Unity 6000.0.38f1/Editor/Data/Managed'
Mono path[1] = 'C:/Program Files/Unity 6000.0.38f1/Editor/Data/MonoBleedingEdge/lib/mono/unityjit-win32'
Mono config path = 'C:/Program Files/Unity 6000.0.38f1/Editor/Data/MonoBleedingEdge/etc'
Using monoOptions --debugger-agent=transport=dt_socket,embedding=1,server=y,suspend=n,address=127.0.0.1:56664
Begin MonoManager ReloadAssembly
Registering precompiled unity dll's ...
Register platform support module: C:/Program Files/Unity 6000.0.38f1/Editor/Data/PlaybackEngines/WebGLSupport/UnityEditor.WebGL.Extensions.dll
Register platform support module: C:/Program Files/Unity 6000.0.38f1/Editor/Data/PlaybackEngines/VisionOSPlayer/UnityEditor.VisionOS.Extensions.dll
Register platform support module: C:/Program Files/Unity 6000.0.38f1/Editor/Data/PlaybackEngines/WindowsStandaloneSupport/UnityEditor.WindowsStandalone.Extensions.dll
Register platform support module: C:/Program Files/Unity 6000.0.38f1/Editor/Data/PlaybackEngines/MetroSupport/UnityEditor.UWP.Extensions.dll
Register platform support module: C:/Program Files/Unity 6000.0.38f1/Editor/Data/PlaybackEngines/AndroidPlayer/UnityEditor.Android.Extensions.dll
Register platform support module: C:/Program Files/Unity 6000.0.38f1/Editor/Data/PlaybackEngines/iOSSupport/UnityEditor.iOS.Extensions.dll
Register platform support module: C:/Program Files/Unity 6000.0.38f1/Editor/Data/PlaybackEngines/LinuxStandaloneSupport/UnityEditor.LinuxStandalone.Extensions.dll
Registered in 0.024752 seconds.
- Loaded All Assemblies, in  0.772 seconds
Native extension for LinuxStandalone target not found
[usbmuxd] Start listen thread
[usbmuxd] Listen thread started
Native extension for iOS target not found
Native extension for Android target not found
Native extension for UWP target not found
Native extension for WindowsStandalone target not found
Failed to load: C:/Program Files/Unity 6000.0.38f1/Editor/Data/PlaybackEngines/VisionOSPlayer\x64\UnityEditor.VisionOS.Native.dll
Native extension for VisionOS target not found
Native extension for WebGL target not found
Mono: successfully reloaded assembly
- Finished resetting the current domain, in  0.634 seconds
Domain Reload Profiling: 1401ms
	BeginReloadAssembly (340ms)
		ExecutionOrderSort (0ms)
		DisableScriptedObjects (0ms)
		BackupInstance (0ms)
		ReleaseScriptingObjects (0ms)
		CreateAndSetChildDomain (2ms)
	RebuildCommonClasses (58ms)
	RebuildNativeTypeToScriptingClass (17ms)
	initialDomainReloadingComplete (100ms)
	LoadAllAssembliesAndSetupDomain (251ms)
		LoadAssemblies (332ms)
		RebuildTransferFunctionScriptingTraits (0ms)
		AnalyzeDomain (245ms)
			TypeCache.Refresh (243ms)
				TypeCache.ScanAssembly (221ms)
			BuildScriptInfoCaches (0ms)
			ResolveRequiredComponents (1ms)
	FinalizeReload (635ms)
		ReleaseScriptCaches (0ms)
		RebuildScriptCaches (0ms)
		SetupLoadedEditorAssemblies (574ms)
			LogAssemblyErrors (0ms)
			InitializePlatformSupportModulesInManaged (218ms)
			SetLoadedEditorAssemblies (5ms)
			BeforeProcessingInitializeOnLoad (75ms)
			ProcessInitializeOnLoadAttributes (186ms)
			ProcessInitializeOnLoadMethodAttributes (90ms)
			AfterProcessingInitializeOnLoad (0ms)
			EditorAssembliesLoaded (0ms)
		ExecutionOrderSort2 (0ms)
		AwakeInstancesAfterBackupRestoration (0ms)
========================================================================
Worker process is ready to serve import requests
Import Worker Mode flag is 0x00
Begin MonoManager ReloadAssembly
- Loaded All Assemblies, in  1.896 seconds
Refreshing native plugins compatible for Editor in 1.35 ms, found 3 plugins.
Native extension for LinuxStandalone target not found
Native extension for iOS target not found
Native extension for Android target not found
Native extension for UWP target not found
Native extension for WindowsStandalone target not found
Failed to load: C:/Program Files/Unity 6000.0.38f1/Editor/Data/PlaybackEngines/VisionOSPlayer\x64\UnityEditor.VisionOS.Native.dll
Native extension for VisionOS target not found
Native extension for WebGL target not found
Mono: successfully reloaded assembly
- Finished resetting the current domain, in  1.185 seconds
Domain Reload Profiling: 3073ms
	BeginReloadAssembly (293ms)
		ExecutionOrderSort (0ms)
		DisableScriptedObjects (9ms)
		BackupInstance (0ms)
		ReleaseScriptingObjects (0ms)
		CreateAndSetChildDomain (51ms)
	RebuildCommonClasses (50ms)
	RebuildNativeTypeToScriptingClass (17ms)
	initialDomainReloadingComplete (59ms)
	LoadAllAssembliesAndSetupDomain (1468ms)
		LoadAssemblies (1065ms)
		RebuildTransferFunctionScriptingTraits (0ms)
		AnalyzeDomain (574ms)
			TypeCache.Refresh (475ms)
				TypeCache.ScanAssembly (378ms)
			BuildScriptInfoCaches (77ms)
			ResolveRequiredComponents (17ms)
	FinalizeReload (1187ms)
		ReleaseScriptCaches (0ms)
		RebuildScriptCaches (0ms)
		SetupLoadedEditorAssemblies (954ms)
			LogAssemblyErrors (0ms)
			InitializePlatformSupportModulesInManaged (58ms)
			SetLoadedEditorAssemblies (6ms)
			BeforeProcessingInitializeOnLoad (154ms)
			ProcessInitializeOnLoadAttributes (587ms)
			ProcessInitializeOnLoadMethodAttributes (140ms)
			AfterProcessingInitializeOnLoad (9ms)
			EditorAssembliesLoaded (0ms)
		ExecutionOrderSort2 (0ms)
		AwakeInstancesAfterBackupRestoration (9ms)
Launched and connected shader compiler UnityShaderCompiler.exe after 0.01 seconds
Refreshing native plugins compatible for Editor in 1.44 ms, found 3 plugins.
Preloading 0 native plugins for Editor in 0.00 ms.
Unloading 213 Unused Serialized files (Serialized files now loaded: 0)
Unloading 5961 unused Assets / (3.8 MB). Loaded Objects now: 6683.
Memory consumption went from 171.0 MB to 167.2 MB.
Total: 11.795000 ms (FindLiveObjects: 1.451500 ms CreateObjectMapping: 0.717000 ms MarkObjects: 6.811100 ms  DeleteObjects: 2.812200 ms)

========================================================================
Received Import Request.
  Time since last request: 8000.722917 seconds.
  path: Assets/Pasta carros/FBX format/cone.fbx
  artifactKey: Guid(3c08debadbaffe842b93612b1dd6db68) Importer(815301076,1909f56bfc062723c751e8b465ee728b)
Start importing Assets/Pasta carros/FBX format/cone.fbx using Guid(3c08debadbaffe842b93612b1dd6db68) Importer(815301076,1909f56bfc062723c751e8b465ee728b) (PreviewImporter) -> (artifact id: '0f595282994fe4df10e092a5e6ecaa20') in 1.1837017 seconds
Number of updated asset objects reloaded before import = 0Number of asset objects unloaded after import = 9

========================================================================
Received Import Request.
  Time since last request: 0.000068 seconds.
  path: Assets/Pasta carros/FBX format/taxi.fbx
  artifactKey: Guid(42c97259216de674aa65e8fcd7ad6e15) Importer(815301076,1909f56bfc062723c751e8b465ee728b)
Start importing Assets/Pasta carros/FBX format/taxi.fbx using Guid(42c97259216de674aa65e8fcd7ad6e15) Importer(815301076,1909f56bfc062723c751e8b465ee728b) (PreviewImporter) -> (artifact id: '5e4d49f1b18c744d1647b45928faac02') in 0.1781742 seconds
Number of updated asset objects reloaded before import = 0Number of asset objects unloaded after import = 31

========================================================================
Received Import Request.
  Time since last request: 0.000058 seconds.
  path: Assets/Pasta carros/FBX format/sedan-sports.fbx
  artifactKey: Guid(5e0705d88daffc948acf490cac18e462) Importer(815301076,1909f56bfc062723c751e8b465ee728b)
Start importing Assets/Pasta carros/FBX format/sedan-sports.fbx using Guid(5e0705d88daffc948acf490cac18e462) Importer(815301076,1909f56bfc062723c751e8b465ee728b) (PreviewImporter) -> (artifact id: '72b7e5f4cdb907ef9c50f8966186ed92') in 0.1740364 seconds
Number of updated asset objects reloaded before import = 0Number of asset objects unloaded after import = 36

========================================================================
Received Import Request.
  Time since last request: 0.000048 seconds.
  path: Assets/Pasta carros/FBX format/debris-plate-small-a.fbx
  artifactKey: Guid(2332b749b460424458fd091aab4fd513) Importer(815301076,1909f56bfc062723c751e8b465ee728b)
Start importing Assets/Pasta carros/FBX format/debris-plate-small-a.fbx using Guid(2332b749b460424458fd091aab4fd513) Importer(815301076,1909f56bfc062723c751e8b465ee728b) (PreviewImporter) -> (artifact id: 'f61e75cc8c5316147b85bfda2e2358e1') in 0.0665974 seconds
Number of updated asset objects reloaded before import = 0Number of asset objects unloaded after import = 9

========================================================================
Received Import Request.
  Time since last request: 0.000150 seconds.
  path: Assets/Pasta carros/FBX format/delivery-flat.fbx
  artifactKey: Guid(c7e18031c6f4a5e479c6bd5539946971) Importer(815301076,1909f56bfc062723c751e8b465ee728b)
Start importing Assets/Pasta carros/FBX format/delivery-flat.fbx using Guid(c7e18031c6f4a5e479c6bd5539946971) Importer(815301076,1909f56bfc062723c751e8b465ee728b) (PreviewImporter) -> (artifact id: '4d825ec3ab4d06be77b6bb5206bc5df2') in 0.1940111 seconds
Number of updated asset objects reloaded before import = 0Number of asset objects unloaded after import = 31

========================================================================
Received Import Request.
  Time since last request: 0.000061 seconds.
  path: Assets/Pasta carros/FBX format/debris-door.fbx
  artifactKey: Guid(aa08e818540cee5478fe0089d225adcb) Importer(815301076,1909f56bfc062723c751e8b465ee728b)
Start importing Assets/Pasta carros/FBX format/debris-door.fbx using Guid(aa08e818540cee5478fe0089d225adcb) Importer(815301076,1909f56bfc062723c751e8b465ee728b) (PreviewImporter) -> (artifact id: '1b429c08f9c4ac0ef2d8cc66143bda98') in 0.0519493 seconds
Number of updated asset objects reloaded before import = 0Number of asset objects unloaded after import = 9

========================================================================
Received Import Request.
  Time since last request: 78.771061 seconds.
  path: Assets/Pasta carros/OBJ format/ambulance.obj
  artifactKey: Guid(9eae9e62abdb14c49abc72f5f2a5992f) Importer(815301076,1909f56bfc062723c751e8b465ee728b)
Start importing Assets/Pasta carros/OBJ format/ambulance.obj using Guid(9eae9e62abdb14c49abc72f5f2a5992f) Importer(815301076,1909f56bfc062723c751e8b465ee728b) (PreviewImporter) -> (artifact id: '4a2d938d35fdafb375694b5c7c2e802f') in 0.1496316 seconds
Number of updated asset objects reloaded before import = 0Number of asset objects unloaded after import = 41

========================================================================
Received Import Request.
  Time since last request: 0.000051 seconds.
  path: Assets/Pasta carros/OBJ format/debris-plate-b.obj
  artifactKey: Guid(5fd48be3d8778de40bece5acee9e201f) Importer(815301076,1909f56bfc062723c751e8b465ee728b)
Start importing Assets/Pasta carros/OBJ format/debris-plate-b.obj using Guid(5fd48be3d8778de40bece5acee9e201f) Importer(815301076,1909f56bfc062723c751e8b465ee728b) (PreviewImporter) -> (artifact id: '4b6983e62db88a98b6eed5e0afdfcca4') in 0.0457949 seconds
Number of updated asset objects reloaded before import = 0Number of asset objects unloaded after import = 11

========================================================================
Received Import Request.
  Time since last request: 0.000061 seconds.
  path: Assets/Pasta carros/OBJ format/debris-door.obj
  artifactKey: Guid(40bbfde2f48a11747b43b4422740453b) Importer(815301076,1909f56bfc062723c751e8b465ee728b)
Start importing Assets/Pasta carros/OBJ format/debris-door.obj using Guid(40bbfde2f48a11747b43b4422740453b) Importer(815301076,1909f56bfc062723c751e8b465ee728b) (PreviewImporter) -> (artifact id: 'eae8b03b316fbf5dceb1ffe5516bb0c2') in 0.0488543 seconds
Number of updated asset objects reloaded before import = 0Number of asset objects unloaded after import = 11

========================================================================
Received Import Request.
  Time since last request: 0.000098 seconds.
  path: Assets/Pasta carros/OBJ format/debris-plate-small-b.obj
  artifactKey: Guid(5588004ef079b1649bfab268637c9094) Importer(815301076,1909f56bfc062723c751e8b465ee728b)
Start importing Assets/Pasta carros/OBJ format/debris-plate-small-b.obj using Guid(5588004ef079b1649bfab268637c9094) Importer(815301076,1909f56bfc062723c751e8b465ee728b) (PreviewImporter) -> (artifact id: 'ca7aaefe1927d4fd6366e4f46b761904') in 0.0390396 seconds
Number of updated asset objects reloaded before import = 0Number of asset objects unloaded after import = 11

========================================================================
Received Import Request.
  Time since last request: 0.000035 seconds.
  path: Assets/Pasta carros/OBJ format/debris-plate-a.obj
  artifactKey: Guid(d580a671e883fc44bbf1bfc1299b6d60) Importer(815301076,1909f56bfc062723c751e8b465ee728b)
Start importing Assets/Pasta carros/OBJ format/debris-plate-a.obj using Guid(d580a671e883fc44bbf1bfc1299b6d60) Importer(815301076,1909f56bfc062723c751e8b465ee728b) (PreviewImporter) -> (artifact id: '32af222151fbaa41321e3e6080353746') in 0.042294 seconds
Number of updated asset objects reloaded before import = 0Number of asset objects unloaded after import = 11

========================================================================
Received Import Request.
  Time since last request: 0.000042 seconds.
  path: Assets/Pasta carros/OBJ format/debris-nut.obj
  artifactKey: Guid(16a2be637e9e79641bfe6d3536ce55c0) Importer(815301076,1909f56bfc062723c751e8b465ee728b)
Start importing Assets/Pasta carros/OBJ format/debris-nut.obj using Guid(16a2be637e9e79641bfe6d3536ce55c0) Importer(815301076,1909f56bfc062723c751e8b465ee728b) (PreviewImporter) -> (artifact id: '2bc2992cc55b484ca7af8326714073b9') in 0.0495467 seconds
Number of updated asset objects reloaded before import = 0Number of asset objects unloaded after import = 11

========================================================================
Received Import Request.
  Time since last request: 0.000146 seconds.
  path: Assets/Pasta carros/OBJ format/debris-drivetrain-axle.obj
  artifactKey: Guid(1d4fab351eb96054baf8353b2200bc60) Importer(815301076,1909f56bfc062723c751e8b465ee728b)
Start importing Assets/Pasta carros/OBJ format/debris-drivetrain-axle.obj using Guid(1d4fab351eb96054baf8353b2200bc60) Importer(815301076,1909f56bfc062723c751e8b465ee728b) (PreviewImporter) -> (artifact id: 'e5d923f2bbbbb461c82f33d417065a4b') in 0.0400157 seconds
Number of updated asset objects reloaded before import = 0Number of asset objects unloaded after import = 11

========================================================================
Received Import Request.
  Time since last request: 0.527690 seconds.
  path: Assets/Pasta carros/OBJ format/debris-spoiler-a.obj
  artifactKey: Guid(5156fba151e8afd46afbc7fed60a1289) Importer(815301076,1909f56bfc062723c751e8b465ee728b)
Start importing Assets/Pasta carros/OBJ format/debris-spoiler-a.obj using Guid(5156fba151e8afd46afbc7fed60a1289) Importer(815301076,1909f56bfc062723c751e8b465ee728b) (PreviewImporter) -> (artifact id: '62860c64cd1a41286609c5ceaab17727') in 0.046427 seconds
Number of updated asset objects reloaded before import = 0Number of asset objects unloaded after import = 11

========================================================================
Received Import Request.
  Time since last request: 0.000038 seconds.
  path: Assets/Pasta carros/OBJ format/delivery.obj
  artifactKey: Guid(51f0a94e5a320634c8b8eb0aa7887be1) Importer(815301076,1909f56bfc062723c751e8b465ee728b)
Start importing Assets/Pasta carros/OBJ format/delivery.obj using Guid(51f0a94e5a320634c8b8eb0aa7887be1) Importer(815301076,1909f56bfc062723c751e8b465ee728b) (PreviewImporter) -> (artifact id: '3cdd100defbe27094bb3921f00790a9c') in 0.15289 seconds
Number of updated asset objects reloaded before import = 0Number of asset objects unloaded after import = 36

========================================================================
Received Import Request.
  Time since last request: 0.470823 seconds.
  path: Assets/Pasta carros/OBJ format/firetruck.obj
  artifactKey: Guid(01c3c2f885feee249b1d184a4181faf8) Importer(815301076,1909f56bfc062723c751e8b465ee728b)
Start importing Assets/Pasta carros/OBJ format/firetruck.obj using Guid(01c3c2f885feee249b1d184a4181faf8) Importer(815301076,1909f56bfc062723c751e8b465ee728b) (PreviewImporter) -> (artifact id: '237e0a350e4a5e6af81245de77bd3d78') in 0.1598255 seconds
Number of updated asset objects reloaded before import = 0Number of asset objects unloaded after import = 36

========================================================================
Received Import Request.
  Time since last request: 0.000048 seconds.
  path: Assets/Pasta carros/OBJ format/sedan-sports.obj
  artifactKey: Guid(a8f709cce93f72646a063f86fb21187e) Importer(815301076,1909f56bfc062723c751e8b465ee728b)
Start importing Assets/Pasta carros/OBJ format/sedan-sports.obj using Guid(a8f709cce93f72646a063f86fb21187e) Importer(815301076,1909f56bfc062723c751e8b465ee728b) (PreviewImporter) -> (artifact id: 'f749e29ba981cd6ae994016194032e0a') in 0.1599486 seconds
Number of updated asset objects reloaded before import = 0Number of asset objects unloaded after import = 36

========================================================================
Received Import Request.
  Time since last request: 0.000074 seconds.
  path: Assets/Pasta carros/OBJ format/suv.obj
  artifactKey: Guid(b2cab09cb6a390242a0b62346b8da83c) Importer(815301076,1909f56bfc062723c751e8b465ee728b)
Start importing Assets/Pasta carros/OBJ format/suv.obj using Guid(b2cab09cb6a390242a0b62346b8da83c) Importer(815301076,1909f56bfc062723c751e8b465ee728b) (PreviewImporter) -> (artifact id: '762214e19187c55e3fd9a10af0218864') in 0.1714523 seconds
Number of updated asset objects reloaded before import = 0Number of asset objects unloaded after import = 36

========================================================================
Received Import Request.
  Time since last request: 0.000046 seconds.
  path: Assets/Pasta carros/OBJ format/race.obj
  artifactKey: Guid(9ff92b1dcc0d6724d998f4c2fa25312f) Importer(815301076,1909f56bfc062723c751e8b465ee728b)
Start importing Assets/Pasta carros/OBJ format/race.obj using Guid(9ff92b1dcc0d6724d998f4c2fa25312f) Importer(815301076,1909f56bfc062723c751e8b465ee728b) (PreviewImporter) -> (artifact id: 'b7055fd6844b3dfae690891aa51b76c3') in 0.1144292 seconds
Number of updated asset objects reloaded before import = 0Number of asset objects unloaded after import = 31

========================================================================
Received Import Request.
  Time since last request: 0.000048 seconds.
  path: Assets/Pasta carros/OBJ format/hatchback-sports.obj
  artifactKey: Guid(9eb6a808c5a64264292426dc1a243255) Importer(815301076,1909f56bfc062723c751e8b465ee728b)
Start importing Assets/Pasta carros/OBJ format/hatchback-sports.obj using Guid(9eb6a808c5a64264292426dc1a243255) Importer(815301076,1909f56bfc062723c751e8b465ee728b) (PreviewImporter) -> (artifact id: '17ce6736fe1b7e54efc018acf88c70f3') in 0.1172433 seconds
Number of updated asset objects reloaded before import = 0Number of asset objects unloaded after import = 31

========================================================================
Received Import Request.
  Time since last request: 0.199405 seconds.
  path: Assets/Pasta carros/OBJ format/taxi.obj
  artifactKey: Guid(85fef84bc6d71bb42b68db953b96c1b1) Importer(815301076,1909f56bfc062723c751e8b465ee728b)
Start importing Assets/Pasta carros/OBJ format/taxi.obj using Guid(85fef84bc6d71bb42b68db953b96c1b1) Importer(815301076,1909f56bfc062723c751e8b465ee728b) (PreviewImporter) -> (artifact id: 'dc6b95859db798f96bcab12e1c7924ff') in 0.1387166 seconds
Number of updated asset objects reloaded before import = 0Number of asset objects unloaded after import = 31

========================================================================
Received Import Request.
  Time since last request: 0.000084 seconds.
  path: Assets/Pasta carros/OBJ format/tractor-police.obj
  artifactKey: Guid(aa0dd42c0c5ce6948bd8299f26fbdf07) Importer(815301076,1909f56bfc062723c751e8b465ee728b)
Start importing Assets/Pasta carros/OBJ format/tractor-police.obj using Guid(aa0dd42c0c5ce6948bd8299f26fbdf07) Importer(815301076,1909f56bfc062723c751e8b465ee728b) (PreviewImporter) -> (artifact id: 'cb3a458be9e83729a0a0f56242cc264c') in 0.1426641 seconds
Number of updated asset objects reloaded before import = 0Number of asset objects unloaded after import = 36

========================================================================
Received Import Request.
  Time since last request: 0.970043 seconds.
  path: Assets/Pasta carros/OBJ format/truck-flat.obj
  artifactKey: Guid(5f1ab07df8f2e8a47b829612cbf45cc0) Importer(815301076,1909f56bfc062723c751e8b465ee728b)
Start importing Assets/Pasta carros/OBJ format/truck-flat.obj using Guid(5f1ab07df8f2e8a47b829612cbf45cc0) Importer(815301076,1909f56bfc062723c751e8b465ee728b) (PreviewImporter) -> (artifact id: '3dcef96951c8594a06c9891e961193cb') in 0.1309447 seconds
Number of updated asset objects reloaded before import = 0Number of asset objects unloaded after import = 31

========================================================================
Received Import Request.
  Time since last request: 0.000064 seconds.
  path: Assets/Pasta carros/OBJ format/wheel-dark.obj
  artifactKey: Guid(7f22eabd9d08beb41a5c5389af118dca) Importer(815301076,1909f56bfc062723c751e8b465ee728b)
Start importing Assets/Pasta carros/OBJ format/wheel-dark.obj using Guid(7f22eabd9d08beb41a5c5389af118dca) Importer(815301076,1909f56bfc062723c751e8b465ee728b) (PreviewImporter) -> (artifact id: '91e7d430622d15583854eeea49f5a515') in 0.0514669 seconds
Number of updated asset objects reloaded before import = 0Number of asset objects unloaded after import = 11

========================================================================
Received Import Request.
  Time since last request: 0.000062 seconds.
  path: Assets/Pasta carros/OBJ format/wheel-default.obj
  artifactKey: Guid(9b77baaa2f22d604ab98c358f592a2c7) Importer(815301076,1909f56bfc062723c751e8b465ee728b)
Start importing Assets/Pasta carros/OBJ format/wheel-default.obj using Guid(9b77baaa2f22d604ab98c358f592a2c7) Importer(815301076,1909f56bfc062723c751e8b465ee728b) (PreviewImporter) -> (artifact id: 'dbc11dbe4d29c141fb706733c6e3f43a') in 0.0449544 seconds
Number of updated asset objects reloaded before import = 0Number of asset objects unloaded after import = 11

========================================================================
Received Import Request.
  Time since last request: 17.505493 seconds.
  path: Assets/Pasta carros/OBJ format/wheel-tractor-dark-front.obj
  artifactKey: Guid(8c8befc20c6febc40bbcc0be459553d2) Importer(815301076,1909f56bfc062723c751e8b465ee728b)
Start importing Assets/Pasta carros/OBJ format/wheel-tractor-dark-front.obj using Guid(8c8befc20c6febc40bbcc0be459553d2) Importer(815301076,1909f56bfc062723c751e8b465ee728b) (PreviewImporter) -> (artifact id: 'a017bc519d18d6cf4215f1a8e36c1e58') in 0.0629616 seconds
Number of updated asset objects reloaded before import = 0Number of asset objects unloaded after import = 11

Editor requested this worker to shutdown with reason: Scaling down because of idle timeout
AssetImportWorker is now disconnected from the server
Process exiting
Exiting without the bug reporter. Application will terminate with return code 0