Using pre-set license
Built from '6000.0/staging' branch; Version is '6000.0.38f1 (82314a941f2d) revision 8532298'; Using compiler version '193933523'; Build Type 'Release'
OS: 'Windows 10  (10.0.19045) 64bit Professional' Language: 'pt' Physical Memory: 7880 MB
BatchMode: 1, IsHumanControllingUs: 0, StartBugReporterOnCrash: 0, Is64bit: 1, IsPro: 1

COMMAND LINE ARGUMENTS:
C:\Program Files\Unity 6000.0.38f1\Editor\Unity.exe
-adb2
-batchMode
-noUpm
-name
AssetImportWorker12
-projectPath
C:/Users/25027188/Desktop/Projeto3-main/FunFairAdventures
-logFile
Logs/AssetImportWorker12.log
-srvPort
60076
-job-worker-count
9
-background-job-worker-count
8
-gc-helper-count
1
Successfully changed project path to: C:/Users/25027188/Desktop/Projeto3-main/FunFairAdventures
C:/Users/25027188/Desktop/Projeto3-main/FunFairAdventures
[UnityMemory] Configuration Parameters - Can be set up in boot.config
    "memorysetup-bucket-allocator-granularity=16"
    "memorysetup-bucket-allocator-bucket-count=8"
    "memorysetup-bucket-allocator-block-size=33554432"
    "memorysetup-bucket-allocator-block-count=8"
    "memorysetup-main-allocator-block-size=16777216"
    "memorysetup-thread-allocator-block-size=16777216"
    "memorysetup-gfx-main-allocator-block-size=16777216"
    "memorysetup-gfx-thread-allocator-block-size=16777216"
    "memorysetup-cache-allocator-block-size=4194304"
    "memorysetup-typetree-allocator-block-size=2097152"
    "memorysetup-profiler-bucket-allocator-granularity=16"
    "memorysetup-profiler-bucket-allocator-bucket-count=8"
    "memorysetup-profiler-bucket-allocator-block-size=33554432"
    "memorysetup-profiler-bucket-allocator-block-count=8"
    "memorysetup-profiler-allocator-block-size=16777216"
    "memorysetup-profiler-editor-allocator-block-size=1048576"
    "memorysetup-temp-allocator-size-main=16777216"
    "memorysetup-job-temp-allocator-block-size=2097152"
    "memorysetup-job-temp-allocator-block-size-background=1048576"
    "memorysetup-job-temp-allocator-reduction-small-platforms=262144"
    "memorysetup-allocator-temp-initial-block-size-main=262144"
    "memorysetup-allocator-temp-initial-block-size-worker=262144"
    "memorysetup-temp-allocator-size-background-worker=32768"
    "memorysetup-temp-allocator-size-job-worker=262144"
    "memorysetup-temp-allocator-size-preload-manager=33554432"
    "memorysetup-temp-allocator-size-nav-mesh-worker=65536"
    "memorysetup-temp-allocator-size-audio-worker=65536"
    "memorysetup-temp-allocator-size-cloud-worker=32768"
    "memorysetup-temp-allocator-size-gi-baking-worker=262144"
    "memorysetup-temp-allocator-size-gi-baking-worker=262144"
    "memorysetup-temp-allocator-size-gi-baking-worker=262144"
    "memorysetup-temp-allocator-size-gi-baking-worker=262144"
    "memorysetup-temp-allocator-size-gi-baking-worker=262144"
    "memorysetup-temp-allocator-size-gfx=262144"
Player connection [17060]  Target information:

Player connection [17060]  * "[IP] 10.1.34.82 [Port] 0 [Flags] 2 [Guid] 1857372497 [EditorId] 1857372497 [Version] 1048832 [Id] WindowsEditor(7,350-35) [Debug] 1 [PackageName] WindowsEditor [ProjectName] Editor" 

Player connection [17060]  * "[IP] 192.168.56.1 [Port] 0 [Flags] 2 [Guid] 1857372497 [EditorId] 1857372497 [Version] 1048832 [Id] WindowsEditor(7,350-35) [Debug] 1 [PackageName] WindowsEditor [ProjectName] Editor" 

Player connection [17060]  * "[IP] 172.26.208.1 [Port] 0 [Flags] 2 [Guid] 1857372497 [EditorId] 1857372497 [Version] 1048832 [Id] WindowsEditor(7,350-35) [Debug] 1 [PackageName] WindowsEditor [ProjectName] Editor" 

Player connection [17060] Host joined multi-casting on [225.0.0.222:54997]...
Player connection [17060] Host joined alternative multi-casting on [225.0.0.222:34997]...
JobSystem: Creating JobQueue using job-worker-count value 9
Input System module state changed to: Initialized.
[Physics::Module] Initialized fallback backend.
[Physics::Module] Id: 0xdecafbad
Library Redirect Path: Library/
[Physics::Module] Selected backend.
[Physics::Module] Name: PhysX
[Physics::Module] Id: 0xf2b8ea05
[Physics::Module] SDK Version: 4.1.2
[Physics::Module] Integration Version: 1.0.0
[Physics::Module] Threading Mode: Multi-Threaded
Refreshing native plugins compatible for Editor in 8.46 ms, found 3 plugins.
Preloading 0 native plugins for Editor in 0.00 ms.
Initialize engine version: 6000.0.38f1 (82314a941f2d)
[Subsystems] Discovering subsystems at path C:/Program Files/Unity 6000.0.38f1/Editor/Data/Resources/UnitySubsystems
[Subsystems] Discovering subsystems at path C:/Users/25027188/Desktop/Projeto3-main/FunFairAdventures/Assets
GfxDevice: creating device client; kGfxThreadingModeNonThreaded
Direct3D:
    Version:  Direct3D 11.0 [level 11.1]
    Renderer: Intel(R) UHD Graphics 770 (ID=0x4680)
    Vendor:   Intel
    VRAM:     3940 MB
    Driver:   32.0.101.6078
Initialize mono
Mono path[0] = 'C:/Program Files/Unity 6000.0.38f1/Editor/Data/Managed'
Mono path[1] = 'C:/Program Files/Unity 6000.0.38f1/Editor/Data/MonoBleedingEdge/lib/mono/unityjit-win32'
Mono config path = 'C:/Program Files/Unity 6000.0.38f1/Editor/Data/MonoBleedingEdge/etc'
Using monoOptions --debugger-agent=transport=dt_socket,embedding=1,server=y,suspend=n,address=127.0.0.1:56292
Begin MonoManager ReloadAssembly
Registering precompiled unity dll's ...
Register platform support module: C:/Program Files/Unity 6000.0.38f1/Editor/Data/PlaybackEngines/WebGLSupport/UnityEditor.WebGL.Extensions.dll
Register platform support module: C:/Program Files/Unity 6000.0.38f1/Editor/Data/PlaybackEngines/VisionOSPlayer/UnityEditor.VisionOS.Extensions.dll
Register platform support module: C:/Program Files/Unity 6000.0.38f1/Editor/Data/PlaybackEngines/WindowsStandaloneSupport/UnityEditor.WindowsStandalone.Extensions.dll
Register platform support module: C:/Program Files/Unity 6000.0.38f1/Editor/Data/PlaybackEngines/MetroSupport/UnityEditor.UWP.Extensions.dll
Register platform support module: C:/Program Files/Unity 6000.0.38f1/Editor/Data/PlaybackEngines/AndroidPlayer/UnityEditor.Android.Extensions.dll
Register platform support module: C:/Program Files/Unity 6000.0.38f1/Editor/Data/PlaybackEngines/iOSSupport/UnityEditor.iOS.Extensions.dll
Register platform support module: C:/Program Files/Unity 6000.0.38f1/Editor/Data/PlaybackEngines/LinuxStandaloneSupport/UnityEditor.LinuxStandalone.Extensions.dll
Registered in 0.027246 seconds.
- Loaded All Assemblies, in  0.762 seconds
Native extension for LinuxStandalone target not found
[usbmuxd] Start listen thread
[usbmuxd] Listen thread started
Native extension for iOS target not found
Native extension for Android target not found
Native extension for UWP target not found
Native extension for WindowsStandalone target not found
Failed to load: C:/Program Files/Unity 6000.0.38f1/Editor/Data/PlaybackEngines/VisionOSPlayer\x64\UnityEditor.VisionOS.Native.dll
Native extension for VisionOS target not found
Native extension for WebGL target not found
Mono: successfully reloaded assembly
- Finished resetting the current domain, in  0.771 seconds
Domain Reload Profiling: 1528ms
	BeginReloadAssembly (298ms)
		ExecutionOrderSort (0ms)
		DisableScriptedObjects (0ms)
		BackupInstance (0ms)
		ReleaseScriptingObjects (0ms)
		CreateAndSetChildDomain (2ms)
	RebuildCommonClasses (71ms)
	RebuildNativeTypeToScriptingClass (23ms)
	initialDomainReloadingComplete (122ms)
	LoadAllAssembliesAndSetupDomain (242ms)
		LoadAssemblies (294ms)
		RebuildTransferFunctionScriptingTraits (0ms)
		AnalyzeDomain (235ms)
			TypeCache.Refresh (233ms)
				TypeCache.ScanAssembly (214ms)
			BuildScriptInfoCaches (0ms)
			ResolveRequiredComponents (1ms)
	FinalizeReload (772ms)
		ReleaseScriptCaches (0ms)
		RebuildScriptCaches (0ms)
		SetupLoadedEditorAssemblies (699ms)
			LogAssemblyErrors (0ms)
			InitializePlatformSupportModulesInManaged (219ms)
			SetLoadedEditorAssemblies (8ms)
			BeforeProcessingInitializeOnLoad (107ms)
			ProcessInitializeOnLoadAttributes (242ms)
			ProcessInitializeOnLoadMethodAttributes (124ms)
			AfterProcessingInitializeOnLoad (0ms)
			EditorAssembliesLoaded (0ms)
		ExecutionOrderSort2 (0ms)
		AwakeInstancesAfterBackupRestoration (0ms)
========================================================================
Worker process is ready to serve import requests
Import Worker Mode flag is 0x00
Begin MonoManager ReloadAssembly
- Loaded All Assemblies, in  1.856 seconds
Refreshing native plugins compatible for Editor in 1.54 ms, found 3 plugins.
Native extension for LinuxStandalone target not found
Native extension for iOS target not found
Native extension for Android target not found
Native extension for UWP target not found
Native extension for WindowsStandalone target not found
Failed to load: C:/Program Files/Unity 6000.0.38f1/Editor/Data/PlaybackEngines/VisionOSPlayer\x64\UnityEditor.VisionOS.Native.dll
Native extension for VisionOS target not found
Native extension for WebGL target not found
Mono: successfully reloaded assembly
- Finished resetting the current domain, in  1.165 seconds
Domain Reload Profiling: 3012ms
	BeginReloadAssembly (366ms)
		ExecutionOrderSort (0ms)
		DisableScriptedObjects (13ms)
		BackupInstance (0ms)
		ReleaseScriptingObjects (0ms)
		CreateAndSetChildDomain (64ms)
	RebuildCommonClasses (64ms)
	RebuildNativeTypeToScriptingClass (21ms)
	initialDomainReloadingComplete (78ms)
	LoadAllAssembliesAndSetupDomain (1316ms)
		LoadAssemblies (984ms)
		RebuildTransferFunctionScriptingTraits (0ms)
		AnalyzeDomain (525ms)
			TypeCache.Refresh (421ms)
				TypeCache.ScanAssembly (382ms)
			BuildScriptInfoCaches (83ms)
			ResolveRequiredComponents (17ms)
	FinalizeReload (1166ms)
		ReleaseScriptCaches (0ms)
		RebuildScriptCaches (0ms)
		SetupLoadedEditorAssemblies (937ms)
			LogAssemblyErrors (0ms)
			InitializePlatformSupportModulesInManaged (50ms)
			SetLoadedEditorAssemblies (6ms)
			BeforeProcessingInitializeOnLoad (189ms)
			ProcessInitializeOnLoadAttributes (549ms)
			ProcessInitializeOnLoadMethodAttributes (134ms)
			AfterProcessingInitializeOnLoad (9ms)
			EditorAssembliesLoaded (0ms)
		ExecutionOrderSort2 (0ms)
		AwakeInstancesAfterBackupRestoration (9ms)
Launched and connected shader compiler UnityShaderCompiler.exe after 0.01 seconds
Refreshing native plugins compatible for Editor in 1.45 ms, found 3 plugins.
Preloading 0 native plugins for Editor in 0.00 ms.
Unloading 213 Unused Serialized files (Serialized files now loaded: 0)
Unloading 5961 unused Assets / (5.0 MB). Loaded Objects now: 6683.
Memory consumption went from 176.8 MB to 171.8 MB.
Total: 16.449300 ms (FindLiveObjects: 1.978400 ms CreateObjectMapping: 0.625500 ms MarkObjects: 8.922200 ms  DeleteObjects: 4.919800 ms)

========================================================================
Received Import Request.
  Time since last request: 8104.294265 seconds.
  path: Assets/Pasta carros/OBJ format/wheel-tractor-dark-back.obj
  artifactKey: Guid(4b64cbfd21381ac4eb44838d37f0527d) Importer(815301076,1909f56bfc062723c751e8b465ee728b)
Start importing Assets/Pasta carros/OBJ format/wheel-tractor-dark-back.obj using Guid(4b64cbfd21381ac4eb44838d37f0527d) Importer(815301076,1909f56bfc062723c751e8b465ee728b) (PreviewImporter) -> (artifact id: '6334cc59e0c28de3640c04c3a9ffb8dc') in 0.9297659 seconds
Number of updated asset objects reloaded before import = 0Number of asset objects unloaded after import = 11

========================================================================
Received Import Request.
  Time since last request: 3792.979357 seconds.
  path: Assets/Assets Cidade/Models/FBX format/building-type-b.fbx
  artifactKey: Guid(edb0ede41c4a21b45b5ecc03756db40f) Importer(815301076,1909f56bfc062723c751e8b465ee728b)
Start importing Assets/Assets Cidade/Models/FBX format/building-type-b.fbx using Guid(edb0ede41c4a21b45b5ecc03756db40f) Importer(815301076,1909f56bfc062723c751e8b465ee728b) (PreviewImporter) -> (artifact id: 'bc1ae5dad90efd15596a08f045af9558') in 0.0520841 seconds
Number of updated asset objects reloaded before import = 0Number of asset objects unloaded after import = 9

========================================================================
Received Import Request.
  Time since last request: 0.000055 seconds.
  path: Assets/Assets Cidade/Models/FBX format/building-type-p.fbx
  artifactKey: Guid(1dc544b95e02080429232f3a9a391c28) Importer(815301076,1909f56bfc062723c751e8b465ee728b)
Start importing Assets/Assets Cidade/Models/FBX format/building-type-p.fbx using Guid(1dc544b95e02080429232f3a9a391c28) Importer(815301076,1909f56bfc062723c751e8b465ee728b) (PreviewImporter) -> (artifact id: 'b9f46bebedbd7bc9a7ee9fa9ac6a6562') in 0.0607636 seconds
Number of updated asset objects reloaded before import = 0Number of asset objects unloaded after import = 9

========================================================================
Received Import Request.
  Time since last request: 0.000041 seconds.
  path: Assets/Assets Cidade/Models/FBX format/fence-1x4.fbx
  artifactKey: Guid(0adabf35737c3e940a8767ac640fb0ce) Importer(815301076,1909f56bfc062723c751e8b465ee728b)
Start importing Assets/Assets Cidade/Models/FBX format/fence-1x4.fbx using Guid(0adabf35737c3e940a8767ac640fb0ce) Importer(815301076,1909f56bfc062723c751e8b465ee728b) (PreviewImporter) -> (artifact id: '2f6e6e0a8d02b5e14d62319da505e3bc') in 0.048877 seconds
Number of updated asset objects reloaded before import = 0Number of asset objects unloaded after import = 9

========================================================================
Received Import Request.
  Time since last request: 0.000049 seconds.
  path: Assets/Assets Cidade/Models/FBX format/building-type-o.fbx
  artifactKey: Guid(11e9f68b79e5d2c47b3e3ff33f0478bc) Importer(815301076,1909f56bfc062723c751e8b465ee728b)
Start importing Assets/Assets Cidade/Models/FBX format/building-type-o.fbx using Guid(11e9f68b79e5d2c47b3e3ff33f0478bc) Importer(815301076,1909f56bfc062723c751e8b465ee728b) (PreviewImporter) -> (artifact id: 'db9a06adaf6b9a0a824383f3f106ecc2') in 0.0436191 seconds
Number of updated asset objects reloaded before import = 0Number of asset objects unloaded after import = 9

========================================================================
Received Import Request.
  Time since last request: 0.000040 seconds.
  path: Assets/Assets Cidade/Models/FBX format/fence.fbx
  artifactKey: Guid(665dfde0bd1b5e845a64764b3f26b121) Importer(815301076,1909f56bfc062723c751e8b465ee728b)
Start importing Assets/Assets Cidade/Models/FBX format/fence.fbx using Guid(665dfde0bd1b5e845a64764b3f26b121) Importer(815301076,1909f56bfc062723c751e8b465ee728b) (PreviewImporter) -> (artifact id: '1bd04b3c2d853da9ee407dcf1e8a47e1') in 0.0380614 seconds
Number of updated asset objects reloaded before import = 0Number of asset objects unloaded after import = 9

========================================================================
Received Import Request.
  Time since last request: 0.000043 seconds.
  path: Assets/Assets Cidade/Models/FBX format/building-type-t.fbx
  artifactKey: Guid(e24f54f462595d84a910ca033b0149be) Importer(815301076,1909f56bfc062723c751e8b465ee728b)
Start importing Assets/Assets Cidade/Models/FBX format/building-type-t.fbx using Guid(e24f54f462595d84a910ca033b0149be) Importer(815301076,1909f56bfc062723c751e8b465ee728b) (PreviewImporter) -> (artifact id: '767306034a6e4d3647c53ec7ac541cdc') in 0.0520645 seconds
Number of updated asset objects reloaded before import = 0Number of asset objects unloaded after import = 9

========================================================================
Received Import Request.
  Time since last request: 0.000051 seconds.
  path: Assets/Assets Cidade/Models/FBX format/building-type-k.fbx
  artifactKey: Guid(cf63828f415a03c4c9cbcb125439fd18) Importer(815301076,1909f56bfc062723c751e8b465ee728b)
Start importing Assets/Assets Cidade/Models/FBX format/building-type-k.fbx using Guid(cf63828f415a03c4c9cbcb125439fd18) Importer(815301076,1909f56bfc062723c751e8b465ee728b) (PreviewImporter) -> (artifact id: 'ee251aa8dead20281b3bbc31df89812e') in 0.0448932 seconds
Number of updated asset objects reloaded before import = 0Number of asset objects unloaded after import = 9

========================================================================
Received Import Request.
  Time since last request: 0.000066 seconds.
  path: Assets/Assets Cidade/Models/FBX format/building-type-e.fbx
  artifactKey: Guid(ea3e1e82cdb8acc4bbc2748dd354ffbb) Importer(815301076,1909f56bfc062723c751e8b465ee728b)
Start importing Assets/Assets Cidade/Models/FBX format/building-type-e.fbx using Guid(ea3e1e82cdb8acc4bbc2748dd354ffbb) Importer(815301076,1909f56bfc062723c751e8b465ee728b) (PreviewImporter) -> (artifact id: 'fae64d1baa12a7feb71500c4bce79e54') in 0.0628879 seconds
Number of updated asset objects reloaded before import = 0Number of asset objects unloaded after import = 9

========================================================================
Received Import Request.
  Time since last request: 0.000040 seconds.
  path: Assets/Assets Cidade/Models/FBX format/building-type-r.fbx
  artifactKey: Guid(1cd8a118dbd5f9f4ba3536960be5da2e) Importer(815301076,1909f56bfc062723c751e8b465ee728b)
Start importing Assets/Assets Cidade/Models/FBX format/building-type-r.fbx using Guid(1cd8a118dbd5f9f4ba3536960be5da2e) Importer(815301076,1909f56bfc062723c751e8b465ee728b) (PreviewImporter) -> (artifact id: '7e697cac13d2fa6d21a24697dbe09c62') in 0.0358818 seconds
Number of updated asset objects reloaded before import = 0Number of asset objects unloaded after import = 9

========================================================================
Received Import Request.
  Time since last request: 0.000076 seconds.
  path: Assets/Assets Cidade/Models/FBX format/building-type-m.fbx
  artifactKey: Guid(c609944f66d2c5846a82ead7aceb4ec3) Importer(815301076,1909f56bfc062723c751e8b465ee728b)
Start importing Assets/Assets Cidade/Models/FBX format/building-type-m.fbx using Guid(c609944f66d2c5846a82ead7aceb4ec3) Importer(815301076,1909f56bfc062723c751e8b465ee728b) (PreviewImporter) -> (artifact id: 'bbce2d226f6aee86279bb13af4dd0560') in 0.050787 seconds
Number of updated asset objects reloaded before import = 0Number of asset objects unloaded after import = 9

========================================================================
Received Import Request.
  Time since last request: 0.000075 seconds.
  path: Assets/Assets Cidade/Models/FBX format/building-type-n.fbx
  artifactKey: Guid(882175bf55e082b42a877c089acbc0e7) Importer(815301076,1909f56bfc062723c751e8b465ee728b)
Start importing Assets/Assets Cidade/Models/FBX format/building-type-n.fbx using Guid(882175bf55e082b42a877c089acbc0e7) Importer(815301076,1909f56bfc062723c751e8b465ee728b) (PreviewImporter) -> (artifact id: '9a1649c06b6e8a1232de574d1ff5f707') in 0.0474186 seconds
Number of updated asset objects reloaded before import = 0Number of asset objects unloaded after import = 9

========================================================================
Received Import Request.
  Time since last request: 0.000064 seconds.
  path: Assets/Assets Cidade/Models/FBX format/building-type-g.fbx
  artifactKey: Guid(7538333dd826b2b42b1a1a7958f86008) Importer(815301076,1909f56bfc062723c751e8b465ee728b)
Start importing Assets/Assets Cidade/Models/FBX format/building-type-g.fbx using Guid(7538333dd826b2b42b1a1a7958f86008) Importer(815301076,1909f56bfc062723c751e8b465ee728b) (PreviewImporter) -> (artifact id: 'e88104b1fc2427a065dc4d4be5ad9053') in 0.0480128 seconds
Number of updated asset objects reloaded before import = 0Number of asset objects unloaded after import = 9

========================================================================
Received Import Request.
  Time since last request: 0.000048 seconds.
  path: Assets/Assets Cidade/Models/FBX format/building-type-l.fbx
  artifactKey: Guid(08c054ff96a364e4585f449ca381e3a6) Importer(815301076,1909f56bfc062723c751e8b465ee728b)
Start importing Assets/Assets Cidade/Models/FBX format/building-type-l.fbx using Guid(08c054ff96a364e4585f449ca381e3a6) Importer(815301076,1909f56bfc062723c751e8b465ee728b) (PreviewImporter) -> (artifact id: 'b438ce6279d4f15c6eb1daf6f5770038') in 0.0483305 seconds
Number of updated asset objects reloaded before import = 0Number of asset objects unloaded after import = 9

========================================================================
Received Import Request.
  Time since last request: 0.000057 seconds.
  path: Assets/Assets Cidade/Models/FBX format/building-type-h.fbx
  artifactKey: Guid(d8b81df8ec6e5884f8ef34a6cb0ea912) Importer(815301076,1909f56bfc062723c751e8b465ee728b)
Start importing Assets/Assets Cidade/Models/FBX format/building-type-h.fbx using Guid(d8b81df8ec6e5884f8ef34a6cb0ea912) Importer(815301076,1909f56bfc062723c751e8b465ee728b) (PreviewImporter) -> (artifact id: '8a34f747c335c0ede4e5f455b1ad2a31') in 0.0420154 seconds
Number of updated asset objects reloaded before import = 0Number of asset objects unloaded after import = 9

========================================================================
Received Import Request.
  Time since last request: 0.000049 seconds.
  path: Assets/Assets Cidade/Models/FBX format/path-stones-short.fbx
  artifactKey: Guid(e90484e69412b3a47b6d3cb3b660b0a8) Importer(815301076,1909f56bfc062723c751e8b465ee728b)
Start importing Assets/Assets Cidade/Models/FBX format/path-stones-short.fbx using Guid(e90484e69412b3a47b6d3cb3b660b0a8) Importer(815301076,1909f56bfc062723c751e8b465ee728b) (PreviewImporter) -> (artifact id: 'ed8cc3db78cbd762eb5567a009d41da1') in 0.0548461 seconds
Number of updated asset objects reloaded before import = 0Number of asset objects unloaded after import = 9

========================================================================
Received Import Request.
  Time since last request: 0.000164 seconds.
  path: Assets/Assets Cidade/Models/FBX format/path-short.fbx
  artifactKey: Guid(5d1312396e9798f4aace15f834998dfa) Importer(815301076,1909f56bfc062723c751e8b465ee728b)
Start importing Assets/Assets Cidade/Models/FBX format/path-short.fbx using Guid(5d1312396e9798f4aace15f834998dfa) Importer(815301076,1909f56bfc062723c751e8b465ee728b) (PreviewImporter) -> (artifact id: '6ea1e9b7c8883684d5be54e8b389c0d6') in 0.0434297 seconds
Number of updated asset objects reloaded before import = 0Number of asset objects unloaded after import = 9

========================================================================
Received Import Request.
  Time since last request: 0.000143 seconds.
  path: Assets/Assets Cidade/Models/FBX format/path-long.fbx
  artifactKey: Guid(8d3756f4388172e418b9c32e17dec29e) Importer(815301076,1909f56bfc062723c751e8b465ee728b)
Start importing Assets/Assets Cidade/Models/FBX format/path-long.fbx using Guid(8d3756f4388172e418b9c32e17dec29e) Importer(815301076,1909f56bfc062723c751e8b465ee728b) (PreviewImporter) -> (artifact id: '526e930b4483c6caa334629b79f2cec7') in 0.0410753 seconds
Number of updated asset objects reloaded before import = 0Number of asset objects unloaded after import = 9

========================================================================
Received Import Request.
  Time since last request: 0.000041 seconds.
  path: Assets/Assets Cidade/Models/FBX format/path-stones-long.fbx
  artifactKey: Guid(e903a51367ede734dbf84112dd94f0cd) Importer(815301076,1909f56bfc062723c751e8b465ee728b)
Start importing Assets/Assets Cidade/Models/FBX format/path-stones-long.fbx using Guid(e903a51367ede734dbf84112dd94f0cd) Importer(815301076,1909f56bfc062723c751e8b465ee728b) (PreviewImporter) -> (artifact id: '38722b5adcd4eaab111955a73ec7fc92') in 0.0371234 seconds
Number of updated asset objects reloaded before import = 0Number of asset objects unloaded after import = 9

========================================================================
Received Import Request.
  Time since last request: 0.000077 seconds.
  path: Assets/Assets Cidade/Models/FBX format/fence-3x3.fbx
  artifactKey: Guid(1e71d823d68ca564c82f0d99f050954a) Importer(815301076,1909f56bfc062723c751e8b465ee728b)
Start importing Assets/Assets Cidade/Models/FBX format/fence-3x3.fbx using Guid(1e71d823d68ca564c82f0d99f050954a) Importer(815301076,1909f56bfc062723c751e8b465ee728b) (PreviewImporter) -> (artifact id: '0aaa7759f7018132940482c4fedc8fdf') in 0.057748 seconds
Number of updated asset objects reloaded before import = 0Number of asset objects unloaded after import = 9

========================================================================
Received Import Request.
  Time since last request: 0.000046 seconds.
  path: Assets/Assets Cidade/Models/FBX format/tree-large.fbx
  artifactKey: Guid(ef191f32812321f458d94f919014b50c) Importer(815301076,1909f56bfc062723c751e8b465ee728b)
Start importing Assets/Assets Cidade/Models/FBX format/tree-large.fbx using Guid(ef191f32812321f458d94f919014b50c) Importer(815301076,1909f56bfc062723c751e8b465ee728b) (PreviewImporter) -> (artifact id: 'd70fd1860f11223be51992948b40b727') in 0.051198 seconds
Number of updated asset objects reloaded before import = 0Number of asset objects unloaded after import = 9

========================================================================
Received Import Request.
  Time since last request: 15.207569 seconds.
  path: Assets/Assets Cidade/Models/OBJ format/building-type-c.obj
  artifactKey: Guid(809486aff46b9b84387afd9991a67f1a) Importer(815301076,1909f56bfc062723c751e8b465ee728b)
Start importing Assets/Assets Cidade/Models/OBJ format/building-type-c.obj using Guid(809486aff46b9b84387afd9991a67f1a) Importer(815301076,1909f56bfc062723c751e8b465ee728b) (PreviewImporter) -> (artifact id: 'a97e4fba7450a8259363f1a5c5246ee0') in 0.0619185 seconds
Number of updated asset objects reloaded before import = 0Number of asset objects unloaded after import = 11

========================================================================
Received Import Request.
  Time since last request: 0.000050 seconds.
  path: Assets/Assets Cidade/Models/OBJ format/building-type-k.obj
  artifactKey: Guid(b11614a53d6566644bd84ffdac8a2f80) Importer(815301076,1909f56bfc062723c751e8b465ee728b)
Start importing Assets/Assets Cidade/Models/OBJ format/building-type-k.obj using Guid(b11614a53d6566644bd84ffdac8a2f80) Importer(815301076,1909f56bfc062723c751e8b465ee728b) (PreviewImporter) -> (artifact id: '9f6898982b398b92663900dd1710bd21') in 0.060596 seconds
Number of updated asset objects reloaded before import = 0Number of asset objects unloaded after import = 11

========================================================================
Received Import Request.
  Time since last request: 0.000074 seconds.
  path: Assets/Assets Cidade/Models/OBJ format/building-type-g.obj
  artifactKey: Guid(f91cff105f0c5b34d9cb4ec59bdcdb53) Importer(815301076,1909f56bfc062723c751e8b465ee728b)
Start importing Assets/Assets Cidade/Models/OBJ format/building-type-g.obj using Guid(f91cff105f0c5b34d9cb4ec59bdcdb53) Importer(815301076,1909f56bfc062723c751e8b465ee728b) (PreviewImporter) -> (artifact id: '153399eace43d8e9b1d206801a278ce3') in 0.0580955 seconds
Number of updated asset objects reloaded before import = 0Number of asset objects unloaded after import = 11

========================================================================
Received Import Request.
  Time since last request: 0.000039 seconds.
  path: Assets/Assets Cidade/Models/OBJ format/building-type-n.obj
  artifactKey: Guid(fffa12a271e3e3044a0f1d1ca09568fe) Importer(815301076,1909f56bfc062723c751e8b465ee728b)
Start importing Assets/Assets Cidade/Models/OBJ format/building-type-n.obj using Guid(fffa12a271e3e3044a0f1d1ca09568fe) Importer(815301076,1909f56bfc062723c751e8b465ee728b) (PreviewImporter) -> (artifact id: '5307ca99dc7e80194d813b095540dd3a') in 0.0642047 seconds
Number of updated asset objects reloaded before import = 0Number of asset objects unloaded after import = 11

========================================================================
Received Import Request.
  Time since last request: 0.000048 seconds.
  path: Assets/Assets Cidade/Models/OBJ format/building-type-o.obj
  artifactKey: Guid(7416d7307f829ae42833d3790320f626) Importer(815301076,1909f56bfc062723c751e8b465ee728b)
Start importing Assets/Assets Cidade/Models/OBJ format/building-type-o.obj using Guid(7416d7307f829ae42833d3790320f626) Importer(815301076,1909f56bfc062723c751e8b465ee728b) (PreviewImporter) -> (artifact id: 'fc3de8a49558414ed5bb11450b287a79') in 0.063261 seconds
Number of updated asset objects reloaded before import = 0Number of asset objects unloaded after import = 11

========================================================================
Received Import Request.
  Time since last request: 0.000064 seconds.
  path: Assets/Assets Cidade/Models/OBJ format/building-type-i.obj
  artifactKey: Guid(535a9ef6922a11b40902bcb472e9bbde) Importer(815301076,1909f56bfc062723c751e8b465ee728b)
Start importing Assets/Assets Cidade/Models/OBJ format/building-type-i.obj using Guid(535a9ef6922a11b40902bcb472e9bbde) Importer(815301076,1909f56bfc062723c751e8b465ee728b) (PreviewImporter) -> (artifact id: 'b13b1baa08a6050937151035c13fee5a') in 0.0589861 seconds
Number of updated asset objects reloaded before import = 0Number of asset objects unloaded after import = 11

========================================================================
Received Import Request.
  Time since last request: 1.709991 seconds.
  path: Assets/Assets Cidade/Models/OBJ format/building-type-r.obj
  artifactKey: Guid(1f39beb160cfafa43a70da15d3a924cb) Importer(815301076,1909f56bfc062723c751e8b465ee728b)
Start importing Assets/Assets Cidade/Models/OBJ format/building-type-r.obj using Guid(1f39beb160cfafa43a70da15d3a924cb) Importer(815301076,1909f56bfc062723c751e8b465ee728b) (PreviewImporter) -> (artifact id: 'cb45390a6bd0b600ef496579455168db') in 0.0806115 seconds
Number of updated asset objects reloaded before import = 0Number of asset objects unloaded after import = 11

========================================================================
Received Import Request.
  Time since last request: 1.039272 seconds.
  path: Assets/Assets Cidade/Models/OBJ format/driveway-short.obj
  artifactKey: Guid(83fb76d655af0b54180718a410fd7d32) Importer(815301076,1909f56bfc062723c751e8b465ee728b)
Start importing Assets/Assets Cidade/Models/OBJ format/driveway-short.obj using Guid(83fb76d655af0b54180718a410fd7d32) Importer(815301076,1909f56bfc062723c751e8b465ee728b) (PreviewImporter) -> (artifact id: 'd84e11fe7e3a25f12e3b3de20194b0a7') in 0.0561243 seconds
Number of updated asset objects reloaded before import = 0Number of asset objects unloaded after import = 11

========================================================================
Received Import Request.
  Time since last request: 0.549941 seconds.
  path: Assets/Assets Cidade/Models/OBJ format/fence-2x2.obj
  artifactKey: Guid(ee53e77723f8e2f4c93f626c3bd568f4) Importer(815301076,1909f56bfc062723c751e8b465ee728b)
Start importing Assets/Assets Cidade/Models/OBJ format/fence-2x2.obj using Guid(ee53e77723f8e2f4c93f626c3bd568f4) Importer(815301076,1909f56bfc062723c751e8b465ee728b) (PreviewImporter) -> (artifact id: '64ed0b1bfb736b6278bee92590f3d0d0') in 0.0594843 seconds
Number of updated asset objects reloaded before import = 0Number of asset objects unloaded after import = 11

========================================================================
Received Import Request.
  Time since last request: 0.570242 seconds.
  path: Assets/Assets Cidade/Models/OBJ format/path-long.obj
  artifactKey: Guid(4e1395c52d542224eb97339d09f65136) Importer(815301076,1909f56bfc062723c751e8b465ee728b)
Start importing Assets/Assets Cidade/Models/OBJ format/path-long.obj using Guid(4e1395c52d542224eb97339d09f65136) Importer(815301076,1909f56bfc062723c751e8b465ee728b) (PreviewImporter) -> (artifact id: '8ef643972c794444cfb6e8ad12f03f5c') in 0.0563665 seconds
Number of updated asset objects reloaded before import = 0Number of asset objects unloaded after import = 11

========================================================================
Received Import Request.
  Time since last request: 0.342712 seconds.
  path: Assets/Assets Cidade/Models/OBJ format/planter.obj
  artifactKey: Guid(7ae156efb68ce664789b214e0718cf08) Importer(815301076,1909f56bfc062723c751e8b465ee728b)
Start importing Assets/Assets Cidade/Models/OBJ format/planter.obj using Guid(7ae156efb68ce664789b214e0718cf08) Importer(815301076,1909f56bfc062723c751e8b465ee728b) (PreviewImporter) -> (artifact id: '32771e78dd158a94f8b94a7c4df658f7') in 0.0519393 seconds
Number of updated asset objects reloaded before import = 0Number of asset objects unloaded after import = 11

Editor requested this worker to shutdown with reason: Scaling down because of idle timeout
AssetImportWorker is now disconnected from the server
Process exiting
Exiting without the bug reporter. Application will terminate with return code 0